This is pdfTeX, Version 3.141592653-2.6-1.40.25 (TeX Live 2023/Arch Linux) (preloaded format=pdflatex 2023.7.4)  15 JUL 2023 13:25
entering extended mode
 restricted \write18 enabled.
 %&-line parsing enabled.
**slides_amelieTesis.tex
(./slides_amelieTesis.tex
LaTeX2e <2022-11-01> patch level 1
L3 programming layer <2023-02-22>
(/usr/share/texmf-dist/tex/latex/beamer/beamer.cls
Document Class: beamer 2023/02/20 v3.69 A class for typesetting presentations
(/usr/share/texmf-dist/tex/latex/beamer/beamerbasemodes.sty
(/usr/share/texmf-dist/tex/latex/etoolbox/etoolbox.sty
Package: etoolbox 2020/10/05 v2.5k e-TeX tools for LaTeX (JAW)
\etb@tempcnta=\count185
)
\beamer@tempbox=\box51
\beamer@tempcount=\count186
\c@beamerpauses=\count187

(/usr/share/texmf-dist/tex/latex/beamer/beamerbasedecode.sty
\beamer@slideinframe=\count188
\beamer@minimum=\count189
\beamer@decode@box=\box52
)
\beamer@commentbox=\box53
\beamer@modecount=\count190
)
(/usr/share/texmf-dist/tex/generic/iftex/iftex.sty
Package: iftex 2022/02/03 v1.0f TeX engine tests
)
\headdp=\dimen140
\footheight=\dimen141
\sidebarheight=\dimen142
\beamer@tempdim=\dimen143
\beamer@finalheight=\dimen144
\beamer@animht=\dimen145
\beamer@animdp=\dimen146
\beamer@animwd=\dimen147
\beamer@leftmargin=\dimen148
\beamer@rightmargin=\dimen149
\beamer@leftsidebar=\dimen150
\beamer@rightsidebar=\dimen151
\beamer@boxsize=\dimen152
\beamer@vboxoffset=\dimen153
\beamer@descdefault=\dimen154
\beamer@descriptionwidth=\dimen155
\beamer@lastskip=\skip48
\beamer@areabox=\box54
\beamer@animcurrent=\box55
\beamer@animshowbox=\box56
\beamer@sectionbox=\box57
\beamer@logobox=\box58
\beamer@linebox=\box59
\beamer@sectioncount=\count191
\beamer@subsubsectionmax=\count192
\beamer@subsectionmax=\count193
\beamer@sectionmax=\count194
\beamer@totalheads=\count195
\beamer@headcounter=\count196
\beamer@partstartpage=\count197
\beamer@sectionstartpage=\count198
\beamer@subsectionstartpage=\count199
\beamer@animationtempa=\count266
\beamer@animationtempb=\count267
\beamer@xpos=\count268
\beamer@ypos=\count269
\beamer@ypos@offset=\count270
\beamer@showpartnumber=\count271
\beamer@currentsubsection=\count272
\beamer@coveringdepth=\count273
\beamer@sectionadjust=\count274
\beamer@toclastsection=\count275
\beamer@tocsectionnumber=\count276

(/usr/share/texmf-dist/tex/latex/beamer/beamerbaseoptions.sty
(/usr/share/texmf-dist/tex/latex/graphics/keyval.sty
Package: keyval 2022/05/29 v1.15 key=value parser (DPC)
\KV@toks@=\toks16
))
\beamer@paperwidth=\skip49
\beamer@paperheight=\skip50

(/usr/share/texmf-dist/tex/latex/geometry/geometry.sty
Package: geometry 2020/01/02 v5.9 Page Geometry

(/usr/share/texmf-dist/tex/generic/iftex/ifvtex.sty
Package: ifvtex 2019/10/25 v1.7 ifvtex legacy package. Use iftex instead.
)
\Gm@cnth=\count277
\Gm@cntv=\count278
\c@Gm@tempcnt=\count279
\Gm@bindingoffset=\dimen156
\Gm@wd@mp=\dimen157
\Gm@odd@mp=\dimen158
\Gm@even@mp=\dimen159
\Gm@layoutwidth=\dimen160
\Gm@layoutheight=\dimen161
\Gm@layouthoffset=\dimen162
\Gm@layoutvoffset=\dimen163
\Gm@dimlist=\toks17
)
(/usr/share/texmf-dist/tex/latex/pgf/math/pgfmath.sty
(/usr/share/texmf-dist/tex/latex/pgf/utilities/pgfrcs.sty
(/usr/share/texmf-dist/tex/generic/pgf/utilities/pgfutil-common.tex
\pgfutil@everybye=\toks18
\pgfutil@tempdima=\dimen164
\pgfutil@tempdimb=\dimen165
)
(/usr/share/texmf-dist/tex/generic/pgf/utilities/pgfutil-latex.def
\pgfutil@abb=\box60
)
(/usr/share/texmf-dist/tex/generic/pgf/utilities/pgfrcs.code.tex
(/usr/share/texmf-dist/tex/generic/pgf/pgf.revision.tex)
Package: pgfrcs 2023-01-15 v3.1.10 (3.1.10)
))
(/usr/share/texmf-dist/tex/latex/pgf/utilities/pgfkeys.sty
(/usr/share/texmf-dist/tex/generic/pgf/utilities/pgfkeys.code.tex
\pgfkeys@pathtoks=\toks19
\pgfkeys@temptoks=\toks20

(/usr/share/texmf-dist/tex/generic/pgf/utilities/pgfkeyslibraryfiltered.code.te
x
\pgfkeys@tmptoks=\toks21
))) (/usr/share/texmf-dist/tex/generic/pgf/math/pgfmath.code.tex
(/usr/share/texmf-dist/tex/generic/pgf/math/pgfmathutil.code.tex
\pgf@x=\dimen166
\pgf@xa=\dimen167
\pgf@xb=\dimen168
\pgf@xc=\dimen169
\pgf@y=\dimen170
\pgf@ya=\dimen171
\pgf@yb=\dimen172
\pgf@yc=\dimen173
\c@pgf@counta=\count280
\c@pgf@countb=\count281
\c@pgf@countc=\count282
\c@pgf@countd=\count283
)
(/usr/share/texmf-dist/tex/generic/pgf/math/pgfmathparser.code.tex
\pgfmath@dimen=\dimen174
\pgfmath@count=\count284
\pgfmath@box=\box61
\pgfmath@toks=\toks22
\pgfmath@stack@operand=\toks23
\pgfmath@stack@operation=\toks24
)
(/usr/share/texmf-dist/tex/generic/pgf/math/pgfmathfunctions.code.tex)
(/usr/share/texmf-dist/tex/generic/pgf/math/pgfmathfunctions.basic.code.tex)
(/usr/share/texmf-dist/tex/generic/pgf/math/pgfmathfunctions.trigonometric.code
.tex)
(/usr/share/texmf-dist/tex/generic/pgf/math/pgfmathfunctions.random.code.tex)
(/usr/share/texmf-dist/tex/generic/pgf/math/pgfmathfunctions.comparison.code.te
x) (/usr/share/texmf-dist/tex/generic/pgf/math/pgfmathfunctions.base.code.tex)
(/usr/share/texmf-dist/tex/generic/pgf/math/pgfmathfunctions.round.code.tex)
(/usr/share/texmf-dist/tex/generic/pgf/math/pgfmathfunctions.misc.code.tex)
(/usr/share/texmf-dist/tex/generic/pgf/math/pgfmathfunctions.integerarithmetics
.code.tex) (/usr/share/texmf-dist/tex/generic/pgf/math/pgfmathcalc.code.tex)
(/usr/share/texmf-dist/tex/generic/pgf/math/pgfmathfloat.code.tex
\c@pgfmathroundto@lastzeros=\count285
)))
(/usr/share/texmf-dist/tex/latex/base/size11.clo
File: size11.clo 2022/07/02 v1.4n Standard LaTeX file (size option)
)
(/usr/share/texmf-dist/tex/latex/pgf/basiclayer/pgfcore.sty
(/usr/share/texmf-dist/tex/latex/graphics/graphicx.sty
Package: graphicx 2021/09/16 v1.2d Enhanced LaTeX Graphics (DPC,SPQR)

(/usr/share/texmf-dist/tex/latex/graphics/graphics.sty
Package: graphics 2022/03/10 v1.4e Standard LaTeX Graphics (DPC,SPQR)

(/usr/share/texmf-dist/tex/latex/graphics/trig.sty
Package: trig 2021/08/11 v1.11 sin cos tan (DPC)
)
(/usr/share/texmf-dist/tex/latex/graphics-cfg/graphics.cfg
File: graphics.cfg 2016/06/04 v1.11 sample graphics configuration
)
Package graphics Info: Driver file: pdftex.def on input line 107.

(/usr/share/texmf-dist/tex/latex/graphics-def/pdftex.def
File: pdftex.def 2022/09/22 v1.2b Graphics/color driver for pdftex
))
\Gin@req@height=\dimen175
\Gin@req@width=\dimen176
)
(/usr/share/texmf-dist/tex/latex/pgf/systemlayer/pgfsys.sty
(/usr/share/texmf-dist/tex/generic/pgf/systemlayer/pgfsys.code.tex
Package: pgfsys 2023-01-15 v3.1.10 (3.1.10)
\pgf@x=\dimen177
\pgf@y=\dimen178
\pgf@xa=\dimen179
\pgf@ya=\dimen180
\pgf@xb=\dimen181
\pgf@yb=\dimen182
\pgf@xc=\dimen183
\pgf@yc=\dimen184
\pgf@xd=\dimen185
\pgf@yd=\dimen186
\w@pgf@writea=\write3
\r@pgf@reada=\read2
\c@pgf@counta=\count286
\c@pgf@countb=\count287
\c@pgf@countc=\count288
\c@pgf@countd=\count289
\t@pgf@toka=\toks25
\t@pgf@tokb=\toks26
\t@pgf@tokc=\toks27
\pgf@sys@id@count=\count290

(/usr/share/texmf-dist/tex/generic/pgf/systemlayer/pgf.cfg
File: pgf.cfg 2023-01-15 v3.1.10 (3.1.10)
)
Driver file for pgf: pgfsys-pdftex.def

(/usr/share/texmf-dist/tex/generic/pgf/systemlayer/pgfsys-pdftex.def
File: pgfsys-pdftex.def 2023-01-15 v3.1.10 (3.1.10)

(/usr/share/texmf-dist/tex/generic/pgf/systemlayer/pgfsys-common-pdf.def
File: pgfsys-common-pdf.def 2023-01-15 v3.1.10 (3.1.10)
)))
(/usr/share/texmf-dist/tex/generic/pgf/systemlayer/pgfsyssoftpath.code.tex
File: pgfsyssoftpath.code.tex 2023-01-15 v3.1.10 (3.1.10)
\pgfsyssoftpath@smallbuffer@items=\count291
\pgfsyssoftpath@bigbuffer@items=\count292
)
(/usr/share/texmf-dist/tex/generic/pgf/systemlayer/pgfsysprotocol.code.tex
File: pgfsysprotocol.code.tex 2023-01-15 v3.1.10 (3.1.10)
))
(/usr/share/texmf-dist/tex/latex/xcolor/xcolor.sty
Package: xcolor 2022/06/12 v2.14 LaTeX color extensions (UK)

(/usr/share/texmf-dist/tex/latex/graphics-cfg/color.cfg
File: color.cfg 2016/01/02 v1.6 sample color configuration
)
Package xcolor Info: Driver file: pdftex.def on input line 227.

(/usr/share/texmf-dist/tex/latex/graphics/mathcolor.ltx)
Package xcolor Info: Model `cmy' substituted by `cmy0' on input line 1353.
Package xcolor Info: Model `hsb' substituted by `rgb' on input line 1357.
Package xcolor Info: Model `RGB' extended on input line 1369.
Package xcolor Info: Model `HTML' substituted by `rgb' on input line 1371.
Package xcolor Info: Model `Hsb' substituted by `hsb' on input line 1372.
Package xcolor Info: Model `tHsb' substituted by `hsb' on input line 1373.
Package xcolor Info: Model `HSB' substituted by `hsb' on input line 1374.
Package xcolor Info: Model `Gray' substituted by `gray' on input line 1375.
Package xcolor Info: Model `wave' substituted by `hsb' on input line 1376.
)
(/usr/share/texmf-dist/tex/generic/pgf/basiclayer/pgfcore.code.tex
Package: pgfcore 2023-01-15 v3.1.10 (3.1.10)

(/usr/share/texmf-dist/tex/generic/pgf/math/pgfint.code.tex)
(/usr/share/texmf-dist/tex/generic/pgf/basiclayer/pgfcorepoints.code.tex
File: pgfcorepoints.code.tex 2023-01-15 v3.1.10 (3.1.10)
\pgf@picminx=\dimen187
\pgf@picmaxx=\dimen188
\pgf@picminy=\dimen189
\pgf@picmaxy=\dimen190
\pgf@pathminx=\dimen191
\pgf@pathmaxx=\dimen192
\pgf@pathminy=\dimen193
\pgf@pathmaxy=\dimen194
\pgf@xx=\dimen195
\pgf@xy=\dimen196
\pgf@yx=\dimen197
\pgf@yy=\dimen198
\pgf@zx=\dimen199
\pgf@zy=\dimen256
)
(/usr/share/texmf-dist/tex/generic/pgf/basiclayer/pgfcorepathconstruct.code.tex
File: pgfcorepathconstruct.code.tex 2023-01-15 v3.1.10 (3.1.10)
\pgf@path@lastx=\dimen257
\pgf@path@lasty=\dimen258
) (/usr/share/texmf-dist/tex/generic/pgf/basiclayer/pgfcorepathusage.code.tex
File: pgfcorepathusage.code.tex 2023-01-15 v3.1.10 (3.1.10)
\pgf@shorten@end@additional=\dimen259
\pgf@shorten@start@additional=\dimen260
)
(/usr/share/texmf-dist/tex/generic/pgf/basiclayer/pgfcorescopes.code.tex
File: pgfcorescopes.code.tex 2023-01-15 v3.1.10 (3.1.10)
\pgfpic=\box62
\pgf@hbox=\box63
\pgf@layerbox@main=\box64
\pgf@picture@serial@count=\count293
)
(/usr/share/texmf-dist/tex/generic/pgf/basiclayer/pgfcoregraphicstate.code.tex
File: pgfcoregraphicstate.code.tex 2023-01-15 v3.1.10 (3.1.10)
\pgflinewidth=\dimen261
)
(/usr/share/texmf-dist/tex/generic/pgf/basiclayer/pgfcoretransformations.code.t
ex
File: pgfcoretransformations.code.tex 2023-01-15 v3.1.10 (3.1.10)
\pgf@pt@x=\dimen262
\pgf@pt@y=\dimen263
\pgf@pt@temp=\dimen264
) (/usr/share/texmf-dist/tex/generic/pgf/basiclayer/pgfcorequick.code.tex
File: pgfcorequick.code.tex 2023-01-15 v3.1.10 (3.1.10)
)
(/usr/share/texmf-dist/tex/generic/pgf/basiclayer/pgfcoreobjects.code.tex
File: pgfcoreobjects.code.tex 2023-01-15 v3.1.10 (3.1.10)
)
(/usr/share/texmf-dist/tex/generic/pgf/basiclayer/pgfcorepathprocessing.code.te
x
File: pgfcorepathprocessing.code.tex 2023-01-15 v3.1.10 (3.1.10)
) (/usr/share/texmf-dist/tex/generic/pgf/basiclayer/pgfcorearrows.code.tex
File: pgfcorearrows.code.tex 2023-01-15 v3.1.10 (3.1.10)
\pgfarrowsep=\dimen265
)
(/usr/share/texmf-dist/tex/generic/pgf/basiclayer/pgfcoreshade.code.tex
File: pgfcoreshade.code.tex 2023-01-15 v3.1.10 (3.1.10)
\pgf@max=\dimen266
\pgf@sys@shading@range@num=\count294
\pgf@shadingcount=\count295
)
(/usr/share/texmf-dist/tex/generic/pgf/basiclayer/pgfcoreimage.code.tex
File: pgfcoreimage.code.tex 2023-01-15 v3.1.10 (3.1.10)
)
(/usr/share/texmf-dist/tex/generic/pgf/basiclayer/pgfcoreexternal.code.tex
File: pgfcoreexternal.code.tex 2023-01-15 v3.1.10 (3.1.10)
\pgfexternal@startupbox=\box65
)
(/usr/share/texmf-dist/tex/generic/pgf/basiclayer/pgfcorelayers.code.tex
File: pgfcorelayers.code.tex 2023-01-15 v3.1.10 (3.1.10)
)
(/usr/share/texmf-dist/tex/generic/pgf/basiclayer/pgfcoretransparency.code.tex
File: pgfcoretransparency.code.tex 2023-01-15 v3.1.10 (3.1.10)
) (/usr/share/texmf-dist/tex/generic/pgf/basiclayer/pgfcorepatterns.code.tex
File: pgfcorepatterns.code.tex 2023-01-15 v3.1.10 (3.1.10)
)
(/usr/share/texmf-dist/tex/generic/pgf/basiclayer/pgfcorerdf.code.tex
File: pgfcorerdf.code.tex 2023-01-15 v3.1.10 (3.1.10)
)))
(/usr/share/texmf-dist/tex/latex/pgf/utilities/xxcolor.sty
Package: xxcolor 2003/10/24 ver 0.1
\XC@nummixins=\count296
\XC@countmixins=\count297
)
(/usr/share/texmf-dist/tex/latex/base/atbegshi-ltx.sty
Package: atbegshi-ltx 2021/01/10 v1.0c Emulation of the original atbegshi
package with kernel methods
)
(/usr/share/texmf-dist/tex/latex/hyperref/hyperref.sty
Package: hyperref 2023-02-07 v7.00v Hypertext links for LaTeX

(/usr/share/texmf-dist/tex/generic/ltxcmds/ltxcmds.sty
Package: ltxcmds 2020-05-10 v1.25 LaTeX kernel commands for general use (HO)
)
(/usr/share/texmf-dist/tex/generic/pdftexcmds/pdftexcmds.sty
Package: pdftexcmds 2020-06-27 v0.33 Utility functions of pdfTeX for LuaTeX (HO
)

(/usr/share/texmf-dist/tex/generic/infwarerr/infwarerr.sty
Package: infwarerr 2019/12/03 v1.5 Providing info/warning/error messages (HO)
)
Package pdftexcmds Info: \pdf@primitive is available.
Package pdftexcmds Info: \pdf@ifprimitive is available.
Package pdftexcmds Info: \pdfdraftmode found.
)
(/usr/share/texmf-dist/tex/latex/kvsetkeys/kvsetkeys.sty
Package: kvsetkeys 2022-10-05 v1.19 Key value parser (HO)
)
(/usr/share/texmf-dist/tex/generic/kvdefinekeys/kvdefinekeys.sty
Package: kvdefinekeys 2019-12-19 v1.6 Define keys (HO)
)
(/usr/share/texmf-dist/tex/generic/pdfescape/pdfescape.sty
Package: pdfescape 2019/12/09 v1.15 Implements pdfTeX's escape features (HO)
)
(/usr/share/texmf-dist/tex/latex/hycolor/hycolor.sty
Package: hycolor 2020-01-27 v1.10 Color options for hyperref/bookmark (HO)
)
(/usr/share/texmf-dist/tex/latex/letltxmacro/letltxmacro.sty
Package: letltxmacro 2019/12/03 v1.6 Let assignment for LaTeX macros (HO)
)
(/usr/share/texmf-dist/tex/latex/auxhook/auxhook.sty
Package: auxhook 2019-12-17 v1.6 Hooks for auxiliary files (HO)
)
(/usr/share/texmf-dist/tex/latex/hyperref/nameref.sty
Package: nameref 2022-05-17 v2.50 Cross-referencing by name of section

(/usr/share/texmf-dist/tex/latex/refcount/refcount.sty
Package: refcount 2019/12/15 v3.6 Data extraction from label references (HO)
)
(/usr/share/texmf-dist/tex/generic/gettitlestring/gettitlestring.sty
Package: gettitlestring 2019/12/15 v1.6 Cleanup title references (HO)

(/usr/share/texmf-dist/tex/latex/kvoptions/kvoptions.sty
Package: kvoptions 2022-06-15 v3.15 Key value format for package options (HO)
))
\c@section@level=\count298
)
\@linkdim=\dimen267
\Hy@linkcounter=\count299
\Hy@pagecounter=\count300

(/usr/share/texmf-dist/tex/latex/hyperref/pd1enc.def
File: pd1enc.def 2023-02-07 v7.00v Hyperref: PDFDocEncoding definition (HO)
Now handling font encoding PD1 ...
... no UTF-8 mapping file for font encoding PD1
)
(/usr/share/texmf-dist/tex/generic/intcalc/intcalc.sty
Package: intcalc 2019/12/15 v1.3 Expandable calculations with integers (HO)
)
(/usr/share/texmf-dist/tex/generic/etexcmds/etexcmds.sty
Package: etexcmds 2019/12/15 v1.7 Avoid name clashes with e-TeX commands (HO)
)
\Hy@SavedSpaceFactor=\count301

(/usr/share/texmf-dist/tex/latex/hyperref/puenc.def
File: puenc.def 2023-02-07 v7.00v Hyperref: PDF Unicode definition (HO)
Now handling font encoding PU ...
... no UTF-8 mapping file for font encoding PU
)
Package hyperref Info: Option `bookmarks' set `true' on input line 4060.
Package hyperref Info: Option `bookmarksopen' set `true' on input line 4060.
Package hyperref Info: Option `implicit' set `false' on input line 4060.
Package hyperref Info: Hyper figures OFF on input line 4177.
Package hyperref Info: Link nesting OFF on input line 4182.
Package hyperref Info: Hyper index ON on input line 4185.
Package hyperref Info: Plain pages OFF on input line 4192.
Package hyperref Info: Backreferencing OFF on input line 4197.
Package hyperref Info: Implicit mode OFF; no redefinition of LaTeX internals.
Package hyperref Info: Bookmarks ON on input line 4425.
\c@Hy@tempcnt=\count302

(/usr/share/texmf-dist/tex/latex/url/url.sty
\Urlmuskip=\muskip16
Package: url 2013/09/16  ver 3.4  Verb mode for urls, etc.
)
LaTeX Info: Redefining \url on input line 4763.
\XeTeXLinkMargin=\dimen268

(/usr/share/texmf-dist/tex/generic/bitset/bitset.sty
Package: bitset 2019/12/09 v1.3 Handle bit-vector datatype (HO)

(/usr/share/texmf-dist/tex/generic/bigintcalc/bigintcalc.sty
Package: bigintcalc 2019/12/15 v1.5 Expandable calculations on big integers (HO
)
))
\Fld@menulength=\count303
\Field@Width=\dimen269
\Fld@charsize=\dimen270
Package hyperref Info: Hyper figures OFF on input line 6042.
Package hyperref Info: Link nesting OFF on input line 6047.
Package hyperref Info: Hyper index ON on input line 6050.
Package hyperref Info: backreferencing OFF on input line 6057.
Package hyperref Info: Link coloring OFF on input line 6062.
Package hyperref Info: Link coloring with OCG OFF on input line 6067.
Package hyperref Info: PDF/A mode OFF on input line 6072.
\Hy@abspage=\count304


Package hyperref Message: Stopped early.

)
Package hyperref Info: Driver (autodetected): hpdftex.
 (/usr/share/texmf-dist/tex/latex/hyperref/hpdftex.def
File: hpdftex.def 2023-02-07 v7.00v Hyperref driver for pdfTeX

(/usr/share/texmf-dist/tex/latex/base/atveryend-ltx.sty
Package: atveryend-ltx 2020/08/19 v1.0a Emulation of the original atveryend pac
kage
with kernel methods
)
\Fld@listcount=\count305
\c@bookmark@seq@number=\count306

(/usr/share/texmf-dist/tex/latex/rerunfilecheck/rerunfilecheck.sty
Package: rerunfilecheck 2022-07-10 v1.10 Rerun checks for auxiliary files (HO)

(/usr/share/texmf-dist/tex/generic/uniquecounter/uniquecounter.sty
Package: uniquecounter 2019/12/15 v1.4 Provide unlimited unique counter (HO)
)
Package uniquecounter Info: New unique counter `rerunfilecheck' on input line 2
85.
))
(/usr/share/texmf-dist/tex/latex/beamer/beamerbaserequires.sty
(/usr/share/texmf-dist/tex/latex/beamer/beamerbasecompatibility.sty)
(/usr/share/texmf-dist/tex/latex/beamer/beamerbasefont.sty
(/usr/share/texmf-dist/tex/latex/amsfonts/amssymb.sty
Package: amssymb 2013/01/14 v3.01 AMS font symbols

(/usr/share/texmf-dist/tex/latex/amsfonts/amsfonts.sty
Package: amsfonts 2013/01/14 v3.01 Basic AMSFonts support
\@emptytoks=\toks28
\symAMSa=\mathgroup4
\symAMSb=\mathgroup5
LaTeX Font Info:    Redeclaring math symbol \hbar on input line 98.
LaTeX Font Info:    Overwriting math alphabet `\mathfrak' in version `bold'
(Font)                  U/euf/m/n --> U/euf/b/n on input line 106.
))
(/usr/share/texmf-dist/tex/latex/sansmathaccent/sansmathaccent.sty
Package: sansmathaccent 2020/01/31

(/usr/share/texmf-dist/tex/latex/koma-script/scrlfile.sty
Package: scrlfile 2022/10/12 v3.38 KOMA-Script package (file load hooks)

(/usr/share/texmf-dist/tex/latex/koma-script/scrlfile-hook.sty
Package: scrlfile-hook 2022/10/12 v3.38 KOMA-Script package (using LaTeX hooks)


(/usr/share/texmf-dist/tex/latex/koma-script/scrlogo.sty
Package: scrlogo 2022/10/12 v3.38 KOMA-Script package (logo)
)))))
(/usr/share/texmf-dist/tex/latex/beamer/beamerbasetranslator.sty
(/usr/share/texmf-dist/tex/latex/translator/translator.sty
Package: translator 2021-05-31 v1.12d Easy translation of strings in LaTeX
))
(/usr/share/texmf-dist/tex/latex/beamer/beamerbasemisc.sty)
(/usr/share/texmf-dist/tex/latex/beamer/beamerbasetwoscreens.sty)
(/usr/share/texmf-dist/tex/latex/beamer/beamerbaseoverlay.sty
\beamer@argscount=\count307
\beamer@lastskipcover=\skip51
\beamer@trivlistdepth=\count308
)
(/usr/share/texmf-dist/tex/latex/beamer/beamerbasetitle.sty)
(/usr/share/texmf-dist/tex/latex/beamer/beamerbasesection.sty
\c@lecture=\count309
\c@part=\count310
\c@section=\count311
\c@subsection=\count312
\c@subsubsection=\count313
)
(/usr/share/texmf-dist/tex/latex/beamer/beamerbaseframe.sty
\beamer@framebox=\box66
\beamer@frametitlebox=\box67
\beamer@zoombox=\box68
\beamer@zoomcount=\count314
\beamer@zoomframecount=\count315
\beamer@frametextheight=\dimen271
\c@subsectionslide=\count316
\beamer@frametopskip=\skip52
\beamer@framebottomskip=\skip53
\beamer@frametopskipautobreak=\skip54
\beamer@framebottomskipautobreak=\skip55
\beamer@envbody=\toks29
\framewidth=\dimen272
\c@framenumber=\count317
)
(/usr/share/texmf-dist/tex/latex/beamer/beamerbaseverbatim.sty
\beamer@verbatimfileout=\write4
)
(/usr/share/texmf-dist/tex/latex/beamer/beamerbaseframesize.sty
\beamer@splitbox=\box69
\beamer@autobreakcount=\count318
\beamer@autobreaklastheight=\dimen273
\beamer@frametitletoks=\toks30
\beamer@framesubtitletoks=\toks31
)
(/usr/share/texmf-dist/tex/latex/beamer/beamerbaseframecomponents.sty
\beamer@footins=\box70
)
(/usr/share/texmf-dist/tex/latex/beamer/beamerbasecolor.sty)
(/usr/share/texmf-dist/tex/latex/beamer/beamerbasenotes.sty
\beamer@frameboxcopy=\box71
)
(/usr/share/texmf-dist/tex/latex/beamer/beamerbasetoc.sty)
(/usr/share/texmf-dist/tex/latex/beamer/beamerbasetemplates.sty
\beamer@sbttoks=\toks32

(/usr/share/texmf-dist/tex/latex/beamer/beamerbaseauxtemplates.sty
(/usr/share/texmf-dist/tex/latex/beamer/beamerbaseboxes.sty
\bmb@box=\box72
\bmb@colorbox=\box73
\bmb@boxwidth=\dimen274
\bmb@boxheight=\dimen275
\bmb@prevheight=\dimen276
\bmb@temp=\dimen277
\bmb@dima=\dimen278
\bmb@dimb=\dimen279
\bmb@prevheight=\dimen280
)
\beamer@blockheadheight=\dimen281
))
(/usr/share/texmf-dist/tex/latex/beamer/beamerbaselocalstructure.sty
(/usr/share/texmf-dist/tex/latex/tools/enumerate.sty
Package: enumerate 2015/07/23 v3.00 enumerate extensions (DPC)
\@enLab=\toks33
)
\beamer@bibiconwidth=\skip56
\c@figure=\count319
\c@table=\count320
\abovecaptionskip=\skip57
\belowcaptionskip=\skip58
)
(/usr/share/texmf-dist/tex/latex/beamer/beamerbasenavigation.sty
(/usr/share/texmf-dist/tex/latex/beamer/beamerbasenavigationsymbols.tex)
\beamer@section@min@dim=\dimen282
)
(/usr/share/texmf-dist/tex/latex/beamer/beamerbasetheorems.sty
(/usr/share/texmf-dist/tex/latex/amsmath/amsmath.sty
Package: amsmath 2022/04/08 v2.17n AMS math features
\@mathmargin=\skip59

For additional information on amsmath, use the `?' option.
(/usr/share/texmf-dist/tex/latex/amsmath/amstext.sty
Package: amstext 2021/08/26 v2.01 AMS text

(/usr/share/texmf-dist/tex/latex/amsmath/amsgen.sty
File: amsgen.sty 1999/11/30 v2.0 generic functions
\@emptytoks=\toks34
\ex@=\dimen283
))
(/usr/share/texmf-dist/tex/latex/amsmath/amsbsy.sty
Package: amsbsy 1999/11/29 v1.2d Bold Symbols
\pmbraise@=\dimen284
)
(/usr/share/texmf-dist/tex/latex/amsmath/amsopn.sty
Package: amsopn 2022/04/08 v2.04 operator names
)
\inf@bad=\count321
LaTeX Info: Redefining \frac on input line 234.
\uproot@=\count322
\leftroot@=\count323
LaTeX Info: Redefining \overline on input line 399.
LaTeX Info: Redefining \colon on input line 410.
\classnum@=\count324
\DOTSCASE@=\count325
LaTeX Info: Redefining \ldots on input line 496.
LaTeX Info: Redefining \dots on input line 499.
LaTeX Info: Redefining \cdots on input line 620.
\Mathstrutbox@=\box74
\strutbox@=\box75
LaTeX Info: Redefining \big on input line 722.
LaTeX Info: Redefining \Big on input line 723.
LaTeX Info: Redefining \bigg on input line 724.
LaTeX Info: Redefining \Bigg on input line 725.
\big@size=\dimen285
LaTeX Font Info:    Redeclaring font encoding OML on input line 743.
LaTeX Font Info:    Redeclaring font encoding OMS on input line 744.
\macc@depth=\count326
LaTeX Info: Redefining \bmod on input line 905.
LaTeX Info: Redefining \pmod on input line 910.
LaTeX Info: Redefining \smash on input line 940.
LaTeX Info: Redefining \relbar on input line 970.
LaTeX Info: Redefining \Relbar on input line 971.
\c@MaxMatrixCols=\count327
\dotsspace@=\muskip17
\c@parentequation=\count328
\dspbrk@lvl=\count329
\tag@help=\toks35
\row@=\count330
\column@=\count331
\maxfields@=\count332
\andhelp@=\toks36
\eqnshift@=\dimen286
\alignsep@=\dimen287
\tagshift@=\dimen288
\tagwidth@=\dimen289
\totwidth@=\dimen290
\lineht@=\dimen291
\@envbody=\toks37
\multlinegap=\skip60
\multlinetaggap=\skip61
\mathdisplay@stack=\toks38
LaTeX Info: Redefining \[ on input line 2953.
LaTeX Info: Redefining \] on input line 2954.
)
(/usr/share/texmf-dist/tex/latex/amscls/amsthm.sty
Package: amsthm 2020/05/29 v2.20.6
\thm@style=\toks39
\thm@bodyfont=\toks40
\thm@headfont=\toks41
\thm@notefont=\toks42
\thm@headpunct=\toks43
\thm@preskip=\skip62
\thm@postskip=\skip63
\thm@headsep=\skip64
\dth@everypar=\toks44
)
\c@theorem=\count333
)
(/usr/share/texmf-dist/tex/latex/beamer/beamerbasethemes.sty))
(/usr/share/texmf-dist/tex/latex/beamer/beamerthemedefault.sty
(/usr/share/texmf-dist/tex/latex/beamer/beamerfontthemedefault.sty)
(/usr/share/texmf-dist/tex/latex/beamer/beamercolorthemedefault.sty)
(/usr/share/texmf-dist/tex/latex/beamer/beamerinnerthemedefault.sty
\beamer@dima=\dimen292
\beamer@dimb=\dimen293
)
(/usr/share/texmf-dist/tex/latex/beamer/beamerouterthemedefault.sty)))
(/usr/share/texmf-dist/tex/generic/babel/babel.sty
Package: babel 2023/02/13 3.86 The Babel package
\babel@savecnt=\count334
\U@D=\dimen294
\l@unhyphenated=\language3

(/usr/share/texmf-dist/tex/generic/babel/txtbabel.def)
\bbl@readstream=\read3
LaTeX Info: Redefining \textlatin on input line 4088.
\bbl@dirlevel=\count335
Package babel Info: You haven't specified a language as a class or package
(babel)             option. I'll load 'nil'. Reported on input line 4422.

(/usr/share/texmf-dist/tex/generic/babel/nil.ldf
Language: nil 2023/02/13 3.86 Nil language
\l@nil=\language4
))
(/usr/share/texmf-dist/tex/latex/mathtools/mathtools.sty
Package: mathtools 2022/06/29 v1.29 mathematical typesetting tools

(/usr/share/texmf-dist/tex/latex/tools/calc.sty
Package: calc 2017/05/25 v4.3 Infix arithmetic (KKT,FJ)
\calc@Acount=\count336
\calc@Bcount=\count337
\calc@Adimen=\dimen295
\calc@Bdimen=\dimen296
\calc@Askip=\skip65
\calc@Bskip=\skip66
LaTeX Info: Redefining \setlength on input line 80.
LaTeX Info: Redefining \addtolength on input line 81.
\calc@Ccount=\count338
\calc@Cskip=\skip67
)
(/usr/share/texmf-dist/tex/latex/mathtools/mhsetup.sty
Package: mhsetup 2021/03/18 v1.4 programming setup (MH)
)
\g_MT_multlinerow_int=\count339
\l_MT_multwidth_dim=\dimen297
\origjot=\skip68
\l_MT_shortvdotswithinadjustabove_dim=\dimen298
\l_MT_shortvdotswithinadjustbelow_dim=\dimen299
\l_MT_above_intertext_sep=\dimen300
\l_MT_below_intertext_sep=\dimen301
\l_MT_above_shortintertext_sep=\dimen302
\l_MT_below_shortintertext_sep=\dimen303
\xmathstrut@box=\box76
\xmathstrut@dim=\dimen304
)
(/usr/share/texmf-dist/tex/latex/tcolorbox/tcolorbox.sty
Package: tcolorbox 2023/02/12 version 6.0.1 text color boxes

(/usr/share/texmf-dist/tex/latex/pgf/basiclayer/pgf.sty
Package: pgf 2023-01-15 v3.1.10 (3.1.10)

(/usr/share/texmf-dist/tex/generic/pgf/modules/pgfmoduleshapes.code.tex
File: pgfmoduleshapes.code.tex 2023-01-15 v3.1.10 (3.1.10)
\pgfnodeparttextbox=\box77
)
(/usr/share/texmf-dist/tex/generic/pgf/modules/pgfmoduleplot.code.tex
File: pgfmoduleplot.code.tex 2023-01-15 v3.1.10 (3.1.10)
)
(/usr/share/texmf-dist/tex/latex/pgf/compatibility/pgfcomp-version-0-65.sty
Package: pgfcomp-version-0-65 2023-01-15 v3.1.10 (3.1.10)
\pgf@nodesepstart=\dimen305
\pgf@nodesepend=\dimen306
)
(/usr/share/texmf-dist/tex/latex/pgf/compatibility/pgfcomp-version-1-18.sty
Package: pgfcomp-version-1-18 2023-01-15 v3.1.10 (3.1.10)
))
(/usr/share/texmf-dist/tex/latex/tools/verbatim.sty
Package: verbatim 2022-07-02 v1.5u LaTeX2e package for verbatim enhancements
\every@verbatim=\toks45
\verbatim@line=\toks46
\verbatim@in@stream=\read4
)
(/usr/share/texmf-dist/tex/latex/environ/environ.sty
Package: environ 2014/05/04 v0.3 A new way to define environments

(/usr/share/texmf-dist/tex/latex/trimspaces/trimspaces.sty
Package: trimspaces 2009/09/17 v1.1 Trim spaces around a token list
))
\tcb@titlebox=\box78
\tcb@upperbox=\box79
\tcb@lowerbox=\box80
\tcb@phantombox=\box81
\c@tcbbreakpart=\count340
\c@tcblayer=\count341
\c@tcolorbox@number=\count342
\tcb@temp=\box82
\tcb@temp=\box83
\tcb@temp=\box84
\tcb@temp=\box85

(/usr/share/texmf-dist/tex/latex/tcolorbox/tcbraster.code.tex
Library (tcolorbox): 'tcbraster.code.tex' version '6.0.1'
\c@tcbrastercolumn=\count343
\c@tcbrasterrow=\count344
\c@tcbrasternum=\count345
\c@tcbraster=\count346
) (/usr/share/texmf-dist/tex/latex/tcolorbox/tcbskins.code.tex
Library (tcolorbox): 'tcbskins.code.tex' version '6.0.1'
(/usr/share/texmf-dist/tex/latex/pgf/frontendlayer/tikz.sty
(/usr/share/texmf-dist/tex/latex/pgf/utilities/pgffor.sty
(/usr/share/texmf-dist/tex/generic/pgf/utilities/pgffor.code.tex
Package: pgffor 2023-01-15 v3.1.10 (3.1.10)
\pgffor@iter=\dimen307
\pgffor@skip=\dimen308
\pgffor@stack=\toks47
\pgffor@toks=\toks48
))
(/usr/share/texmf-dist/tex/generic/pgf/frontendlayer/tikz/tikz.code.tex
Package: tikz 2023-01-15 v3.1.10 (3.1.10)

(/usr/share/texmf-dist/tex/generic/pgf/libraries/pgflibraryplothandlers.code.te
x
File: pgflibraryplothandlers.code.tex 2023-01-15 v3.1.10 (3.1.10)
\pgf@plot@mark@count=\count347
\pgfplotmarksize=\dimen309
)
\tikz@lastx=\dimen310
\tikz@lasty=\dimen311
\tikz@lastxsaved=\dimen312
\tikz@lastysaved=\dimen313
\tikz@lastmovetox=\dimen314
\tikz@lastmovetoy=\dimen315
\tikzleveldistance=\dimen316
\tikzsiblingdistance=\dimen317
\tikz@figbox=\box86
\tikz@figbox@bg=\box87
\tikz@tempbox=\box88
\tikz@tempbox@bg=\box89
\tikztreelevel=\count348
\tikznumberofchildren=\count349
\tikznumberofcurrentchild=\count350
\tikz@fig@count=\count351
 (/usr/share/texmf-dist/tex/generic/pgf/modules/pgfmodulematrix.code.tex
File: pgfmodulematrix.code.tex 2023-01-15 v3.1.10 (3.1.10)
\pgfmatrixcurrentrow=\count352
\pgfmatrixcurrentcolumn=\count353
\pgf@matrix@numberofcolumns=\count354
)
\tikz@expandcount=\count355

(/usr/share/texmf-dist/tex/generic/pgf/frontendlayer/tikz/libraries/tikzlibrary
topaths.code.tex
File: tikzlibrarytopaths.code.tex 2023-01-15 v3.1.10 (3.1.10)
)))
(/usr/share/texmf-dist/tex/latex/tikzfill/tikzfill.image.sty
Package: tikzfill.image 2022/07/20 v1.0.0 Image filling library for TikZ

(/usr/share/texmf-dist/tex/latex/tikzfill/tikzfill-common.sty
Package: tikzfill-common 2022/07/20 v1.0.0 Auxiliary code for tikzfill
)
(/usr/share/texmf-dist/tex/latex/tikzfill/tikzlibraryfill.image.code.tex
File: tikzlibraryfill.image.code.tex 2022/07/20 v1.0.0 Image filling library
\l__tikzfill_img_box=\box90
))
(/usr/share/texmf-dist/tex/latex/tcolorbox/tcbskinsjigsaw.code.tex
Library (tcolorbox): 'tcbskinsjigsaw.code.tex' version '6.0.1'
)) (/usr/share/texmf-dist/tex/latex/tcolorbox/tcbbreakable.code.tex
Library (tcolorbox): 'tcbbreakable.code.tex' version '6.0.1'
(/usr/share/texmf-dist/tex/latex/pdfcol/pdfcol.sty
Package: pdfcol 2022-09-21 v1.7 Handle new color stacks for pdfTeX (HO)
)
Package pdfcol Info: New color stack `tcb@breakable' = 1 on input line 23.
\tcb@testbox=\box91
\tcb@totalupperbox=\box92
\tcb@totallowerbox=\box93
)
(/usr/share/texmf-dist/tex/latex/tcolorbox/tcbhooks.code.tex
Library (tcolorbox): 'tcbhooks.code.tex' version '6.0.1'
) (/usr/share/texmf-dist/tex/latex/tcolorbox/tcbtheorems.code.tex
Library (tcolorbox): 'tcbtheorems.code.tex' version '6.0.1'
) (/usr/share/texmf-dist/tex/latex/tcolorbox/tcbfitting.code.tex
Library (tcolorbox): 'tcbfitting.code.tex' version '6.0.1'
\tcbfitdim=\dimen318
\tcb@lowerfitdim=\dimen319
\tcb@upperfitdim=\dimen320
\tcb@cur@hbadness=\count356
) (/usr/share/texmf-dist/tex/latex/tcolorbox/tcblistingsutf8.code.tex
Library (tcolorbox): 'tcblistingsutf8.code.tex' version '6.0.1'
(/usr/share/texmf-dist/tex/latex/tcolorbox/tcblistings.code.tex
Library (tcolorbox): 'tcblistings.code.tex' version '6.0.1'
(/usr/share/texmf-dist/tex/latex/listings/listings.sty
\lst@mode=\count357
\lst@gtempboxa=\box94
\lst@token=\toks49
\lst@length=\count358
\lst@currlwidth=\dimen321
\lst@column=\count359
\lst@pos=\count360
\lst@lostspace=\dimen322
\lst@width=\dimen323
\lst@newlines=\count361
\lst@lineno=\count362
\lst@maxwidth=\dimen324

(/usr/share/texmf-dist/tex/latex/listings/lstmisc.sty
File: lstmisc.sty 2023/02/27 1.9 (Carsten Heinz)
\c@lstnumber=\count363
\lst@skipnumbers=\count364
\lst@framebox=\box95
)
(/usr/share/texmf-dist/tex/latex/listings/listings.cfg
File: listings.cfg 2023/02/27 1.9 listings configuration
))
Package: listings 2023/02/27 1.9 (Carsten Heinz)

(/usr/share/texmf-dist/tex/latex/tcolorbox/tcblistingscore.code.tex
Library (tcolorbox): 'tcblistingscore.code.tex' version '6.0.1'
(/usr/share/texmf-dist/tex/latex/tcolorbox/tcbprocessing.code.tex
Library (tcolorbox): 'tcbprocessing.code.tex' version '6.0.1'
(/usr/share/texmf-dist/tex/latex/tools/shellesc.sty
Package: shellesc 2019/11/08 v1.0c unified shell escape interface for LaTeX
Package shellesc Info: Restricted shell escape enabled on input line 77.
))
\c@tcblisting=\count365
))
(/usr/share/texmf-dist/tex/latex/listingsutf8/listingsutf8.sty
Package: listingsutf8 2019-12-10 v1.5 Allow UTF-8 in listings input (HO)

(/usr/share/texmf-dist/tex/generic/stringenc/stringenc.sty
Package: stringenc 2019/11/29 v1.12 Convert strings between diff. encodings (HO
)
)))
(/usr/share/texmf-dist/tex/latex/tcolorbox/tcbexternal.code.tex
Library (tcolorbox): 'tcbexternal.code.tex' version '6.0.1'
) (/usr/share/texmf-dist/tex/latex/tcolorbox/tcbmagazine.code.tex
Library (tcolorbox): 'tcbmagazine.code.tex' version '6.0.1'
) (/usr/share/texmf-dist/tex/latex/tcolorbox/tcbvignette.code.tex
Library (tcolorbox): 'tcbvignette.code.tex' version '6.0.1'

(/usr/share/texmf-dist/tex/generic/pgf/frontendlayer/tikz/libraries/tikzlibrary
fadings.code.tex
File: tikzlibraryfadings.code.tex 2023-01-15 v3.1.10 (3.1.10)

(/usr/share/texmf-dist/tex/generic/pgf/libraries/pgflibraryfadings.code.tex
File: pgflibraryfadings.code.tex 2023-01-15 v3.1.10 (3.1.10)
)))
(/usr/share/texmf-dist/tex/latex/tcolorbox/tcbposter.code.tex
Library (tcolorbox): 'tcbposter.code.tex' version '6.0.1'
)) (/usr/share/texmf-dist/tex/latex/adjustbox/adjustbox.sty
Package: adjustbox 2022/10/17 v1.3a Adjusting TeX boxes (trim, clip, ...)

(/usr/share/texmf-dist/tex/latex/xkeyval/xkeyval.sty
Package: xkeyval 2022/06/16 v2.9 package option processing (HA)

(/usr/share/texmf-dist/tex/generic/xkeyval/xkeyval.tex
(/usr/share/texmf-dist/tex/generic/xkeyval/xkvutils.tex
\XKV@toks=\toks50
\XKV@tempa@toks=\toks51
)
\XKV@depth=\count366
File: xkeyval.tex 2014/12/03 v2.7a key=value parser (HA)
))
(/usr/share/texmf-dist/tex/latex/adjustbox/adjcalc.sty
Package: adjcalc 2012/05/16 v1.1 Provides advanced setlength with multiple back
-ends (calc, etex, pgfmath)
)
(/usr/share/texmf-dist/tex/latex/adjustbox/trimclip.sty
Package: trimclip 2020/08/19 v1.2 Trim and clip general TeX material

(/usr/share/texmf-dist/tex/latex/collectbox/collectbox.sty
Package: collectbox 2022/10/17 v0.4c Collect macro arguments as boxes
\collectedbox=\box96
)
\tc@llx=\dimen325
\tc@lly=\dimen326
\tc@urx=\dimen327
\tc@ury=\dimen328
Package trimclip Info: Using driver 'tc-pdftex.def'.

(/usr/share/texmf-dist/tex/latex/adjustbox/tc-pdftex.def
File: tc-pdftex.def 2019/01/04 v2.2 Clipping driver for pdftex
))
\adjbox@Width=\dimen329
\adjbox@Height=\dimen330
\adjbox@Depth=\dimen331
\adjbox@Totalheight=\dimen332
\adjbox@pwidth=\dimen333
\adjbox@pheight=\dimen334
\adjbox@pdepth=\dimen335
\adjbox@ptotalheight=\dimen336

(/usr/share/texmf-dist/tex/latex/ifoddpage/ifoddpage.sty
Package: ifoddpage 2022/10/18 v1.2 Conditionals for odd/even page detection
\c@checkoddpage=\count367
)
(/usr/share/texmf-dist/tex/latex/varwidth/varwidth.sty
Package: varwidth 2009/03/30 ver 0.92;  Variable-width minipages
\@vwid@box=\box97
\sift@deathcycles=\count368
\@vwid@loff=\dimen337
\@vwid@roff=\dimen338
))
(/usr/share/texmf-dist/tex/latex/thmbox/thmbox.sty
Package: thmbox 2005/04/24 v2.0 fancy theorem outlining
\thmbox@leftmargin=\dimen339
\thmbox@rightmargin=\dimen340
\thmbox@hskip=\dimen341
\thmbox@vskip=\dimen342
\thmbox@thickness=\dimen343
\thmbox@box=\box98
\thmbox@box@=\box99
\thmbox@dim=\dimen344
)
\c@teo=\count369
\c@lema=\count370
\c@prop=\count371
\c@obs=\count372
\c@dem=\count373
\c@cor=\count374
\c@defi=\count375
\c@ej=\count376
\c@notacion=\count377
\c@hip=\count378
\c@pregunta=\count379
\c@nota=\count380

(/usr/share/texmf-dist/tex/latex/biblatex/biblatex.sty
Package: biblatex 2023/03/05 v3.19 programmable bibliographies (PK/MW)

(/usr/share/texmf-dist/tex/latex/logreq/logreq.sty
Package: logreq 2010/08/04 v1.0 xml request logger
\lrq@indent=\count381

(/usr/share/texmf-dist/tex/latex/logreq/logreq.def
File: logreq.def 2010/08/04 v1.0 logreq spec v1.0
))
(/usr/share/texmf-dist/tex/latex/base/ifthen.sty
Package: ifthen 2022/04/13 v1.1d Standard LaTeX ifthen package (DPC)
)
\c@tabx@nest=\count382
\c@listtotal=\count383
\c@listcount=\count384
\c@liststart=\count385
\c@liststop=\count386
\c@citecount=\count387
\c@citetotal=\count388
\c@multicitecount=\count389
\c@multicitetotal=\count390
\c@instcount=\count391
\c@maxnames=\count392
\c@minnames=\count393
\c@maxitems=\count394
\c@minitems=\count395
\c@citecounter=\count396
\c@maxcitecounter=\count397
\c@savedcitecounter=\count398
\c@uniquelist=\count399
\c@uniquename=\count400
\c@refsection=\count401
\c@refsegment=\count402
\c@maxextratitle=\count403
\c@maxextratitleyear=\count404
\c@maxextraname=\count405
\c@maxextradate=\count406
\c@maxextraalpha=\count407
\c@abbrvpenalty=\count408
\c@highnamepenalty=\count409
\c@lownamepenalty=\count410
\c@maxparens=\count411
\c@parenlevel=\count412
\blx@tempcnta=\count413
\blx@tempcntb=\count414
\blx@tempcntc=\count415
\c@blx@maxsection=\count416
\blx@maxsegment@0=\count417
\blx@notetype=\count418
\blx@parenlevel@text=\count419
\blx@parenlevel@foot=\count420
\blx@sectionciteorder@0=\count421
\blx@sectionciteorderinternal@0=\count422
\blx@entrysetcounter=\count423
\blx@biblioinstance=\count424
\labelnumberwidth=\skip69
\labelalphawidth=\skip70
\biblabelsep=\skip71
\bibitemsep=\skip72
\bibnamesep=\skip73
\bibinitsep=\skip74
\bibparsep=\skip75
\bibhang=\skip76
\blx@bcfin=\read5
\blx@bcfout=\write5
\blx@langwohyphens=\language5
\c@mincomprange=\count425
\c@maxcomprange=\count426
\c@mincompwidth=\count427
Package biblatex Info: Trying to load biblatex default data model...
Package biblatex Info: ... file 'blx-dm.def' found.

(/usr/share/texmf-dist/tex/latex/biblatex/blx-dm.def
File: blx-dm.def 2023/03/05 v3.19 biblatex localization (PK/MW)
)
Package biblatex Info: Trying to load biblatex style data model...
Package biblatex Info: ... file 'alphabetic.dbx' not found.
Package biblatex Info: Trying to load biblatex custom data model...
Package biblatex Info: ... file 'biblatex-dm.cfg' not found.
\c@afterword=\count428
\c@savedafterword=\count429
\c@annotator=\count430
\c@savedannotator=\count431
\c@author=\count432
\c@savedauthor=\count433
\c@bookauthor=\count434
\c@savedbookauthor=\count435
\c@commentator=\count436
\c@savedcommentator=\count437
\c@editor=\count438
\c@savededitor=\count439
\c@editora=\count440
\c@savededitora=\count441
\c@editorb=\count442
\c@savededitorb=\count443
\c@editorc=\count444
\c@savededitorc=\count445
\c@foreword=\count446
\c@savedforeword=\count447
\c@holder=\count448
\c@savedholder=\count449
\c@introduction=\count450
\c@savedintroduction=\count451
\c@namea=\count452
\c@savednamea=\count453
\c@nameb=\count454
\c@savednameb=\count455
\c@namec=\count456
\c@savednamec=\count457
\c@translator=\count458
\c@savedtranslator=\count459
\c@shortauthor=\count460
\c@savedshortauthor=\count461
\c@shorteditor=\count462
\c@savedshorteditor=\count463
\c@labelname=\count464
\c@savedlabelname=\count465
\c@institution=\count466
\c@savedinstitution=\count467
\c@lista=\count468
\c@savedlista=\count469
\c@listb=\count470
\c@savedlistb=\count471
\c@listc=\count472
\c@savedlistc=\count473
\c@listd=\count474
\c@savedlistd=\count475
\c@liste=\count476
\c@savedliste=\count477
\c@listf=\count478
\c@savedlistf=\count479
\c@location=\count480
\c@savedlocation=\count481
\c@organization=\count482
\c@savedorganization=\count483
\c@origlocation=\count484
\c@savedoriglocation=\count485
\c@origpublisher=\count486
\c@savedorigpublisher=\count487
\c@publisher=\count488
\c@savedpublisher=\count489
\c@language=\count490
\c@savedlanguage=\count491
\c@origlanguage=\count492
\c@savedoriglanguage=\count493
\c@pageref=\count494
\c@savedpageref=\count495
\shorthandwidth=\skip77
\shortjournalwidth=\skip78
\shortserieswidth=\skip79
\shorttitlewidth=\skip80
\shortauthorwidth=\skip81
\shorteditorwidth=\skip82
\locallabelnumberwidth=\skip83
\locallabelalphawidth=\skip84
\localshorthandwidth=\skip85
\localshortjournalwidth=\skip86
\localshortserieswidth=\skip87
\localshorttitlewidth=\skip88
\localshortauthorwidth=\skip89
\localshorteditorwidth=\skip90
Package biblatex Info: Trying to load compatibility code...
Package biblatex Info: ... file 'blx-compat.def' found.

(/usr/share/texmf-dist/tex/latex/biblatex/blx-compat.def
File: blx-compat.def 2023/03/05 v3.19 biblatex compatibility (PK/MW)
)
Package biblatex Info: Trying to load BibTeX backend compatibility...
Package biblatex Info: ... file 'blx-bibtex.def' found.

(/usr/share/texmf-dist/tex/latex/biblatex/blx-bibtex.def
File: blx-bibtex.def 2023/03/05 v3.19 biblatex compatibility (PK/MW)


Package biblatex Warning: Using fall-back bibtex backend:
(biblatex)                functionality may be reduced/unavailable.

)
Package biblatex Info: Trying to load generic definitions...
Package biblatex Info: ... file 'biblatex.def' found.
 (/usr/share/texmf-dist/tex/latex/biblatex/biblatex.def
File: biblatex.def 2023/03/05 v3.19 biblatex compatibility (PK/MW)
\c@textcitecount=\count496
\c@textcitetotal=\count497
\c@textcitemaxnames=\count498
\c@biburlbigbreakpenalty=\count499
\c@biburlbreakpenalty=\count500
\c@biburlnumpenalty=\count501
\c@biburlucpenalty=\count502
\c@biburllcpenalty=\count503
\biburlbigskip=\muskip18
\biburlnumskip=\muskip19
\biburlucskip=\muskip20
\biburllcskip=\muskip21
\c@smartand=\count504
)
Package biblatex Info: Trying to load bibliography style 'alphabetic'...
Package biblatex Info: ... file 'alphabetic.bbx' found.

(/usr/share/texmf-dist/tex/latex/biblatex/bbx/alphabetic.bbx
File: alphabetic.bbx 2023/03/05 v3.19 biblatex bibliography style (PK/MW)
Package biblatex Info: Trying to load bibliography style 'standard'...
Package biblatex Info: ... file 'standard.bbx' found.

(/usr/share/texmf-dist/tex/latex/biblatex/bbx/standard.bbx
File: standard.bbx 2023/03/05 v3.19 biblatex bibliography style (PK/MW)
\c@bbx:relatedcount=\count505
\c@bbx:relatedtotal=\count506
))
Package biblatex Info: Trying to load citation style 'alphabetic'...
Package biblatex Info: ... file 'alphabetic.cbx' found.

(/usr/share/texmf-dist/tex/latex/biblatex/cbx/alphabetic.cbx
File: alphabetic.cbx 2023/03/05 v3.19 biblatex citation style (PK/MW)
Package biblatex Info: Redefining '\cite'.
Package biblatex Info: Redefining '\parencite'.
Package biblatex Info: Redefining '\footcite'.
Package biblatex Info: Redefining '\footcitetext'.
Package biblatex Info: Redefining '\smartcite'.
Package biblatex Info: Redefining '\textcite'.
Package biblatex Info: Redefining '\textcites'.
Package biblatex Info: Redefining '\cites'.
Package biblatex Info: Redefining '\parencites'.
Package biblatex Info: Redefining '\smartcites'.
)
Package biblatex Info: Trying to load configuration file...
Package biblatex Info: ... file 'biblatex.cfg' found.

(/usr/share/texmf-dist/tex/latex/biblatex/biblatex.cfg
File: biblatex.cfg 
)
Package biblatex Info: Input encoding 'utf8' detected.
Package biblatex Info: Document encoding is UTF8 ....

(/usr/share/texmf-dist/tex/latex/l3kernel/expl3.sty
Package: expl3 2023-02-22 L3 programming layer (loader) 

(/usr/share/texmf-dist/tex/latex/l3backend/l3backend-pdftex.def
File: l3backend-pdftex.def 2023-01-16 L3 backend support: PDF output (pdfTeX)
\l__color_backend_stack_int=\count507
\l__pdf_internal_box=\box100
))
Package biblatex Info: ... and expl3
(biblatex)             2023-02-22 L3 programming layer (loader) 
(biblatex)             is new enough (at least 2020/04/06),
(biblatex)             setting 'casechanger=expl3'.

(/usr/share/texmf-dist/tex/latex/biblatex/blx-case-expl3.sty
(/usr/share/texmf-dist/tex/latex/l3packages/xparse/xparse.sty
Package: xparse 2023-02-02 L3 Experimental document command parser
)
Package: blx-case-expl3 2023/03/05 v3.19 expl3 case changing code for biblatex
))
(./beamercolorthemeowl.sty
Package: beamercolorthemeowl 2016/03/15 v0.1.1 A visible colour theme for Beame
r presentations
)
(/usr/share/texmf-dist/tex/latex/beamer/beamerthemeHannover.sty
(/usr/share/texmf-dist/tex/latex/beamer/beamerouterthemesidebar.sty
\beamer@sidebarwidth=\dimen345
\beamer@headheight=\dimen346
)
(/usr/share/texmf-dist/tex/latex/beamer/beamercolorthemeseahorse.sty)
(/usr/share/texmf-dist/tex/latex/beamer/beamerinnerthemecircles.sty))

Package biblatex Warning: 'babel/polyglossia' detected but 'csquotes' missing.
(biblatex)                Loading 'csquotes' recommended.

\@quotelevel=\count508
\@quotereset=\count509
(./slides_amelieTesis.aux)
\openout1 = `slides_amelieTesis.aux'.

LaTeX Font Info:    Checking defaults for OML/cmm/m/it on input line 98.
LaTeX Font Info:    ... okay on input line 98.
LaTeX Font Info:    Checking defaults for OMS/cmsy/m/n on input line 98.
LaTeX Font Info:    ... okay on input line 98.
LaTeX Font Info:    Checking defaults for OT1/cmr/m/n on input line 98.
LaTeX Font Info:    ... okay on input line 98.
LaTeX Font Info:    Checking defaults for T1/cmr/m/n on input line 98.
LaTeX Font Info:    ... okay on input line 98.
LaTeX Font Info:    Checking defaults for TS1/cmr/m/n on input line 98.
LaTeX Font Info:    ... okay on input line 98.
LaTeX Font Info:    Checking defaults for OMX/cmex/m/n on input line 98.
LaTeX Font Info:    ... okay on input line 98.
LaTeX Font Info:    Checking defaults for U/cmr/m/n on input line 98.
LaTeX Font Info:    ... okay on input line 98.
LaTeX Font Info:    Checking defaults for PD1/pdf/m/n on input line 98.
LaTeX Font Info:    ... okay on input line 98.
LaTeX Font Info:    Checking defaults for PU/pdf/m/n on input line 98.
LaTeX Font Info:    ... okay on input line 98.

*geometry* driver: auto-detecting
*geometry* detected driver: pdftex
*geometry* verbose mode - [ preamble ] result:
* driver: pdftex
* paper: custom
* layout: <same size as paper>
* layoutoffset:(h,v)=(0.0pt,0.0pt)
* modes: includehead includefoot 
* h-part:(L,W,R)=(59.22636pt, 290.74263pt, 14.22636pt)
* v-part:(T,H,B)=(0.0pt, 273.14662pt, 0.0pt)
* \paperwidth=364.19536pt
* \paperheight=273.14662pt
* \textwidth=290.74263pt
* \textheight=244.6939pt
* \oddsidemargin=-13.04362pt
* \evensidemargin=-13.04362pt
* \topmargin=-72.26999pt
* \headheight=14.22636pt
* \headsep=0.0pt
* \topskip=11.0pt
* \footskip=14.22636pt
* \marginparwidth=4.0pt
* \marginparsep=10.0pt
* \columnsep=10.0pt
* \skip\footins=10.0pt plus 4.0pt minus 2.0pt
* \hoffset=0.0pt
* \voffset=0.0pt
* \mag=1000
* \@twocolumnfalse
* \@twosidefalse
* \@mparswitchfalse
* \@reversemarginfalse
* (1in=72.27pt=25.4mm, 1cm=28.453pt)

(/usr/share/texmf-dist/tex/context/base/mkii/supp-pdf.mkii
[Loading MPS to PDF converter (version 2006.09.02).]
\scratchcounter=\count510
\scratchdimen=\dimen347
\scratchbox=\box101
\nofMPsegments=\count511
\nofMParguments=\count512
\everyMPshowfont=\toks52
\MPscratchCnt=\count513
\MPscratchDim=\dimen348
\MPnumerator=\count514
\makeMPintoPDFobject=\count515
\everyMPtoPDFconversion=\toks53
) (/usr/share/texmf-dist/tex/latex/epstopdf-pkg/epstopdf-base.sty
Package: epstopdf-base 2020-01-24 v2.11 Base part for package epstopdf
Package epstopdf-base Info: Redefining graphics rule for `.eps' on input line 4
85.

(/usr/share/texmf-dist/tex/latex/latexconfig/epstopdf-sys.cfg
File: epstopdf-sys.cfg 2010/07/13 v1.3 Configuration of (r)epstopdf for TeX Liv
e
))
Package hyperref Info: Link coloring OFF on input line 98.

(./slides_amelieTesis.out) (./slides_amelieTesis.out)
\@outlinefile=\write6
\openout6 = `slides_amelieTesis.out'.

LaTeX Font Info:    Overwriting symbol font `operators' in version `normal'
(Font)                  OT1/cmr/m/n --> OT1/cmss/m/n on input line 98.
LaTeX Font Info:    Overwriting symbol font `operators' in version `bold'
(Font)                  OT1/cmr/bx/n --> OT1/cmss/b/n on input line 98.
\symnumbers=\mathgroup6
\sympureletters=\mathgroup7
LaTeX Font Info:    Overwriting math alphabet `\mathrm' in version `normal'
(Font)                  OT1/cmss/m/n --> OT1/cmr/m/n on input line 98.
LaTeX Font Info:    Redeclaring math alphabet \mathbf on input line 98.
LaTeX Font Info:    Overwriting math alphabet `\mathbf' in version `normal'
(Font)                  OT1/cmr/bx/n --> OT1/cmss/b/n on input line 98.
LaTeX Font Info:    Overwriting math alphabet `\mathbf' in version `bold'
(Font)                  OT1/cmr/bx/n --> OT1/cmss/b/n on input line 98.
LaTeX Font Info:    Redeclaring math alphabet \mathsf on input line 98.
LaTeX Font Info:    Overwriting math alphabet `\mathsf' in version `normal'
(Font)                  OT1/cmss/m/n --> OT1/cmss/m/n on input line 98.
LaTeX Font Info:    Overwriting math alphabet `\mathsf' in version `bold'
(Font)                  OT1/cmss/bx/n --> OT1/cmss/m/n on input line 98.
LaTeX Font Info:    Redeclaring math alphabet \mathit on input line 98.
LaTeX Font Info:    Overwriting math alphabet `\mathit' in version `normal'
(Font)                  OT1/cmr/m/it --> OT1/cmss/m/it on input line 98.
LaTeX Font Info:    Overwriting math alphabet `\mathit' in version `bold'
(Font)                  OT1/cmr/bx/it --> OT1/cmss/m/it on input line 98.
LaTeX Font Info:    Redeclaring math alphabet \mathtt on input line 98.
LaTeX Font Info:    Overwriting math alphabet `\mathtt' in version `normal'
(Font)                  OT1/cmtt/m/n --> OT1/cmtt/m/n on input line 98.
LaTeX Font Info:    Overwriting math alphabet `\mathtt' in version `bold'
(Font)                  OT1/cmtt/m/n --> OT1/cmtt/m/n on input line 98.
LaTeX Font Info:    Overwriting symbol font `numbers' in version `bold'
(Font)                  OT1/cmss/m/n --> OT1/cmss/b/n on input line 98.
LaTeX Font Info:    Overwriting symbol font `pureletters' in version `bold'
(Font)                  OT1/cmss/m/it --> OT1/cmss/b/it on input line 98.
LaTeX Font Info:    Overwriting math alphabet `\mathrm' in version `bold'
(Font)                  OT1/cmss/b/n --> OT1/cmr/b/n on input line 98.
LaTeX Font Info:    Overwriting math alphabet `\mathbf' in version `bold'
(Font)                  OT1/cmss/b/n --> OT1/cmss/b/n on input line 98.
LaTeX Font Info:    Overwriting math alphabet `\mathsf' in version `bold'
(Font)                  OT1/cmss/m/n --> OT1/cmss/b/n on input line 98.
LaTeX Font Info:    Overwriting math alphabet `\mathit' in version `bold'
(Font)                  OT1/cmss/m/it --> OT1/cmss/b/it on input line 98.
LaTeX Font Info:    Overwriting math alphabet `\mathtt' in version `bold'
(Font)                  OT1/cmtt/m/n --> OT1/cmtt/b/n on input line 98.
LaTeX Font Info:    Redeclaring symbol font `pureletters' on input line 98.
LaTeX Font Info:    Overwriting symbol font `pureletters' in version `normal'
(Font)                  OT1/cmss/m/it --> OT1/mathkerncmss/m/sl on input line 9
8.
LaTeX Font Info:    Overwriting symbol font `pureletters' in version `bold'
(Font)                  OT1/cmss/b/it --> OT1/mathkerncmss/m/sl on input line 9
8.
LaTeX Font Info:    Overwriting symbol font `pureletters' in version `bold'
(Font)                  OT1/mathkerncmss/m/sl --> OT1/mathkerncmss/bx/sl on inp
ut line 98.

(/usr/share/texmf-dist/tex/latex/translator/translator-basic-dictionary-English
.dict
Dictionary: translator-basic-dictionary, Language: English 
)
(/usr/share/texmf-dist/tex/latex/translator/translator-bibliography-dictionary-
English.dict
Dictionary: translator-bibliography-dictionary, Language: English 
)
(/usr/share/texmf-dist/tex/latex/translator/translator-environment-dictionary-E
nglish.dict
Dictionary: translator-environment-dictionary, Language: English 
)
(/usr/share/texmf-dist/tex/latex/translator/translator-months-dictionary-Englis
h.dict
Dictionary: translator-months-dictionary, Language: English 
)
(/usr/share/texmf-dist/tex/latex/translator/translator-numbers-dictionary-Engli
sh.dict
Dictionary: translator-numbers-dictionary, Language: English 
)
(/usr/share/texmf-dist/tex/latex/translator/translator-theorem-dictionary-Engli
sh.dict
Dictionary: translator-theorem-dictionary, Language: English 
)
\c@lstlisting=\count516
 (/usr/share/texmf-dist/tex/latex/base/inputenc.sty
Package: inputenc 2021/02/14 v1.3d Input encoding file
\inpenc@prehook=\toks54
\inpenc@posthook=\toks55
)
Package biblatex Info: Trying to load language 'nil'...
Package biblatex Info: ... file 'nil.lbx' not found.


Package biblatex Warning: Language 'nil' not supported.
(biblatex)                Using dummy definitions on input line 98.

Package biblatex Info: Input encoding 'utf8' detected.
Package biblatex Info: Automatic encoding selection.
(biblatex)             Assuming data encoding 'utf8'.
Package biblatex Info: Input encoding 'utf8' detected.
Package biblatex Info: Data encoding 'utf8' specified.
(biblatex)             No need to reencode data.
\openout5 = `slides_amelieTesis-blx.bib'.

Package biblatex Info: Trying to load bibliographic data...
Package biblatex Info: ... file 'slides_amelieTesis.bbl' found.
(./slides_amelieTesis.bbl)
Package biblatex Info: Reference section=0 on input line 98.
Package biblatex Info: Reference segment=0 on input line 98.
 (./slides_amelieTesis.nav)
<logo_buap.png, id=105, 341.8371pt x 330.2739pt>
File: logo_buap.png Graphic file (type png)
<use logo_buap.png>
Package pdftex.def Info: logo_buap.png  used on input line 112.
(pdftex.def)             Requested size: 68.3662pt x 66.0536pt.
LaTeX Font Info:    Calculating math sizes for size <4> on input line 112.


LaTeX Font Warning: Font shape `OT1/cmss/m/n' in size <2> not available
(Font)              size <3> substituted on input line 112.


LaTeX Font Warning: Font shape `OML/cmm/m/it' in size <4> not available
(Font)              size <5> substituted on input line 112.


LaTeX Font Warning: Font shape `OML/cmm/m/it' in size <2.79999> not available
(Font)              size <5> substituted on input line 112.


LaTeX Font Warning: Font shape `OML/cmm/m/it' in size <2> not available
(Font)              size <5> substituted on input line 112.


LaTeX Font Warning: Font shape `OMS/cmsy/m/n' in size <4> not available
(Font)              size <5> substituted on input line 112.


LaTeX Font Warning: Font shape `OMS/cmsy/m/n' in size <2.79999> not available
(Font)              size <5> substituted on input line 112.


LaTeX Font Warning: Font shape `OMS/cmsy/m/n' in size <2> not available
(Font)              size <5> substituted on input line 112.

LaTeX Font Info:    Trying to load font information for U+msa on input line 112
.
(/usr/share/texmf-dist/tex/latex/amsfonts/umsa.fd
File: umsa.fd 2013/01/14 v3.01 AMS symbols A
)
LaTeX Font Info:    Trying to load font information for U+msb on input line 112
.

(/usr/share/texmf-dist/tex/latex/amsfonts/umsb.fd
File: umsb.fd 2013/01/14 v3.01 AMS symbols B
)
LaTeX Font Info:    Trying to load font information for OT1+mathkerncmss on inp
ut line 112.

(/usr/share/texmf-dist/tex/latex/sansmathaccent/ot1mathkerncmss.fd
File: ot1mathkerncmss.fd 2020/01/31 Fontinst v1.933 font definitions for OT1/ma
thkerncmss.
) [1{/var/lib/texmf/fonts/map/pdftex/updmap/pdftex.map}

 <./logo_buap.png>]
(./slides_amelieTesis.toc) [2

] (./0.motivacion
<graficasAfinCuadr.png, id=183, 576.7146pt x 293.4162pt>
File: graficasAfinCuadr.png Graphic file (type png)
<use graficasAfinCuadr.png>
Package pdftex.def Info: graficasAfinCuadr.png  used on input line 28.
(pdftex.def)             Requested size: 230.68175pt x 117.3644pt.
 [3

 <./graficasAfinCuadr.png>]
File: graficasAfinCuadr.png Graphic file (type png)
<use graficasAfinCuadr.png>
Package pdftex.def Info: graficasAfinCuadr.png  used on input line 28.
(pdftex.def)             Requested size: 230.68175pt x 117.3644pt.

[4

]
<afines.png, id=230, 683.55376pt x 391.4625pt>
File: afines.png Graphic file (type png)
<use afines.png>
Package pdftex.def Info: afines.png  used on input line 59.
(pdftex.def)             Requested size: 273.41666pt x 156.58221pt.
 [5

 <./afines.png>]
<cuadraticas.png, id=252, 691.08188pt x 377.15906pt>
File: cuadraticas.png Graphic file (type png)
<use cuadraticas.png>
Package pdftex.def Info: cuadraticas.png  used on input line 83.
(pdftex.def)             Requested size: 276.42784pt x 150.86095pt.
 [6

 <./cuadraticas.png>] [7

]
<cuadr1.png, id=297, 383.2719pt x 148.1535pt>
File: cuadr1.png Graphic file (type png)
<use cuadr1.png>
Package pdftex.def Info: cuadr1.png  used on input line 143.
(pdftex.def)             Requested size: 268.28848pt x 103.70674pt.
<cuadr2.png, id=298, 377.9721pt x 139.4811pt>
File: cuadr2.png Graphic file (type png)
<use cuadr2.png>
Package pdftex.def Info: cuadr2.png  used on input line 143.
(pdftex.def)             Requested size: 264.57866pt x 97.6361pt.
 [8

 <./cuadr1.png> <./cuadr2.png>]
File: cuadr1.png Graphic file (type png)
<use cuadr1.png>
Package pdftex.def Info: cuadr1.png  used on input line 143.
(pdftex.def)             Requested size: 268.28848pt x 103.70674pt.
File: cuadr2.png Graphic file (type png)
<use cuadr2.png>
Package pdftex.def Info: cuadr2.png  used on input line 143.
(pdftex.def)             Requested size: 264.57866pt x 97.6361pt.
 [9

]) (./1.espaciosWnk
Overfull \hbox (5.76025pt too wide) detected at line 44
\OT1/cmss/m/n/10.95 
[](\OT1/mathkerncmss/m/sl/10.95 f\OT1/cmss/m/n/10.95 ) := (\OT1/mathkerncmss/m/
sl/10.95 f\OT1/cmss/m/n/10.95 (\OT1/mathkerncmss/m/sl/10.95 t[]\OT1/cmss/m/n/10
.95 ))[] \OMS/cmsy/m/n/10.95 2 \U/msb/m/n/10.95 R[]\OML/cmm/m/it/10.95 :
 []

<disc_puntual.png, id=342, 170.0754pt x 131.0496pt>
File: disc_puntual.png Graphic file (type png)
<use disc_puntual.png>
Package pdftex.def Info: disc_puntual.png  used on input line 44.
(pdftex.def)             Requested size: 119.05196pt x 91.73409pt.
[10

 <./disc_puntual.png>]
Overfull \hbox (5.76025pt too wide) detected at line 44
\OT1/cmss/m/n/10.95 
[](\OT1/mathkerncmss/m/sl/10.95 f\OT1/cmss/m/n/10.95 ) := (\OT1/mathkerncmss/m/
sl/10.95 f\OT1/cmss/m/n/10.95 (\OT1/mathkerncmss/m/sl/10.95 t[]\OT1/cmss/m/n/10
.95 ))[] \OMS/cmsy/m/n/10.95 2 \U/msb/m/n/10.95 R[]\OML/cmm/m/it/10.95 :
 []

File: disc_puntual.png Graphic file (type png)
<use disc_puntual.png>
Package pdftex.def Info: disc_puntual.png  used on input line 44.
(pdftex.def)             Requested size: 119.05196pt x 91.73409pt.
[11

]
Overfull \hbox (5.76025pt too wide) detected at line 44
\OT1/cmss/m/n/10.95 
[](\OT1/mathkerncmss/m/sl/10.95 f\OT1/cmss/m/n/10.95 ) := (\OT1/mathkerncmss/m/
sl/10.95 f\OT1/cmss/m/n/10.95 (\OT1/mathkerncmss/m/sl/10.95 t[]\OT1/cmss/m/n/10
.95 ))[] \OMS/cmsy/m/n/10.95 2 \U/msb/m/n/10.95 R[]\OML/cmm/m/it/10.95 :
 []

File: disc_puntual.png Graphic file (type png)
<use disc_puntual.png>
Package pdftex.def Info: disc_puntual.png  used on input line 44.
(pdftex.def)             Requested size: 119.05196pt x 91.73409pt.
[12

] [13

]

Package hyperref Warning: Token not allowed in a PDF string (Unicode):
(hyperref)                removing `math shift' on input line 79.


Package hyperref Warning: Token not allowed in a PDF string (Unicode):
(hyperref)                removing `subscript' on input line 79.


Package hyperref Warning: Token not allowed in a PDF string (Unicode):
(hyperref)                removing `math shift' on input line 79.

[14

] [15

] [16

] [17

] [18

] [19

] [20

]
<nuevas_lupas.png, id=573, 346.4142pt x 171.7617pt>
File: nuevas_lupas.png Graphic file (type png)
<use nuevas_lupas.png>
Package pdftex.def Info: nuevas_lupas.png  used on input line 162.
(pdftex.def)             Requested size: 277.13173pt x 137.40953pt.
 [21

 <./nuevas_lupas.png>] [22

] [23

]
<grado1.png, id=635, 374.5995pt x 254.6313pt>
File: grado1.png Graphic file (type png)
<use grado1.png>
Package pdftex.def Info: grado1.png  used on input line 204.
(pdftex.def)             Requested size: 299.68001pt x 203.7053pt.

Overfull \hbox (8.93738pt too wide) in paragraph at lines 204--204
 [] 
 []

[24

 <./grado1.png>]
File: grado1.png Graphic file (type png)
<use grado1.png>
Package pdftex.def Info: grado1.png  used on input line 204.
(pdftex.def)             Requested size: 299.68001pt x 203.7053pt.

Overfull \hbox (8.93738pt too wide) in paragraph at lines 204--204
 [] 
 []

[25

]
<grado2.png, id=678, 374.5995pt x 254.6313pt>
File: grado2.png Graphic file (type png)
<use grado2.png>
Package pdftex.def Info: grado2.png  used on input line 212.
(pdftex.def)             Requested size: 299.68001pt x 203.7053pt.

Overfull \hbox (8.93738pt too wide) in paragraph at lines 212--212
 [] 
 []

[26

 <./grado2.png>] [27

] [28

] [29

] [30

] [31

]) (./2.PDL [32

]
<fitting_problem.png, id=821, 239.9364pt x 163.0893pt>
File: fitting_problem.png Graphic file (type png)
<use fitting_problem.png>
Package pdftex.def Info: fitting_problem.png  used on input line 19.
(pdftex.def)             Requested size: 239.9358pt x 163.08888pt.
<construccion1.png, id=822, 435.3063pt x 231.9867pt>
File: construccion1.png Graphic file (type png)
<use construccion1.png>
Package pdftex.def Info: construccion1.png  used on input line 29.
(pdftex.def)             Requested size: 282.94572pt x 150.78955pt.

Underfull \vbox (badness 10000) has occurred while \output is active []

 [33

 <./fitting_problem.png>] [34 <./construccion1.png>]
<construccion3.png, id=865, 435.3063pt x 231.9867pt>
File: construccion3.png Graphic file (type png)
<use construccion3.png>
Package pdftex.def Info: construccion3.png  used on input line 35.
(pdftex.def)             Requested size: 282.94572pt x 150.78955pt.
 [35

 <./construccion3.png>]
<orthonorm.png, id=887, 246.9225pt x 118.5228pt>
File: orthonorm.png Graphic file (type png)
<use orthonorm.png>
Package pdftex.def Info: orthonorm.png  used on input line 41.
(pdftex.def)             Requested size: 246.92188pt x 118.52249pt.

[36

 <./orthonorm.png>]
<pdl.png, id=909, 323.7696pt x 86.2422pt>
File: pdl.png Graphic file (type png)
<use pdl.png>
Package pdftex.def Info: pdl.png  used on input line 60.
(pdftex.def)             Requested size: 194.26326pt x 51.7457pt.
 [37

 <./pdl.png>]
File: pdl.png Graphic file (type png)
<use pdl.png>
Package pdftex.def Info: pdl.png  used on input line 60.
(pdftex.def)             Requested size: 194.26326pt x 51.7457pt.
 [38

] [39

] [40

]

LaTeX Font Warning: Font shape `OT1/cmss/bx/sl' undefined
(Font)              using `OT1/cmss/bx/n' instead on input line 215.


Overfull \hbox (20.25891pt too wide) detected at line 215
[][][]\OT1/mathkerncmss/m/sl/10.95 S[] \OT1/cmss/m/n/10.95 := \OMS/cmsy/m/n/10.
95 f\OT1/mathkerncmss/m/sl/10.95 x \OT1/cmss/m/n/10.95 = (\OT1/mathkerncmss/m/s
l/10.95 x[]\OT1/cmss/m/n/10.95 )[] \OMS/cmsy/m/n/10.95 2 \U/msb/m/n/10.95 R[] \
OMS/cmsy/m/n/10.95 j 8 \OT1/cmss/m/n/10.95 0 \OMS/cmsy/m/n/10.95 ^^T \OT1/mathk
erncmss/m/sl/10.95 m \OMS/cmsy/m/n/10.95 ^^T \OT1/mathkerncmss/m/sl/10.95 M \OM
S/cmsy/m/n/10.95 ^^@ \OT1/cmss/m/n/10.95 1 :  \OT1/mathkerncmss/m/sl/10.95 x[] 
\OT1/cmss/m/n/10.95 = \OMS/cmsy/m/n/10.95 ^^@\OT1/mathkerncmss/m/sl/10.95 x[]\O
MS/cmsy/m/n/10.95 g
 []


Overfull \hbox (14.78389pt too wide) detected at line 215
[][][]\OT1/mathkerncmss/m/sl/10.95 S[] \OT1/cmss/m/n/10.95 := \OMS/cmsy/m/n/10.
95 f\OT1/mathkerncmss/m/sl/10.95 x \OT1/cmss/m/n/10.95 = (\OT1/mathkerncmss/m/s
l/10.95 x[]\OT1/cmss/m/n/10.95 )[] \OMS/cmsy/m/n/10.95 2 \U/msb/m/n/10.95 R[] \
OMS/cmsy/m/n/10.95 j 8 \OT1/cmss/m/n/10.95 0 \OMS/cmsy/m/n/10.95 ^^T \OT1/mathk
erncmss/m/sl/10.95 m \OMS/cmsy/m/n/10.95 ^^T \OT1/mathkerncmss/m/sl/10.95 M \OM
S/cmsy/m/n/10.95 ^^@ \OT1/cmss/m/n/10.95 1 :  \OT1/mathkerncmss/m/sl/10.95 x[] 
\OT1/cmss/m/n/10.95 = \OT1/mathkerncmss/m/sl/10.95 x[]\OMS/cmsy/m/n/10.95 g\OML
/cmm/m/it/10.95 ;
 []

[41

]
<10Dic_1.png, id=1016, 1195.46625pt x 663.98062pt>
File: 10Dic_1.png Graphic file (type png)
<use 10Dic_1.png>
Package pdftex.def Info: 10Dic_1.png  used on input line 233.
(pdftex.def)             Requested size: 239.089pt x 132.79376pt.
 [42

 <./10Dic_1.png>]
File: 10Dic_1.png Graphic file (type png)
<use 10Dic_1.png>
Package pdftex.def Info: 10Dic_1.png  used on input line 233.
(pdftex.def)             Requested size: 239.089pt x 132.79376pt.
 [43

]
<simetria1.png, id=1059, 361.35pt x 74.9199pt>
File: simetria1.png Graphic file (type png)
<use simetria1.png>
Package pdftex.def Info: simetria1.png  used on input line 259.
(pdftex.def)             Requested size: 216.81168pt x 44.95227pt.
<simetria2.png, id=1060, 347.8596pt x 61.1886pt>
File: simetria2.png Graphic file (type png)
<use simetria2.png>
Package pdftex.def Info: simetria2.png  used on input line 259.
(pdftex.def)             Requested size: 208.71736pt x 36.71342pt.
 [44

 <./simetria1.png> <./simetria2.png>]
[45

] [46

] [47

] [48

] [49

]

LaTeX Font Warning: Command \small invalid in math mode on input line 359.

LaTeX Font Info:    Calculating math sizes for size <> on input line 359.

LaTeX Font Warning: Font shape `OT1/cmss/m/n' in size <> not available
(Font)              size <3> substituted on input line 359.


LaTeX Font Warning: Font shape `OT1/cmss/m/n' in size <0.7> not available
(Font)              size <3> substituted on input line 359.


LaTeX Font Warning: Font shape `OT1/cmss/m/n' in size <0.5> not available
(Font)              size <3> substituted on input line 359.


LaTeX Font Warning: Font shape `OML/cmm/m/it' in size <> not available
(Font)              size <5> substituted on input line 359.


LaTeX Font Warning: Font shape `OML/cmm/m/it' in size <0.7> not available
(Font)              size <5> substituted on input line 359.


LaTeX Font Warning: Font shape `OML/cmm/m/it' in size <0.5> not available
(Font)              size <5> substituted on input line 359.


LaTeX Font Warning: Font shape `OMS/cmsy/m/n' in size <> not available
(Font)              size <5> substituted on input line 359.


LaTeX Font Warning: Font shape `OMS/cmsy/m/n' in size <0.7> not available
(Font)              size <5> substituted on input line 359.


LaTeX Font Warning: Font shape `OMS/cmsy/m/n' in size <0.5> not available
(Font)              size <5> substituted on input line 359.

[50

]
<PDL_2_3.png, id=1221, 407.8437pt x 205.9695pt>
File: PDL_2_3.png Graphic file (type png)
<use PDL_2_3.png>
Package pdftex.def Info: PDL_2_3.png  used on input line 366.
(pdftex.def)             Requested size: 265.09526pt x 133.87857pt.
 [51

 <./PDL_2_3.png>]
<PDL_4_5.png, id=1243, 410.0118pt x 210.7875pt>
File: PDL_4_5.png Graphic file (type png)
<use PDL_4_5.png>
Package pdftex.def Info: PDL_4_5.png  used on input line 372.
(pdftex.def)             Requested size: 266.5045pt x 137.01025pt.
 [52

 <./PDL_4_5.png>]
<PDL_6_7.png, id=1265, 409.0482pt x 212.7147pt>
File: PDL_6_7.png Graphic file (type png)
<use PDL_6_7.png>
Package pdftex.def Info: PDL_6_7.png  used on input line 378.
(pdftex.def)             Requested size: 265.87817pt x 138.26291pt.
 [53

 <./PDL_6_7.png>]
<medir_distancia.png, id=1287, 368.0952pt x 222.8325pt>
File: medir_distancia.png Graphic file (type png)
<use medir_distancia.png>
Package pdftex.def Info: medir_distancia.png  used on input line 392.
(pdftex.def)             Requested size: 257.66487pt x 155.98167pt.
 [54

 <./medir_distancia.png>]
File: medir_distancia.png Graphic file (type png)
<use medir_distancia.png>
Package pdftex.def Info: medir_distancia.png  used on input line 392.
(pdftex.def)             Requested size: 257.66487pt x 155.98167pt.
 [55

]
<cosSim_mejor.png, id=1330, 2007.5pt x 941.5175pt>
File: cosSim_mejor.png Graphic file (type png)
<use cosSim_mejor.png>
Package pdftex.def Info: cosSim_mejor.png  used on input line 403.
(pdftex.def)             Requested size: 260.98416pt x 122.40157pt.
 [56

 <./cosSim_mejor.png>]
File: cosSim_mejor.png Graphic file (type png)
<use cosSim_mejor.png>
Package pdftex.def Info: cosSim_mejor.png  used on input line 403.
(pdftex.def)             Requested size: 260.98416pt x 122.40157pt.
 [57

]
<abee.png, id=1372, 910.90312pt x 563.85657pt>
File: abee.png Graphic file (type png)
<use abee.png>
Package pdftex.def Info: abee.png  used on input line 413.
(pdftex.def)             Requested size: 245.94713pt x 152.2433pt.
 [58

 <./abee.png>]
<proy.png, id=1394, 128.6406pt x 84.315pt>
File: proy.png Graphic file (type png)
<use proy.png>
Package pdftex.def Info: proy.png  used on input line 441.
(pdftex.def)             Requested size: 128.64027pt x 84.31477pt.

[59

 <./proy.png>]
File: proy.png Graphic file (type png)
<use proy.png>
Package pdftex.def Info: proy.png  used on input line 441.
(pdftex.def)             Requested size: 128.64027pt x 84.31477pt.
 [60

]
<criterioSencillo1.png, id=1439, 266.9172pt x 161.1621pt>
File: criterioSencillo1.png Graphic file (type png)
<use criterioSencillo1.png>
Package pdftex.def Info: criterioSencillo1.png  used on input line 456.
(pdftex.def)             Requested size: 266.91655pt x 161.1617pt.
 [61

 <./criterioSencillo1.png>]
File: criterioSencillo1.png Graphic file (type png)
<use criterioSencillo1.png>
Package pdftex.def Info: criterioSencillo1.png  used on input line 456.
(pdftex.def)             Requested size: 266.91655pt x 161.1617pt.
 [62

] [63

]
<2Dic_4.png, id=1502, 1105.731pt x 362.7954pt>
File: 2Dic_4.png Graphic file (type png)
<use 2Dic_4.png>
Package pdftex.def Info: 2Dic_4.png  used on input line 489.
(pdftex.def)             Requested size: 298.55136pt x 97.95605pt.

Overfull \hbox (7.80873pt too wide) in paragraph at lines 489--489
 [] 
 []

[64

 <./2Dic_4.png>]
<6Dic_0.png, id=1525, 1134.639pt x 605.6226pt>
File: 6Dic_0.png Graphic file (type png)
<use 6Dic_0.png>
Package pdftex.def Info: 6Dic_0.png  used on input line 497.
(pdftex.def)             Requested size: 306.35663pt x 163.52028pt.

Overfull \hbox (15.614pt too wide) in paragraph at lines 497--497
 [] 
 []

[65

 <./6Dic_0.png>]
<6Dic_1.png, id=1547, 1123.0758pt x 624.4128pt>
File: 6Dic_1.png Graphic file (type png)
<use 6Dic_1.png>
Package pdftex.def Info: 6Dic_1.png  used on input line 506.
(pdftex.def)             Requested size: 303.23453pt x 168.5937pt.

Overfull \hbox (12.4919pt too wide) in paragraph at lines 506--506
 [] 
 []

[66

 <./6Dic_1.png>]
<6Dic_2.png, id=1569, 1149.093pt x 592.614pt>
File: 6Dic_2.png Graphic file (type png)
<use 6Dic_2.png>
Package pdftex.def Info: 6Dic_2.png  used on input line 513.
(pdftex.def)             Requested size: 310.25926pt x 160.00792pt.

Overfull \hbox (19.51663pt too wide) in paragraph at lines 513--513
 [] 
 []

[67

 <./6Dic_2.png>]
<6Dic_3.png, id=1592, 1121.6304pt x 599.841pt>
File: 6Dic_3.png Graphic file (type png)
<use 6Dic_3.png>
Package pdftex.def Info: 6Dic_3.png  used on input line 522.
(pdftex.def)             Requested size: 302.84425pt x 161.95923pt.

Overfull \hbox (12.10162pt too wide) in paragraph at lines 522--522
 [] 
 []

[68

 <./6Dic_3.png>]
<6Dic_4.png, id=1614, 1134.639pt x 624.4128pt>
File: 6Dic_4.png Graphic file (type png)
<use 6Dic_4.png>
Package pdftex.def Info: 6Dic_4.png  used on input line 532.
(pdftex.def)             Requested size: 306.35663pt x 168.5937pt.

Overfull \hbox (15.614pt too wide) in paragraph at lines 532--532
 [] 
 []

[69

 <./6Dic_4.png>]
<minimos1.png, id=1636, 343.2825pt x 208.6194pt>
File: minimos1.png Graphic file (type png)
<use minimos1.png>
Package pdftex.def Info: minimos1.png  used on input line 542.
(pdftex.def)             Requested size: 274.62636pt x 166.89574pt.
 [70

 <./minimos1.png>]
<minimos2.png, id=1659, 343.2825pt x 208.6194pt>
File: minimos2.png Graphic file (type png)
<use minimos2.png>
Package pdftex.def Info: minimos2.png  used on input line 551.
(pdftex.def)             Requested size: 274.62636pt x 166.89574pt.
 [71

 <./minimos2.png>] [72

]) (./3.AE
<oscil1.png, id=1704, 319.6743pt x 185.0112pt>
File: oscil1.png Graphic file (type png)
<use oscil1.png>
Package pdftex.def Info: oscil1.png  used on input line 7.
(pdftex.def)             Requested size: 255.73978pt x 148.00916pt.

[73

 <./oscil1.png>]
<oscil2.png, id=1726, 301.125pt x 191.7564pt>
File: oscil2.png Graphic file (type png)
<use oscil2.png>
Package pdftex.def Info: oscil2.png  used on input line 13.
(pdftex.def)             Requested size: 240.90031pt x 153.4053pt.
 [74

 <./oscil2.png>]
<oscil3.png, id=1748, 299.9205pt x 191.0337pt>
File: oscil3.png Graphic file (type png)
<use oscil3.png>
Package pdftex.def Info: oscil3.png  used on input line 19.
(pdftex.def)             Requested size: 239.9367pt x 152.82715pt.
 [75

 <./oscil3.png>]
<hip_0,1.png, id=1771, 615.0177pt x 240.9pt>
File: hip_0,1.png Graphic file (type png)
<use hip_0,1.png>
Package pdftex.def Info: hip_0,1.png  used on input line 25.
(pdftex.def)             Requested size: 258.30566pt x 101.17729pt.
 [76

 <./hip_0,1.png>]
<hip_2,3.png, id=1793, 618.6312pt x 240.9pt>
File: hip_2,3.png Graphic file (type png)
<use hip_2,3.png>
Package pdftex.def Info: hip_2,3.png  used on input line 31.
(pdftex.def)             Requested size: 259.82333pt x 101.17729pt.
 [77

 <./hip_2,3.png>]
<hip_4,5.png, id=1815, 612.8496pt x 240.9pt>
File: hip_4,5.png Graphic file (type png)
<use hip_4,5.png>
Package pdftex.def Info: hip_4,5.png  used on input line 37.
(pdftex.def)             Requested size: 257.39507pt x 101.17729pt.
 [78

 <./hip_4,5.png>] [79

] [80

]
<tiempo_freq.png, id=1881, 238.9728pt x 90.3375pt>
File: tiempo_freq.png Graphic file (type png)
<use tiempo_freq.png>
Package pdftex.def Info: tiempo_freq.png  used on input line 98.
(pdftex.def)             Requested size: 191.17848pt x 72.27008pt.
<frecFourier.png, id=1882, 306.9066pt x 115.8729pt>
File: frecFourier.png Graphic file (type png)
<use frecFourier.png>
Package pdftex.def Info: frecFourier.png  used on input line 98.
(pdftex.def)             Requested size: 245.5256pt x 92.69843pt.
 [81

 <./tiempo_freq.png> <./frecFourier.png>]
<four1.png, id=1905, 386.8854pt x 263.0628pt>
File: four1.png Graphic file (type png)
<use four1.png>
Package pdftex.def Info: four1.png  used on input line 109.
(pdftex.def)             Requested size: 270.81793pt x 184.1427pt.
 [82

 <./four1.png>]
<four2.png, id=1927, 259.6902pt x 113.7048pt>
File: four2.png Graphic file (type png)
<use four2.png>
Package pdftex.def Info: four2.png  used on input line 120.
(pdftex.def)             Requested size: 259.68954pt x 113.70451pt.
 [83

 <./four2.png>] [84

]
<espectroFourier_PDL_18_7.png, id=1970, 292.6935pt x 263.7855pt>
File: espectroFourier_PDL_18_7.png Graphic file (type png)
<use espectroFourier_PDL_18_7.png>
Package pdftex.def Info: espectroFourier_PDL_18_7.png  used on input line 154.
(pdftex.def)             Requested size: 263.4217pt x 237.40475pt.
 [85

 <./espectroFourier_PDL_18_7.png>] [86

] [87

]
<desfase_ejemplo.png, id=2034, 773.289pt x 377.2494pt>
File: desfase_ejemplo.png Graphic file (type png)
<use desfase_ejemplo.png>
Package pdftex.def Info: desfase_ejemplo.png  used on input line 176.
(pdftex.def)             Requested size: 278.38383pt x 135.80968pt.
 [88

 <./desfase_ejemplo.png>] [89

] [90

]
<muestreo_coseno.png, id=2096, 584.6643pt x 310.0383pt>
File: muestreo_coseno.png Graphic file (type png)
<use muestreo_coseno.png>
Package pdftex.def Info: muestreo_coseno.png  used on input line 218.
(pdftex.def)             Requested size: 251.40074pt x 133.31386pt.
 [91

 <./muestreo_coseno.png>]
File: muestreo_coseno.png Graphic file (type png)
<use muestreo_coseno.png>
Package pdftex.def Info: muestreo_coseno.png  used on input line 218.
(pdftex.def)             Requested size: 251.40074pt x 133.31386pt.
 [92

] [93

] [94

]
<20Mar23_1.png, id=2180, 293.6571pt x 144.54pt>
File: 20Mar23_1.png Graphic file (type png)
<use 20Mar23_1.png>
Package pdftex.def Info: 20Mar23_1.png  used on input line 271.
(pdftex.def)             Requested size: 234.926pt x 115.63214pt.
 [95

 <./20Mar23_1.png>]
File: 20Mar23_1.png Graphic file (type png)
<use 20Mar23_1.png>
Package pdftex.def Info: 20Mar23_1.png  used on input line 271.
(pdftex.def)             Requested size: 234.926pt x 115.63214pt.
 [96

]

LaTeX Font Warning: Command \small invalid in math mode on input line 310.


LaTeX Font Warning: Command \small invalid in math mode on input line 310.

[97

] [98

] [99

] [100

]

LaTeX Font Warning: Command \small invalid in math mode on input line 389.


Overfull \hbox (46.73505pt too wide) detected at line 389
\OML/cmm/m/it/10.95 ^^[[]\OT1/cmss/m/n/10.95 (\OT1/mathkerncmss/m/sl/10.95 x\OM
L/cmm/m/it/10.95 ; !\OT1/cmss/m/n/10.95 ) = [][]
 []

[101

]

LaTeX Font Warning: Command \small invalid in math mode on input line 409.


LaTeX Font Warning: Command \small invalid in math mode on input line 409.

[102

]

LaTeX Font Warning: Command \small invalid in math mode on input line 409.


LaTeX Font Warning: Command \small invalid in math mode on input line 409.

[103

] [104

] [105

] [106

] [107

]
<periodicidad_espectro.png, id=2461, 361.35pt x 114.6684pt>
File: periodicidad_espectro.png Graphic file (type png)
<use periodicidad_espectro.png>
Package pdftex.def Info: periodicidad_espectro.png  used on input line 508.
(pdftex.def)             Requested size: 289.0804pt x 91.73483pt.
<simetria_espectro.png, id=2462, 187.1793pt x 103.3461pt>
File: simetria_espectro.png Graphic file (type png)
<use simetria_espectro.png>
Package pdftex.def Info: simetria_espectro.png  used on input line 508.
(pdftex.def)             Requested size: 149.74364pt x 82.67699pt.
 [108

 <./periodicidad_espectro.png> <./simetria_espectro.png>] [109

] [110

] [111

]

LaTeX Font Warning: Command \small invalid in math mode on input line 589.


Overfull \hbox (61.85788pt too wide) detected at line 589
[][][] [] [] \OT1/cmss/m/n/10 = [][]
 []

[112

]

LaTeX Font Warning: Command \small invalid in math mode on input line 589.


Overfull \hbox (61.85788pt too wide) detected at line 589
[][] [] [] \OT1/cmss/m/n/10 = [][]
 []

[113

]
Overfull \hbox (87.82768pt too wide) detected at line 622
[]
 []

<esp_ang.png, id=2592, 235.3593pt x 108.405pt>
File: esp_ang.png Graphic file (type png)
<use esp_ang.png>
Package pdftex.def Info: esp_ang.png  used on input line 622.
(pdftex.def)             Requested size: 188.28767pt x 86.7241pt.

Overfull \hbox (57.45439pt too wide) in paragraph at lines 622--622
 [] 
 []

[114

 <./esp_ang.png>] [115

]
<AE_PDL_18_7.png, id=2636, 688.0104pt x 726.3135pt>
File: AE_PDL_18_7.png Graphic file (type png)
<use AE_PDL_18_7.png>
Package pdftex.def Info: AE_PDL_18_7.png  used on input line 646.
(pdftex.def)             Requested size: 206.40471pt x 217.89574pt.
 [116

 <./AE_PDL_18_7.png>]
<ejemplo_pregunta1.png, id=2658, 390.9807pt x 121.4136pt>
File: ejemplo_pregunta1.png Graphic file (type png)
<use ejemplo_pregunta1.png>
Package pdftex.def Info: ejemplo_pregunta1.png  used on input line 668.
(pdftex.def)             Requested size: 293.2348pt x 91.05997pt.

Overfull \hbox (2.49217pt too wide) in paragraph at lines 668--668
 [] 
 []

[117

 <./ejemplo_pregunta1.png>]
Overfull \hbox (20.51158pt too wide) detected at line 699
[] [] []  [] []\OT1/cmss/m/n/10.95 ?
 []


Underfull \hbox (badness 10000) in paragraph at lines 699--699
\OT1/cmss/m/sl/10.95 De existir estos l^^S^^Pmites,
 []

<ejemplo_pregunta2.png, id=2680, 144.54pt x 113.4639pt>
File: ejemplo_pregunta2.png Graphic file (type png)
<use ejemplo_pregunta2.png>
Package pdftex.def Info: ejemplo_pregunta2.png  used on input line 699.
(pdftex.def)             Requested size: 115.63214pt x 90.77122pt.
[118

 <./ejemplo_pregunta2.png>]
<ejemplo_pregunta3.png, id=2703, 315.0972pt x 112.5003pt>
File: ejemplo_pregunta3.png Graphic file (type png)
<use ejemplo_pregunta3.png>
Package pdftex.def Info: ejemplo_pregunta3.png  used on input line 720.
(pdftex.def)             Requested size: 283.58485pt x 101.24931pt.
 [119

 <./ejemplo_pregunta3.png>]
Underfull \hbox (badness 1565) in paragraph at lines 747--747
[][]\OT1/cmss/m/n/10.95 Respuesta:[] esper^^Sabamos que
 []


Underfull \hbox (badness 3861) in paragraph at lines 747--747
\OT1/cmss/m/n/10.95 las pendientes $\OT1/mathkerncmss/m/sl/10.95 m[]$ \OT1/cmss
/m/n/10.95 y $\OT1/mathkerncmss/m/sl/10.95 m[]$
 []


Underfull \hbox (badness 1365) in paragraph at lines 747--747
\OT1/cmss/m/n/10.95 cercano a $0\OML/cmm/m/it/10.95 :\OT1/cmss/m/n/10.95 4$, mi
entras que
 []

<pendiente_oOrigen.png, id=2726, 105.0324pt x 205.9695pt>
File: pendiente_oOrigen.png Graphic file (type png)
<use pendiente_oOrigen.png>
Package pdftex.def Info: pendiente_oOrigen.png  used on input line 747.
(pdftex.def)             Requested size: 105.03214pt x 205.96898pt.
[120

 <./pendiente_oOrigen.png>] [121

])

Package hyperref Warning: Token not allowed in a PDF string (Unicode):
(hyperref)                removing `\translate ' on input line 136.


Package biblatex Warning: Bibliography string 'and' untranslated
(biblatex)                at entry 'Neuman' on input line 136.


Package biblatex Warning: Bibliography string 'in' untranslated
(biblatex)                at entry 'Neuman' on input line 136.


Package biblatex Warning: Using fallback definition for \mkbibdatelong.
(biblatex)                The command should be defined in the .lbx file.
(biblatex)                If you see this message, the .lbx file could not be
(biblatex)                loaded, is faulty or does not contain a definition
(biblatex)                for \mkbibdatelong.


Package biblatex Warning: Bibliography string 'pages' untranslated
(biblatex)                at entry 'Neuman' on input line 136.

[122

]
\tf@nav=\write7
\openout7 = `slides_amelieTesis.nav'.

\tf@toc=\write8
\openout8 = `slides_amelieTesis.toc'.

\tf@snm=\write9
\openout9 = `slides_amelieTesis.snm'.

 (./slides_amelieTesis.aux)

LaTeX Font Warning: Size substitutions with differences
(Font)              up to 4.5pt have occurred.


LaTeX Font Warning: Some font shapes were not available, defaults substituted.

Package rerunfilecheck Info: File `slides_amelieTesis.out' has not changed.
(rerunfilecheck)             Checksum: 9B24EF159F11CDEE54934DDDECA8CD20;2946.
Package logreq Info: Writing requests to 'slides_amelieTesis.run.xml'.
\openout1 = `slides_amelieTesis.run.xml'.

 ) 
Here is how much of TeX's memory you used:
 42004 strings out of 477985
 866338 string characters out of 5840059
 1891388 words of memory out of 5000000
 61165 multiletter control sequences out of 15000+600000
 532729 words of font info for 106 fonts, out of 8000000 for 9000
 14 hyphenation exceptions out of 8191
 128i,20n,122p,1896b,1479s stack positions out of 10000i,1000n,20000p,200000b,200000s
</usr/share/texmf-dist/fonts/type1/public/amsfonts/cm/cmex10.pfb></usr/share/
texmf-dist/fonts/type1/public/amsfonts/cm/cmmi10.pfb></usr/share/texmf-dist/fon
ts/type1/public/amsfonts/cm/cmmi5.pfb></usr/share/texmf-dist/fonts/type1/public
/amsfonts/cm/cmmi6.pfb></usr/share/texmf-dist/fonts/type1/public/amsfonts/cm/cm
mi7.pfb></usr/share/texmf-dist/fonts/type1/public/amsfonts/cm/cmmi8.pfb></usr/s
hare/texmf-dist/fonts/type1/public/amsfonts/cm/cmss10.pfb></usr/share/texmf-dis
t/fonts/type1/public/amsfonts/cm/cmss12.pfb></usr/share/texmf-dist/fonts/type1/
public/amsfonts/cm/cmss8.pfb></usr/share/texmf-dist/fonts/type1/public/amsfonts
/cm/cmssbx10.pfb></usr/share/texmf-dist/fonts/type1/public/amsfonts/cm/cmssi10.
pfb></usr/share/texmf-dist/fonts/type1/public/amsfonts/cm/cmssi12.pfb></usr/sha
re/texmf-dist/fonts/type1/public/amsfonts/cm/cmssi8.pfb></usr/share/texmf-dist/
fonts/type1/public/amsfonts/cm/cmsy10.pfb></usr/share/texmf-dist/fonts/type1/pu
blic/amsfonts/cm/cmsy6.pfb></usr/share/texmf-dist/fonts/type1/public/amsfonts/c
m/cmsy7.pfb></usr/share/texmf-dist/fonts/type1/public/amsfonts/cm/cmsy8.pfb></u
sr/share/texmf-dist/fonts/type1/public/amsfonts/symbols/msam10.pfb></usr/share/
texmf-dist/fonts/type1/public/amsfonts/symbols/msbm10.pfb>
Output written on slides_amelieTesis.pdf (122 pages, 8451176 bytes).
PDF statistics:
 2942 PDF objects out of 2984 (max. 8388607)
 2609 compressed objects within 27 object streams
 297 named destinations out of 1000 (max. 500000)
 579 words of extra memory for PDF output out of 10000 (max. 10000000)

