This is pdfTeX, Version 3.141592653-2.6-1.40.24 (MiKTeX 22.10) (preloaded format=pdflatex 2023.2.9)  28 MAR 2023 11:31
entering extended mode
 restricted \write18 enabled.
 %&-line parsing enabled.
**./TesisAmelie.tex
(TesisAmelie.tex
LaTeX2e <2022-06-01> patch level 5
L3 programming layer <2022-09-28>
(C:\Users\inves\AppData\Local\Programs\MiKTeX\tex/latex/extsizes\extreport.cls
Document Class: extreport 1996/10/08 v1.0 Non Standard LaTeX document class
(C:\Users\inves\AppData\Local\Programs\MiKTeX\tex/latex/base\size11.clo
File: size11.clo 2021/10/04 v1.4n Standard LaTeX file (size option)
)
(C:\Users\inves\AppData\Local\Programs\MiKTeX\tex/latex/base\exscale.sty
Package: exscale 2018/09/24 v2.1i Standard LaTeX package exscale
LaTeX Font Info:    Redeclaring symbol font `largesymbols' on input line 57.
LaTeX Font Info:    Overwriting symbol font `largesymbols' in version `normal'
(Font)                  OMX/cmex/m/n --> OMX/cmex/m/n on input line 57.
LaTeX Font Info:    Overwriting symbol font `largesymbols' in version `bold'
(Font)                  OMX/cmex/m/n --> OMX/cmex/m/n on input line 57.
\big@size=\dimen138
)
\c@part=\count185
\c@chapter=\count186
\c@section=\count187
\c@subsection=\count188
\c@subsubsection=\count189
\c@paragraph=\count190
\c@subparagraph=\count191
\c@figure=\count192
\c@table=\count193
\abovecaptionskip=\skip47
\belowcaptionskip=\skip48
\bibindent=\dimen139
)
(paquetes_tesis.tex
(C:\Users\inves\AppData\Local\Programs\MiKTeX\tex/latex/base\inputenc.sty
Package: inputenc 2021/02/14 v1.3d Input encoding file
\inpenc@prehook=\toks16
\inpenc@posthook=\toks17
)
(C:\Users\inves\AppData\Local\Programs\MiKTeX\tex/latex/comment\comment.sty
\CommentStream=\write3

Excluding comment 'comment')
(C:\Users\inves\AppData\Local\Programs\MiKTeX\tex/latex/tcolorbox\tcolorbox.sty
Package: tcolorbox 2022/06/24 version 5.1.1 text color boxes
(C:\Users\inves\AppData\Local\Programs\MiKTeX\tex/latex/pgf/basiclayer\pgf.sty
(C:\Users\inves\AppData\Local\Programs\MiKTeX\tex/latex/pgf/utilities\pgfrcs.st
y
(C:\Users\inves\AppData\Local\Programs\MiKTeX\tex/generic/pgf/utilities\pgfutil
-common.tex
\pgfutil@everybye=\toks18
\pgfutil@tempdima=\dimen140
\pgfutil@tempdimb=\dimen141

(C:\Users\inves\AppData\Local\Programs\MiKTeX\tex/generic/pgf/utilities\pgfutil
-common-lists.tex))
(C:\Users\inves\AppData\Local\Programs\MiKTeX\tex/generic/pgf/utilities\pgfutil
-latex.def
\pgfutil@abb=\box51
)
(C:\Users\inves\AppData\Local\Programs\MiKTeX\tex/generic/pgf/utilities\pgfrcs.
code.tex
(C:\Users\inves\AppData\Local\Programs\MiKTeX\tex/generic/pgf\pgf.revision.tex)
Package: pgfrcs 2021/05/15 v3.1.9a (3.1.9a)
))
Package: pgf 2021/05/15 v3.1.9a (3.1.9a)

(C:\Users\inves\AppData\Local\Programs\MiKTeX\tex/latex/pgf/basiclayer\pgfcore.
sty
(C:\Users\inves\AppData\Local\Programs\MiKTeX\tex/latex/graphics\graphicx.sty
Package: graphicx 2021/09/16 v1.2d Enhanced LaTeX Graphics (DPC,SPQR)

(C:\Users\inves\AppData\Local\Programs\MiKTeX\tex/latex/graphics\keyval.sty
Package: keyval 2022/05/29 v1.15 key=value parser (DPC)
\KV@toks@=\toks19
)
(C:\Users\inves\AppData\Local\Programs\MiKTeX\tex/latex/graphics\graphics.sty
Package: graphics 2022/03/10 v1.4e Standard LaTeX Graphics (DPC,SPQR)

(C:\Users\inves\AppData\Local\Programs\MiKTeX\tex/latex/graphics\trig.sty
Package: trig 2021/08/11 v1.11 sin cos tan (DPC)
)
(C:\Users\inves\AppData\Local\Programs\MiKTeX\tex/latex/graphics-cfg\graphics.c
fg
File: graphics.cfg 2016/06/04 v1.11 sample graphics configuration
)
Package graphics Info: Driver file: pdftex.def on input line 107.

(C:\Users\inves\AppData\Local\Programs\MiKTeX\tex/latex/graphics-def\pdftex.def
File: pdftex.def 2022/09/22 v1.2b Graphics/color driver for pdftex
\stockwidth=\dimen142
\stockheight=\dimen143
))
\Gin@req@height=\dimen144
\Gin@req@width=\dimen145
)
(C:\Users\inves\AppData\Local\Programs\MiKTeX\tex/latex/pgf/systemlayer\pgfsys.
sty
(C:\Users\inves\AppData\Local\Programs\MiKTeX\tex/generic/pgf/systemlayer\pgfsy
s.code.tex
Package: pgfsys 2021/05/15 v3.1.9a (3.1.9a)

(C:\Users\inves\AppData\Local\Programs\MiKTeX\tex/generic/pgf/utilities\pgfkeys
.code.tex
\pgfkeys@pathtoks=\toks20
\pgfkeys@temptoks=\toks21

(C:\Users\inves\AppData\Local\Programs\MiKTeX\tex/generic/pgf/utilities\pgfkeys
filtered.code.tex
\pgfkeys@tmptoks=\toks22
))
\pgf@x=\dimen146
\pgf@y=\dimen147
\pgf@xa=\dimen148
\pgf@ya=\dimen149
\pgf@xb=\dimen150
\pgf@yb=\dimen151
\pgf@xc=\dimen152
\pgf@yc=\dimen153
\pgf@xd=\dimen154
\pgf@yd=\dimen155
\w@pgf@writea=\write4
\r@pgf@reada=\read2
\c@pgf@counta=\count194
\c@pgf@countb=\count195
\c@pgf@countc=\count196
\c@pgf@countd=\count197
\t@pgf@toka=\toks23
\t@pgf@tokb=\toks24
\t@pgf@tokc=\toks25
\pgf@sys@id@count=\count198

(C:\Users\inves\AppData\Local\Programs\MiKTeX\tex/generic/pgf/systemlayer\pgf.c
fg
File: pgf.cfg 2021/05/15 v3.1.9a (3.1.9a)
)
Driver file for pgf: pgfsys-pdftex.def

(C:\Users\inves\AppData\Local\Programs\MiKTeX\tex/generic/pgf/systemlayer\pgfsy
s-pdftex.def
File: pgfsys-pdftex.def 2021/05/15 v3.1.9a (3.1.9a)

(C:\Users\inves\AppData\Local\Programs\MiKTeX\tex/generic/pgf/systemlayer\pgfsy
s-common-pdf.def
File: pgfsys-common-pdf.def 2021/05/15 v3.1.9a (3.1.9a)
)))
(C:\Users\inves\AppData\Local\Programs\MiKTeX\tex/generic/pgf/systemlayer\pgfsy
ssoftpath.code.tex
File: pgfsyssoftpath.code.tex 2021/05/15 v3.1.9a (3.1.9a)
\pgfsyssoftpath@smallbuffer@items=\count199
\pgfsyssoftpath@bigbuffer@items=\count266
)
(C:\Users\inves\AppData\Local\Programs\MiKTeX\tex/generic/pgf/systemlayer\pgfsy
sprotocol.code.tex
File: pgfsysprotocol.code.tex 2021/05/15 v3.1.9a (3.1.9a)
))
(C:\Users\inves\AppData\Local\Programs\MiKTeX\tex/latex/xcolor\xcolor.sty
Package: xcolor 2022/06/12 v2.14 LaTeX color extensions (UK)

(C:\Users\inves\AppData\Local\Programs\MiKTeX\tex/latex/graphics-cfg\color.cfg
File: color.cfg 2016/01/02 v1.6 sample color configuration
)
Package xcolor Info: Driver file: pdftex.def on input line 227.
(C:\Users\inves\AppData\Local\Programs\MiKTeX\tex/latex/graphics\mathcolor.ltx)
Package xcolor Info: Model `cmy' substituted by `cmy0' on input line 1353.
Package xcolor Info: Model `hsb' substituted by `rgb' on input line 1357.
Package xcolor Info: Model `RGB' extended on input line 1369.
Package xcolor Info: Model `HTML' substituted by `rgb' on input line 1371.
Package xcolor Info: Model `Hsb' substituted by `hsb' on input line 1372.
Package xcolor Info: Model `tHsb' substituted by `hsb' on input line 1373.
Package xcolor Info: Model `HSB' substituted by `hsb' on input line 1374.
Package xcolor Info: Model `Gray' substituted by `gray' on input line 1375.
Package xcolor Info: Model `wave' substituted by `hsb' on input line 1376.
)
(C:\Users\inves\AppData\Local\Programs\MiKTeX\tex/generic/pgf/basiclayer\pgfcor
e.code.tex
Package: pgfcore 2021/05/15 v3.1.9a (3.1.9a)

(C:\Users\inves\AppData\Local\Programs\MiKTeX\tex/generic/pgf/math\pgfmath.code
.tex
(C:\Users\inves\AppData\Local\Programs\MiKTeX\tex/generic/pgf/math\pgfmathcalc.
code.tex
(C:\Users\inves\AppData\Local\Programs\MiKTeX\tex/generic/pgf/math\pgfmathutil.
code.tex)
(C:\Users\inves\AppData\Local\Programs\MiKTeX\tex/generic/pgf/math\pgfmathparse
r.code.tex
\pgfmath@dimen=\dimen156
\pgfmath@count=\count267
\pgfmath@box=\box52
\pgfmath@toks=\toks26
\pgfmath@stack@operand=\toks27
\pgfmath@stack@operation=\toks28
)
(C:\Users\inves\AppData\Local\Programs\MiKTeX\tex/generic/pgf/math\pgfmathfunct
ions.code.tex
(C:\Users\inves\AppData\Local\Programs\MiKTeX\tex/generic/pgf/math\pgfmathfunct
ions.basic.code.tex)
(C:\Users\inves\AppData\Local\Programs\MiKTeX\tex/generic/pgf/math\pgfmathfunct
ions.trigonometric.code.tex)
(C:\Users\inves\AppData\Local\Programs\MiKTeX\tex/generic/pgf/math\pgfmathfunct
ions.random.code.tex)
(C:\Users\inves\AppData\Local\Programs\MiKTeX\tex/generic/pgf/math\pgfmathfunct
ions.comparison.code.tex)
(C:\Users\inves\AppData\Local\Programs\MiKTeX\tex/generic/pgf/math\pgfmathfunct
ions.base.code.tex)
(C:\Users\inves\AppData\Local\Programs\MiKTeX\tex/generic/pgf/math\pgfmathfunct
ions.round.code.tex)
(C:\Users\inves\AppData\Local\Programs\MiKTeX\tex/generic/pgf/math\pgfmathfunct
ions.misc.code.tex)
(C:\Users\inves\AppData\Local\Programs\MiKTeX\tex/generic/pgf/math\pgfmathfunct
ions.integerarithmetics.code.tex)))
(C:\Users\inves\AppData\Local\Programs\MiKTeX\tex/generic/pgf/math\pgfmathfloat
.code.tex
\c@pgfmathroundto@lastzeros=\count268
))
(C:\Users\inves\AppData\Local\Programs\MiKTeX\tex/generic/pgf/math\pgfint.code.
tex)
(C:\Users\inves\AppData\Local\Programs\MiKTeX\tex/generic/pgf/basiclayer\pgfcor
epoints.code.tex
File: pgfcorepoints.code.tex 2021/05/15 v3.1.9a (3.1.9a)
\pgf@picminx=\dimen157
\pgf@picmaxx=\dimen158
\pgf@picminy=\dimen159
\pgf@picmaxy=\dimen160
\pgf@pathminx=\dimen161
\pgf@pathmaxx=\dimen162
\pgf@pathminy=\dimen163
\pgf@pathmaxy=\dimen164
\pgf@xx=\dimen165
\pgf@xy=\dimen166
\pgf@yx=\dimen167
\pgf@yy=\dimen168
\pgf@zx=\dimen169
\pgf@zy=\dimen170
)
(C:\Users\inves\AppData\Local\Programs\MiKTeX\tex/generic/pgf/basiclayer\pgfcor
epathconstruct.code.tex
File: pgfcorepathconstruct.code.tex 2021/05/15 v3.1.9a (3.1.9a)
\pgf@path@lastx=\dimen171
\pgf@path@lasty=\dimen172
)
(C:\Users\inves\AppData\Local\Programs\MiKTeX\tex/generic/pgf/basiclayer\pgfcor
epathusage.code.tex
File: pgfcorepathusage.code.tex 2021/05/15 v3.1.9a (3.1.9a)
\pgf@shorten@end@additional=\dimen173
\pgf@shorten@start@additional=\dimen174
)
(C:\Users\inves\AppData\Local\Programs\MiKTeX\tex/generic/pgf/basiclayer\pgfcor
escopes.code.tex
File: pgfcorescopes.code.tex 2021/05/15 v3.1.9a (3.1.9a)
\pgfpic=\box53
\pgf@hbox=\box54
\pgf@layerbox@main=\box55
\pgf@picture@serial@count=\count269
)
(C:\Users\inves\AppData\Local\Programs\MiKTeX\tex/generic/pgf/basiclayer\pgfcor
egraphicstate.code.tex
File: pgfcoregraphicstate.code.tex 2021/05/15 v3.1.9a (3.1.9a)
\pgflinewidth=\dimen175
)
(C:\Users\inves\AppData\Local\Programs\MiKTeX\tex/generic/pgf/basiclayer\pgfcor
etransformations.code.tex
File: pgfcoretransformations.code.tex 2021/05/15 v3.1.9a (3.1.9a)
\pgf@pt@x=\dimen176
\pgf@pt@y=\dimen177
\pgf@pt@temp=\dimen178
)
(C:\Users\inves\AppData\Local\Programs\MiKTeX\tex/generic/pgf/basiclayer\pgfcor
equick.code.tex
File: pgfcorequick.code.tex 2021/05/15 v3.1.9a (3.1.9a)
)
(C:\Users\inves\AppData\Local\Programs\MiKTeX\tex/generic/pgf/basiclayer\pgfcor
eobjects.code.tex
File: pgfcoreobjects.code.tex 2021/05/15 v3.1.9a (3.1.9a)
)
(C:\Users\inves\AppData\Local\Programs\MiKTeX\tex/generic/pgf/basiclayer\pgfcor
epathprocessing.code.tex
File: pgfcorepathprocessing.code.tex 2021/05/15 v3.1.9a (3.1.9a)
)
(C:\Users\inves\AppData\Local\Programs\MiKTeX\tex/generic/pgf/basiclayer\pgfcor
earrows.code.tex
File: pgfcorearrows.code.tex 2021/05/15 v3.1.9a (3.1.9a)
\pgfarrowsep=\dimen179
)
(C:\Users\inves\AppData\Local\Programs\MiKTeX\tex/generic/pgf/basiclayer\pgfcor
eshade.code.tex
File: pgfcoreshade.code.tex 2021/05/15 v3.1.9a (3.1.9a)
\pgf@max=\dimen180
\pgf@sys@shading@range@num=\count270
\pgf@shadingcount=\count271
)
(C:\Users\inves\AppData\Local\Programs\MiKTeX\tex/generic/pgf/basiclayer\pgfcor
eimage.code.tex
File: pgfcoreimage.code.tex 2021/05/15 v3.1.9a (3.1.9a)

(C:\Users\inves\AppData\Local\Programs\MiKTeX\tex/generic/pgf/basiclayer\pgfcor
eexternal.code.tex
File: pgfcoreexternal.code.tex 2021/05/15 v3.1.9a (3.1.9a)
\pgfexternal@startupbox=\box56
))
(C:\Users\inves\AppData\Local\Programs\MiKTeX\tex/generic/pgf/basiclayer\pgfcor
elayers.code.tex
File: pgfcorelayers.code.tex 2021/05/15 v3.1.9a (3.1.9a)
)
(C:\Users\inves\AppData\Local\Programs\MiKTeX\tex/generic/pgf/basiclayer\pgfcor
etransparency.code.tex
File: pgfcoretransparency.code.tex 2021/05/15 v3.1.9a (3.1.9a)
)
(C:\Users\inves\AppData\Local\Programs\MiKTeX\tex/generic/pgf/basiclayer\pgfcor
epatterns.code.tex
File: pgfcorepatterns.code.tex 2021/05/15 v3.1.9a (3.1.9a)
)
(C:\Users\inves\AppData\Local\Programs\MiKTeX\tex/generic/pgf/basiclayer\pgfcor
erdf.code.tex
File: pgfcorerdf.code.tex 2021/05/15 v3.1.9a (3.1.9a)
)))
(C:\Users\inves\AppData\Local\Programs\MiKTeX\tex/generic/pgf/modules\pgfmodule
shapes.code.tex
File: pgfmoduleshapes.code.tex 2021/05/15 v3.1.9a (3.1.9a)
\pgfnodeparttextbox=\box57
)
(C:\Users\inves\AppData\Local\Programs\MiKTeX\tex/generic/pgf/modules\pgfmodule
plot.code.tex
File: pgfmoduleplot.code.tex 2021/05/15 v3.1.9a (3.1.9a)
)
(C:\Users\inves\AppData\Local\Programs\MiKTeX\tex/latex/pgf/compatibility\pgfco
mp-version-0-65.sty
Package: pgfcomp-version-0-65 2021/05/15 v3.1.9a (3.1.9a)
\pgf@nodesepstart=\dimen181
\pgf@nodesepend=\dimen182
)
(C:\Users\inves\AppData\Local\Programs\MiKTeX\tex/latex/pgf/compatibility\pgfco
mp-version-1-18.sty
Package: pgfcomp-version-1-18 2021/05/15 v3.1.9a (3.1.9a)
))
(C:\Users\inves\AppData\Local\Programs\MiKTeX\tex/latex/tools\verbatim.sty
Package: verbatim 2020-07-07 v1.5u LaTeX2e package for verbatim enhancements
\every@verbatim=\toks29
\verbatim@line=\toks30
\verbatim@in@stream=\read3
)
(C:\Users\inves\AppData\Local\Programs\MiKTeX\tex/latex/environ\environ.sty
Package: environ 2014/05/04 v0.3 A new way to define environments

(C:\Users\inves\AppData\Local\Programs\MiKTeX\tex/latex/trimspaces\trimspaces.s
ty
Package: trimspaces 2009/09/17 v1.1 Trim spaces around a token list
)
\@envbody=\toks31
)
(C:\Users\inves\AppData\Local\Programs\MiKTeX\tex/latex/etoolbox\etoolbox.sty
Package: etoolbox 2020/10/05 v2.5k e-TeX tools for LaTeX (JAW)
\etb@tempcnta=\count272
)
\tcb@titlebox=\box58
\tcb@upperbox=\box59
\tcb@lowerbox=\box60
\tcb@phantombox=\box61
\c@tcbbreakpart=\count273
\c@tcblayer=\count274
\c@tcolorbox@number=\count275
\tcb@temp=\box62
\tcb@temp=\box63
\tcb@temp=\box64
\tcb@temp=\box65

(C:\Users\inves\AppData\Local\Programs\MiKTeX\tex/latex/tcolorbox\tcbraster.cod
e.tex
Library (tcolorbox): 'tcbraster.code.tex' version '5.1.1'
\c@tcbrastercolumn=\count276
\c@tcbrasterrow=\count277
\c@tcbrasternum=\count278
\c@tcbraster=\count279
)
(C:\Users\inves\AppData\Local\Programs\MiKTeX\tex/latex/tcolorbox\tcbskins.code
.tex
Library (tcolorbox): 'tcbskins.code.tex' version '5.1.1'

(C:\Users\inves\AppData\Local\Programs\MiKTeX\tex/latex/pgf/frontendlayer\tikz.
sty
(C:\Users\inves\AppData\Local\Programs\MiKTeX\tex/latex/pgf/utilities\pgffor.st
y
(C:\Users\inves\AppData\Local\Programs\MiKTeX\tex/latex/pgf/utilities\pgfkeys.s
ty
(C:\Users\inves\AppData\Local\Programs\MiKTeX\tex/generic/pgf/utilities\pgfkeys
.code.tex))
(C:\Users\inves\AppData\Local\Programs\MiKTeX\tex/latex/pgf/math\pgfmath.sty
(C:\Users\inves\AppData\Local\Programs\MiKTeX\tex/generic/pgf/math\pgfmath.code
.tex))
(C:\Users\inves\AppData\Local\Programs\MiKTeX\tex/generic/pgf/utilities\pgffor.
code.tex
Package: pgffor 2021/05/15 v3.1.9a (3.1.9a)

(C:\Users\inves\AppData\Local\Programs\MiKTeX\tex/generic/pgf/math\pgfmath.code
.tex)
\pgffor@iter=\dimen183
\pgffor@skip=\dimen184
\pgffor@stack=\toks32
\pgffor@toks=\toks33
))
(C:\Users\inves\AppData\Local\Programs\MiKTeX\tex/generic/pgf/frontendlayer/tik
z\tikz.code.tex
Package: tikz 2021/05/15 v3.1.9a (3.1.9a)

(C:\Users\inves\AppData\Local\Programs\MiKTeX\tex/generic/pgf/libraries\pgflibr
aryplothandlers.code.tex
File: pgflibraryplothandlers.code.tex 2021/05/15 v3.1.9a (3.1.9a)
\pgf@plot@mark@count=\count280
\pgfplotmarksize=\dimen185
)
\tikz@lastx=\dimen186
\tikz@lasty=\dimen187
\tikz@lastxsaved=\dimen188
\tikz@lastysaved=\dimen189
\tikz@lastmovetox=\dimen190
\tikz@lastmovetoy=\dimen191
\tikzleveldistance=\dimen192
\tikzsiblingdistance=\dimen193
\tikz@figbox=\box66
\tikz@figbox@bg=\box67
\tikz@tempbox=\box68
\tikz@tempbox@bg=\box69
\tikztreelevel=\count281
\tikznumberofchildren=\count282
\tikznumberofcurrentchild=\count283
\tikz@fig@count=\count284

(C:\Users\inves\AppData\Local\Programs\MiKTeX\tex/generic/pgf/modules\pgfmodule
matrix.code.tex
File: pgfmodulematrix.code.tex 2021/05/15 v3.1.9a (3.1.9a)
\pgfmatrixcurrentrow=\count285
\pgfmatrixcurrentcolumn=\count286
\pgf@matrix@numberofcolumns=\count287
)
\tikz@expandcount=\count288

(C:\Users\inves\AppData\Local\Programs\MiKTeX\tex/generic/pgf/frontendlayer/tik
z/libraries\tikzlibrarytopaths.code.tex
File: tikzlibrarytopaths.code.tex 2021/05/15 v3.1.9a (3.1.9a)
)))
\tcb@waterbox=\box70

(C:\Users\inves\AppData\Local\Programs\MiKTeX\tex/latex/tcolorbox\tcbskinsjigsa
w.code.tex
Library (tcolorbox): 'tcbskinsjigsaw.code.tex' version '5.1.1'
))
(C:\Users\inves\AppData\Local\Programs\MiKTeX\tex/latex/tcolorbox\tcbbreakable.
code.tex
Library (tcolorbox): 'tcbbreakable.code.tex' version '5.1.1'
(C:\Users\inves\AppData\Local\Programs\MiKTeX\tex/latex/pdfcol\pdfcol.sty
Package: pdfcol 2022-09-21 v1.7 Handle new color stacks for pdfTeX (HO)

(C:\Users\inves\AppData\Local\Programs\MiKTeX\tex/generic/ltxcmds\ltxcmds.sty
Package: ltxcmds 2020-05-10 v1.25 LaTeX kernel commands for general use (HO)
)
(C:\Users\inves\AppData\Local\Programs\MiKTeX\tex/generic/infwarerr\infwarerr.s
ty
Package: infwarerr 2019/12/03 v1.5 Providing info/warning/error messages (HO)
) (C:\Users\inves\AppData\Local\Programs\MiKTeX\tex/generic/iftex\iftex.sty
Package: iftex 2022/02/03 v1.0f TeX engine tests
))
Package pdfcol Info: New color stack `tcb@breakable' = 1 on input line 23.
\tcb@testbox=\box71
\tcb@totalupperbox=\box72
\tcb@totallowerbox=\box73
)
(C:\Users\inves\AppData\Local\Programs\MiKTeX\tex/latex/tcolorbox\tcbhooks.code
.tex
Library (tcolorbox): 'tcbhooks.code.tex' version '5.1.1'
)
(C:\Users\inves\AppData\Local\Programs\MiKTeX\tex/latex/tcolorbox\tcbtheorems.c
ode.tex
Library (tcolorbox): 'tcbtheorems.code.tex' version '5.1.1'
(C:\Users\inves\AppData\Local\Programs\MiKTeX\tex/latex/amsmath\amsmath.sty
Package: amsmath 2022/04/08 v2.17n AMS math features
\@mathmargin=\skip49

For additional information on amsmath, use the `?' option.
(C:\Users\inves\AppData\Local\Programs\MiKTeX\tex/latex/amsmath\amstext.sty
Package: amstext 2021/08/26 v2.01 AMS text

(C:\Users\inves\AppData\Local\Programs\MiKTeX\tex/latex/amsmath\amsgen.sty
File: amsgen.sty 1999/11/30 v2.0 generic functions
\@emptytoks=\toks34
\ex@=\dimen194
))
(C:\Users\inves\AppData\Local\Programs\MiKTeX\tex/latex/amsmath\amsbsy.sty
Package: amsbsy 1999/11/29 v1.2d Bold Symbols
\pmbraise@=\dimen195
)
(C:\Users\inves\AppData\Local\Programs\MiKTeX\tex/latex/amsmath\amsopn.sty
Package: amsopn 2022/04/08 v2.04 operator names
)
\inf@bad=\count289
LaTeX Info: Redefining \frac on input line 234.
\uproot@=\count290
\leftroot@=\count291
LaTeX Info: Redefining \overline on input line 399.
LaTeX Info: Redefining \colon on input line 410.
\classnum@=\count292
\DOTSCASE@=\count293
LaTeX Info: Redefining \ldots on input line 496.
LaTeX Info: Redefining \dots on input line 499.
LaTeX Info: Redefining \cdots on input line 620.
\Mathstrutbox@=\box74
\strutbox@=\box75
LaTeX Info: Redefining \big on input line 722.
LaTeX Info: Redefining \Big on input line 723.
LaTeX Info: Redefining \bigg on input line 724.
LaTeX Info: Redefining \Bigg on input line 725.
\big@size=\dimen196
LaTeX Font Info:    Redeclaring font encoding OML on input line 743.
LaTeX Font Info:    Redeclaring font encoding OMS on input line 744.
\macc@depth=\count294
LaTeX Info: Redefining \bmod on input line 905.
LaTeX Info: Redefining \pmod on input line 910.
LaTeX Info: Redefining \smash on input line 940.
LaTeX Info: Redefining \relbar on input line 970.
LaTeX Info: Redefining \Relbar on input line 971.
\c@MaxMatrixCols=\count295
\dotsspace@=\muskip16
\c@parentequation=\count296
\dspbrk@lvl=\count297
\tag@help=\toks35
\row@=\count298
\column@=\count299
\maxfields@=\count300
\andhelp@=\toks36
\eqnshift@=\dimen197
\alignsep@=\dimen198
\tagshift@=\dimen199
\tagwidth@=\dimen256
\totwidth@=\dimen257
\lineht@=\dimen258
\@envbody=\toks37
\multlinegap=\skip50
\multlinetaggap=\skip51
\mathdisplay@stack=\toks38
LaTeX Info: Redefining \[ on input line 2953.
LaTeX Info: Redefining \] on input line 2954.
))
(C:\Users\inves\AppData\Local\Programs\MiKTeX\tex/latex/tcolorbox\tcbfitting.co
de.tex
Library (tcolorbox): 'tcbfitting.code.tex' version '5.1.1'
\tcbfitdim=\dimen259
\tcb@lowerfitdim=\dimen260
\tcb@upperfitdim=\dimen261
\tcb@cur@hbadness=\count301
)
(C:\Users\inves\AppData\Local\Programs\MiKTeX\tex/latex/tcolorbox\tcblistingsut
f8.code.tex
Library (tcolorbox): 'tcblistingsutf8.code.tex' version '5.1.1'

(C:\Users\inves\AppData\Local\Programs\MiKTeX\tex/latex/tcolorbox\tcblistings.c
ode.tex
Library (tcolorbox): 'tcblistings.code.tex' version '5.1.1'
(C:\Users\inves\AppData\Local\Programs\MiKTeX\tex/latex/listings\listings.sty
\lst@mode=\count302
\lst@gtempboxa=\box76
\lst@token=\toks39
\lst@length=\count303
\lst@currlwidth=\dimen262
\lst@column=\count304
\lst@pos=\count305
\lst@lostspace=\dimen263
\lst@width=\dimen264
\lst@newlines=\count306
\lst@lineno=\count307
\lst@maxwidth=\dimen265

(C:\Users\inves\AppData\Local\Programs\MiKTeX\tex/latex/listings\lstmisc.sty
File: lstmisc.sty 2020/03/24 1.8d (Carsten Heinz)
\c@lstnumber=\count308
\lst@skipnumbers=\count309
\lst@framebox=\box77
)
(C:\Users\inves\AppData\Local\Programs\MiKTeX\tex/latex/listings\listings.cfg
File: listings.cfg 2020/03/24 1.8d listings configuration
))
Package: listings 2020/03/24 1.8d (Carsten Heinz)

(C:\Users\inves\AppData\Local\Programs\MiKTeX\tex/latex/tcolorbox\tcblistingsco
re.code.tex
Library (tcolorbox): 'tcblistingscore.code.tex' version '5.1.1'

(C:\Users\inves\AppData\Local\Programs\MiKTeX\tex/latex/tcolorbox\tcbprocessing
.code.tex
Library (tcolorbox): 'tcbprocessing.code.tex' version '5.1.1'

(C:\Users\inves\AppData\Local\Programs\MiKTeX\tex/generic/pdftexcmds\pdftexcmds
.sty
Package: pdftexcmds 2020-06-27 v0.33 Utility functions of pdfTeX for LuaTeX (HO
)
Package pdftexcmds Info: \pdf@primitive is available.
Package pdftexcmds Info: \pdf@ifprimitive is available.
Package pdftexcmds Info: \pdfdraftmode found.
)
(C:\Users\inves\AppData\Local\Programs\MiKTeX\tex/latex/tools\shellesc.sty
Package: shellesc 2019/11/08 v1.0c unified shell escape interface for LaTeX
Package shellesc Info: Restricted shell escape enabled on input line 77.
))
\c@tcblisting=\count310
))
(C:\Users\inves\AppData\Local\Programs\MiKTeX\tex/latex/listingsutf8\listingsut
f8.sty
Package: listingsutf8 2019-12-10 v1.5 Allow UTF-8 in listings input (HO)

(C:\Users\inves\AppData\Local\Programs\MiKTeX\tex/generic/stringenc\stringenc.s
ty
Package: stringenc 2019/11/29 v1.12 Convert strings between diff. encodings (HO
)

(C:\Users\inves\AppData\Local\Programs\MiKTeX\tex/generic/pdfescape\pdfescape.s
ty
Package: pdfescape 2019/12/09 v1.15 Implements pdfTeX's escape features (HO)
))))
(C:\Users\inves\AppData\Local\Programs\MiKTeX\tex/latex/tcolorbox\tcbexternal.c
ode.tex
Library (tcolorbox): 'tcbexternal.code.tex' version '5.1.1'
)
(C:\Users\inves\AppData\Local\Programs\MiKTeX\tex/latex/tcolorbox\tcbmagazine.c
ode.tex
Library (tcolorbox): 'tcbmagazine.code.tex' version '5.1.1'
)
(C:\Users\inves\AppData\Local\Programs\MiKTeX\tex/latex/tcolorbox\tcbvignette.c
ode.tex
Library (tcolorbox): 'tcbvignette.code.tex' version '5.1.1'

(C:\Users\inves\AppData\Local\Programs\MiKTeX\tex/generic/pgf/frontendlayer/tik
z/libraries\tikzlibraryfadings.code.tex
File: tikzlibraryfadings.code.tex 2021/05/15 v3.1.9a (3.1.9a)

(C:\Users\inves\AppData\Local\Programs\MiKTeX\tex/generic/pgf/libraries\pgflibr
aryfadings.code.tex
File: pgflibraryfadings.code.tex 2021/05/15 v3.1.9a (3.1.9a)
)))
(C:\Users\inves\AppData\Local\Programs\MiKTeX\tex/latex/tcolorbox\tcbposter.cod
e.tex
Library (tcolorbox): 'tcbposter.code.tex' version '5.1.1'
)) (C:\Users\inves\AppData\Local\Programs\MiKTeX\tex/generic/babel\babel.sty
Package: babel 2022/10/04 3.81 The Babel package
\babel@savecnt=\count311
\U@D=\dimen266
\l@unhyphenated=\language79

(C:\Users\inves\AppData\Local\Programs\MiKTeX\tex/generic/babel\txtbabel.def)
\bbl@readstream=\read4
\bbl@dirlevel=\count312

*************************************
* Local config file bblopts.cfg used
*
(C:\Users\inves\AppData\Local\Programs\MiKTeX\tex/latex/arabi\bblopts.cfg
File: bblopts.cfg 2005/09/08 v0.1 add Arabic and Farsi to "declared" options of
 babel
)
(C:\Users\inves\AppData\Local\Programs\MiKTeX\tex/latex/babel-spanish\spanish.l
df
Language: spanish.ldf 2021/05/27 v5.0q Spanish support from the babel system
\es@quottoks=\toks40
\es@quotdepth=\count313
Package babel Info: Making " an active character on input line 570.
Package babel Info: Making . an active character on input line 675.
Package babel Info: Making < an active character on input line 722.
Package babel Info: Making > an active character on input line 722.
))
(C:\Users\inves\AppData\Local\Programs\MiKTeX\tex/generic/babel/locale/es\babel
-spanish.tex
Package babel Info: Importing font and identification data for spanish
(babel)             from babel-es.ini. Reported on input line 11.
)
(C:\Users\inves\AppData\Local\Programs\MiKTeX\tex/latex/mathtools\mathtools.sty
Package: mathtools 2022/06/29 v1.29 mathematical typesetting tools
(C:\Users\inves\AppData\Local\Programs\MiKTeX\tex/latex/tools\calc.sty
Package: calc 2017/05/25 v4.3 Infix arithmetic (KKT,FJ)
\calc@Acount=\count314
\calc@Bcount=\count315
\calc@Adimen=\dimen267
\calc@Bdimen=\dimen268
\calc@Askip=\skip52
\calc@Bskip=\skip53
LaTeX Info: Redefining \setlength on input line 80.
LaTeX Info: Redefining \addtolength on input line 81.
\calc@Ccount=\count316
\calc@Cskip=\skip54
)
(C:\Users\inves\AppData\Local\Programs\MiKTeX\tex/latex/mathtools\mhsetup.sty
Package: mhsetup 2021/03/18 v1.4 programming setup (MH)
)
\g_MT_multlinerow_int=\count317
\l_MT_multwidth_dim=\dimen269
\origjot=\skip55
\l_MT_shortvdotswithinadjustabove_dim=\dimen270
\l_MT_shortvdotswithinadjustbelow_dim=\dimen271
\l_MT_above_intertext_sep=\dimen272
\l_MT_below_intertext_sep=\dimen273
\l_MT_above_shortintertext_sep=\dimen274
\l_MT_below_shortintertext_sep=\dimen275
\xmathstrut@box=\box78
\xmathstrut@dim=\dimen276
) (C:\Users\inves\AppData\Local\Programs\MiKTeX\tex/latex/amscls\amsthm.sty
Package: amsthm 2020/05/29 v2.20.6
\thm@style=\toks41
\thm@bodyfont=\toks42
\thm@headfont=\toks43
\thm@notefont=\toks44
\thm@headpunct=\toks45
\thm@preskip=\skip56
\thm@postskip=\skip57
\thm@headsep=\skip58
\dth@everypar=\toks46
)
(C:\Users\inves\AppData\Local\Programs\MiKTeX\tex/latex/tools\bm.sty
Package: bm 2022/01/05 v1.2f Bold Symbol Support (DPC/FMi)
\symboldoperators=\mathgroup4
\symboldletters=\mathgroup5
\symboldsymbols=\mathgroup6
Package bm Info: No bold for \OMX/cmex/m/n, using \pmb.
LaTeX Font Info:    Redeclaring math alphabet \mathbf on input line 149.
)
(C:\Users\inves\AppData\Local\Programs\MiKTeX\tex/latex/caption\subcaption.sty
Package: subcaption 2022/01/07 v1.5 Sub-captions (AR)

(C:\Users\inves\AppData\Local\Programs\MiKTeX\tex/latex/caption\caption.sty
Package: caption 2022/03/01 v3.6b Customizing captions (AR)

(C:\Users\inves\AppData\Local\Programs\MiKTeX\tex/latex/caption\caption3.sty
Package: caption3 2022/03/17 v2.3b caption3 kernel (AR)
\caption@tempdima=\dimen277
\captionmargin=\dimen278
\caption@leftmargin=\dimen279
\caption@rightmargin=\dimen280
\caption@width=\dimen281
\caption@indent=\dimen282
\caption@parindent=\dimen283
\caption@hangindent=\dimen284
Package caption Info: Standard document class detected.
)
\c@caption@flags=\count318
\c@continuedfloat=\count319
Package caption Info: listings package is loaded.
)
\c@subfigure=\count320
\c@subtable=\count321
)
(C:\Users\inves\AppData\Local\Programs\MiKTeX\tex/latex/threeparttable\threepar
ttable.sty
Package: threeparttable 2003/06/13  v 3.0
\@tempboxb=\box79
)
(C:\Users\inves\AppData\Local\Programs\MiKTeX\tex/latex/wrapfig\wrapfig.sty
\wrapoverhang=\dimen285
\WF@size=\dimen286
\c@WF@wrappedlines=\count322
\WF@box=\box80
\WF@everypar=\toks47
Package: wrapfig 2003/01/31  v 3.6
)
(C:\Users\inves\AppData\Local\Programs\MiKTeX\tex/latex/graphics\lscape.sty
Package: lscape 2020/05/28 v3.02 Landscape Pages (DPC)
)
(C:\Users\inves\AppData\Local\Programs\MiKTeX\tex/latex/graphics\rotating.sty
Package: rotating 2016/08/11 v2.16d rotated objects in LaTeX

(C:\Users\inves\AppData\Local\Programs\MiKTeX\tex/latex/base\ifthen.sty
Package: ifthen 2022/04/13 v1.1d Standard LaTeX ifthen package (DPC)
)
\c@r@tfl@t=\count323
\rotFPtop=\skip59
\rotFPbot=\skip60
\rot@float@box=\box81
\rot@mess@toks=\toks48
)
(C:\Users\inves\AppData\Local\Programs\MiKTeX\tex/latex/epstopdf-pkg\epstopdf.s
ty
Package: epstopdf 2020-01-24 v2.11 Conversion with epstopdf on the fly (HO)
 (C:\Users\inves\AppData\Local\Programs\MiKTeX\tex/latex/grfext\grfext.sty
Package: grfext 2019/12/03 v1.3 Manage graphics extensions (HO)

(C:\Users\inves\AppData\Local\Programs\MiKTeX\tex/generic/kvdefinekeys\kvdefine
keys.sty
Package: kvdefinekeys 2019-12-19 v1.6 Define keys (HO)
))
(C:\Users\inves\AppData\Local\Programs\MiKTeX\tex/latex/kvoptions\kvoptions.sty
Package: kvoptions 2022-06-15 v3.15 Key value format for package options (HO)

(C:\Users\inves\AppData\Local\Programs\MiKTeX\tex/latex/kvsetkeys\kvsetkeys.sty
Package: kvsetkeys 2022-10-05 v1.19 Key value parser (HO)
))
(C:\Users\inves\AppData\Local\Programs\MiKTeX\tex/latex/epstopdf-pkg\epstopdf-b
ase.sty
Package: epstopdf-base 2020-01-24 v2.11 Base part for package epstopdf
Package epstopdf-base Info: Redefining graphics rule for `.eps' on input line 4
85.
Package grfext Info: Graphics extension search list:
(grfext)             [.pdf,.png,.jpg,.mps,.jpeg,.jbig2,.jb2,.PDF,.PNG,.JPG,.JPE
G,.JBIG2,.JB2,.eps]
(grfext)             \AppendGraphicsExtensions on input line 504.

(C:\Users\inves\AppData\Local\Programs\MiKTeX\tex/latex/00miktex\epstopdf-sys.c
fg
File: epstopdf-sys.cfg 2021/03/18 v2.0 Configuration of epstopdf for MiKTeX
)))
(C:\Users\inves\AppData\Local\Programs\MiKTeX\tex/latex/marginnote\marginnote.s
ty
Package: marginnote 2018/08/09 v1.4b non floating margin notes for LaTeX
\c@mn@abspage=\count324
) (C:\Users\inves\AppData\Local\Programs\MiKTeX\tex/generic/soul\soul.sty
Package: soul 2003/11/17 v2.4 letterspacing/underlining (mf)
\SOUL@word=\toks49
\SOUL@lasttoken=\toks50
\SOUL@cmds=\toks51
\SOUL@buffer=\toks52
\SOUL@token=\toks53
\SOUL@spaceskip=\skip61
\SOUL@ttwidth=\dimen287
\SOUL@uldp=\dimen288
\SOUL@ulht=\dimen289
)
(C:\Users\inves\AppData\Local\Programs\MiKTeX\tex/latex/appendix\appendix.sty
Package: appendix 2020/02/08 v1.2c extra appendix facilities
\c@@pps=\count325
\c@@ppsavesec=\count326
\c@@ppsaveapp=\count327
)
(C:\Users\inves\AppData\Local\Programs\MiKTeX\tex/latex/tools\enumerate.sty
Package: enumerate 2015/07/23 v3.00 enumerate extensions (DPC)
\@enLab=\toks54
)
(C:\Users\inves\AppData\Local\Programs\MiKTeX\tex/latex/natbib\natbib.sty
Package: natbib 2010/09/13 8.31b (PWD, AO)
\bibhang=\skip62
\bibsep=\skip63
LaTeX Info: Redefining \cite on input line 694.
\c@NAT@ctr=\count328
)
(C:\Users\inves\AppData\Local\Programs\MiKTeX\tex/latex/algorithms\algorithm.st
y
Package: algorithm 2009/08/24 v0.1 Document Style `algorithm' - floating enviro
nment
 (C:\Users\inves\AppData\Local\Programs\MiKTeX\tex/latex/float\float.sty
Package: float 2001/11/08 v1.3d Float enhancements (AL)
\c@float@type=\count329
\float@exts=\toks55
\float@box=\box82
\@float@everytoks=\toks56
\@floatcapt=\box83
)
\@float@every@algorithm=\toks57
\c@algorithm=\count330
)
(C:\Users\inves\AppData\Local\Programs\MiKTeX\tex/latex/algorithms\algorithmic.
sty
Package: algorithmic 2009/08/24 v0.1 Document Style `algorithmic'
\c@ALC@unique=\count331
\c@ALC@line=\count332
\c@ALC@rem=\count333
\c@ALC@depth=\count334
\ALC@tlm=\skip64
\algorithmicindent=\skip65
)
(C:\Users\inves\AppData\Local\Programs\MiKTeX\tex/latex/amsfonts\amssymb.sty
Package: amssymb 2013/01/14 v3.01 AMS font symbols

(C:\Users\inves\AppData\Local\Programs\MiKTeX\tex/latex/amsfonts\amsfonts.sty
Package: amsfonts 2013/01/14 v3.01 Basic AMSFonts support
\symAMSa=\mathgroup7
\symAMSb=\mathgroup8
LaTeX Font Info:    Redeclaring math symbol \hbar on input line 98.
LaTeX Font Info:    Overwriting math alphabet `\mathfrak' in version `bold'
(Font)                  U/euf/m/n --> U/euf/b/n on input line 106.
)) (C:\Users\inves\AppData\Local\Programs\MiKTeX\tex/latex/mdframed\mdframed.st
y
Package: mdframed 2013/07/01 1.9b: mdframed

(C:\Users\inves\AppData\Local\Programs\MiKTeX\tex/latex/l3packages/xparse\xpars
e.sty
(C:\Users\inves\AppData\Local\Programs\MiKTeX\tex/latex/l3kernel\expl3.sty
Package: expl3 2022-09-28 L3 programming layer (loader) 

(C:\Users\inves\AppData\Local\Programs\MiKTeX\tex/latex/l3backend\l3backend-pdf
tex.def
File: l3backend-pdftex.def 2022-09-28 L3 backend support: PDF output (pdfTeX)
\l__color_backend_stack_int=\count335
\l__pdf_internal_box=\box84
))
Package: xparse 2022-06-22 L3 Experimental document command parser
)
(C:\Users\inves\AppData\Local\Programs\MiKTeX\tex/latex/zref\zref-abspage.sty
Package: zref-abspage 2022-04-07 v2.34 Module abspage for zref (HO)

(C:\Users\inves\AppData\Local\Programs\MiKTeX\tex/latex/zref\zref-base.sty
Package: zref-base 2022-04-07 v2.34 Module base for zref (HO)

(C:\Users\inves\AppData\Local\Programs\MiKTeX\tex/generic/etexcmds\etexcmds.sty
Package: etexcmds 2019/12/15 v1.7 Avoid name clashes with e-TeX commands (HO)
) (C:\Users\inves\AppData\Local\Programs\MiKTeX\tex/latex/auxhook\auxhook.sty
Package: auxhook 2019-12-17 v1.6 Hooks for auxiliary files (HO)
)
Package zref Info: New property list: main on input line 767.
Package zref Info: New property: default on input line 768.
Package zref Info: New property: page on input line 769.
) (C:\Users\inves\AppData\Local\Programs\MiKTeX\tex/latex/base\atbegshi-ltx.sty
Package: atbegshi-ltx 2021/01/10 v1.0c Emulation of the original atbegshi
package with kernel methods
)
\c@abspage=\count336
Package zref Info: New property: abspage on input line 65.
)
(C:\Users\inves\AppData\Local\Programs\MiKTeX\tex/latex/needspace\needspace.sty
Package: needspace 2010/09/12 v1.3d reserve vertical space
)
\mdf@templength=\skip66
\c@mdf@globalstyle@cnt=\count337
\mdf@skipabove@length=\skip67
\mdf@skipbelow@length=\skip68
\mdf@leftmargin@length=\skip69
\mdf@rightmargin@length=\skip70
\mdf@innerleftmargin@length=\skip71
\mdf@innerrightmargin@length=\skip72
\mdf@innertopmargin@length=\skip73
\mdf@innerbottommargin@length=\skip74
\mdf@splittopskip@length=\skip75
\mdf@splitbottomskip@length=\skip76
\mdf@outermargin@length=\skip77
\mdf@innermargin@length=\skip78
\mdf@linewidth@length=\skip79
\mdf@innerlinewidth@length=\skip80
\mdf@middlelinewidth@length=\skip81
\mdf@outerlinewidth@length=\skip82
\mdf@roundcorner@length=\skip83
\mdf@footenotedistance@length=\skip84
\mdf@userdefinedwidth@length=\skip85
\mdf@needspace@length=\skip86
\mdf@frametitleaboveskip@length=\skip87
\mdf@frametitlebelowskip@length=\skip88
\mdf@frametitlerulewidth@length=\skip89
\mdf@frametitleleftmargin@length=\skip90
\mdf@frametitlerightmargin@length=\skip91
\mdf@shadowsize@length=\skip92
\mdf@extratopheight@length=\skip93
\mdf@subtitleabovelinewidth@length=\skip94
\mdf@subtitlebelowlinewidth@length=\skip95
\mdf@subtitleaboveskip@length=\skip96
\mdf@subtitlebelowskip@length=\skip97
\mdf@subtitleinneraboveskip@length=\skip98
\mdf@subtitleinnerbelowskip@length=\skip99
\mdf@subsubtitleabovelinewidth@length=\skip100
\mdf@subsubtitlebelowlinewidth@length=\skip101
\mdf@subsubtitleaboveskip@length=\skip102
\mdf@subsubtitlebelowskip@length=\skip103
\mdf@subsubtitleinneraboveskip@length=\skip104
\mdf@subsubtitleinnerbelowskip@length=\skip105

(C:\Users\inves\AppData\Local\Programs\MiKTeX\tex/latex/mdframed\md-frame-0.mdf
File: md-frame-0.mdf 2013/07/01\ 1.9b: md-frame-0
)
\mdf@frametitlebox=\box85
\mdf@footnotebox=\box86
\mdf@splitbox@one=\box87
\mdf@splitbox@two=\box88
\mdf@splitbox@save=\box89
\mdfsplitboxwidth=\skip106
\mdfsplitboxtotalwidth=\skip107
\mdfsplitboxheight=\skip108
\mdfsplitboxdepth=\skip109
\mdfsplitboxtotalheight=\skip110
\mdfframetitleboxwidth=\skip111
\mdfframetitleboxtotalwidth=\skip112
\mdfframetitleboxheight=\skip113
\mdfframetitleboxdepth=\skip114
\mdfframetitleboxtotalheight=\skip115
\mdffootnoteboxwidth=\skip116
\mdffootnoteboxtotalwidth=\skip117
\mdffootnoteboxheight=\skip118
\mdffootnoteboxdepth=\skip119
\mdffootnoteboxtotalheight=\skip120
\mdftotallinewidth=\skip121
\mdfboundingboxwidth=\skip122
\mdfboundingboxtotalwidth=\skip123
\mdfboundingboxheight=\skip124
\mdfboundingboxdepth=\skip125
\mdfboundingboxtotalheight=\skip126
\mdf@freevspace@length=\skip127
\mdf@horizontalwidthofbox@length=\skip128
\mdf@verticalmarginwhole@length=\skip129
\mdf@horizontalspaceofbox=\skip130
\mdfsubtitleheight=\skip131
\mdfsubsubtitleheight=\skip132
\c@mdfcountframes=\count338

****** mdframed patching \endmdf@trivlist

****** -- success******

\mdf@envdepth=\count339
\c@mdf@env@i=\count340
\c@mdf@env@ii=\count341
\c@mdf@zref@counter=\count342
Package zref Info: New property: mdf@pagevalue on input line 895.
) (C:\Users\inves\AppData\Local\Programs\MiKTeX\tex/latex/cases\cases.sty
Package: cases 2020/03/29 ver 3.2
\numc@numwid=\dimen290
)
(C:\Users\inves\AppData\Local\Programs\MiKTeX\tex/latex/marvosym\marvosym.sty
Package: marvosym 2011/07/20 v2.2 Martin Vogel's Symbols font definitions
)
(C:\Users\inves\AppData\Local\Programs\MiKTeX\tex/latex/fancyref\fancyref.sty
Package: fancyref 1999/02/03 v0.9c Fancy cross-referencing

(C:\Users\inves\AppData\Local\Programs\MiKTeX\tex/latex/tools\varioref.sty
Package: varioref 2022/01/09 v1.6f package for extended references (FMi)
\c@vrcnt=\count343
))
(C:\Users\inves\AppData\Local\Programs\MiKTeX\tex/latex/titlesec\titlesec.sty
Package: titlesec 2021/07/05 v2.14 Sectioning titles
\ttl@box=\box90
\beforetitleunit=\skip133
\aftertitleunit=\skip134
\ttl@plus=\dimen291
\ttl@minus=\dimen292
\ttl@toksa=\toks58
\titlewidth=\dimen293
\titlewidthlast=\dimen294
\titlewidthfirst=\dimen295
)
(C:\Users\inves\AppData\Local\Programs\MiKTeX\tex/latex/imakeidx\imakeidx.sty
Package: imakeidx 2016/10/15 v1.3e Package for typesetting indices in a synchro
nous mode

(C:\Users\inves\AppData\Local\Programs\MiKTeX\tex/latex/xkeyval\xkeyval.sty
Package: xkeyval 2022/06/16 v2.9 package option processing (HA)

(C:\Users\inves\AppData\Local\Programs\MiKTeX\tex/generic/xkeyval\xkeyval.tex
(C:\Users\inves\AppData\Local\Programs\MiKTeX\tex/generic/xkeyval\xkvutils.tex
\XKV@toks=\toks59
\XKV@tempa@toks=\toks60
)
\XKV@depth=\count344
File: xkeyval.tex 2014/12/03 v2.7a key=value parser (HA)
)) (C:\Users\inves\AppData\Local\Programs\MiKTeX\tex/generic/iftex\ifxetex.sty
Package: ifxetex 2019/10/25 v0.7 ifxetex legacy package. Use iftex instead.
) (C:\Users\inves\AppData\Local\Programs\MiKTeX\tex/generic/iftex\ifluatex.sty
Package: ifluatex 2019/10/25 v1.5 ifluatex legacy package. Use iftex instead.
)
(C:\Users\inves\AppData\Local\Programs\MiKTeX\tex/latex/tools\multicol.sty
Package: multicol 2021/11/30 v1.9d multicolumn formatting (FMi)
\c@tracingmulticols=\count345
\mult@box=\box91
\multicol@leftmargin=\dimen296
\c@unbalance=\count346
\c@collectmore=\count347
\doublecol@number=\count348
\multicoltolerance=\count349
\multicolpretolerance=\count350
\full@width=\dimen297
\page@free=\dimen298
\premulticols=\dimen299
\postmulticols=\dimen300
\multicolsep=\skip135
\multicolbaselineskip=\skip136
\partial@page=\box92
\last@line=\box93
\maxbalancingoverflow=\dimen301
\mult@rightbox=\box94
\mult@grightbox=\box95
\mult@firstbox=\box96
\mult@gfirstbox=\box97
\@tempa=\box98
\@tempa=\box99
\@tempa=\box100
\@tempa=\box101
\@tempa=\box102
\@tempa=\box103
\@tempa=\box104
\@tempa=\box105
\@tempa=\box106
\@tempa=\box107
\@tempa=\box108
\@tempa=\box109
\@tempa=\box110
\@tempa=\box111
\@tempa=\box112
\@tempa=\box113
\@tempa=\box114
\@tempa=\box115
\@tempa=\box116
\@tempa=\box117
\@tempa=\box118
\@tempa=\box119
\@tempa=\box120
\@tempa=\box121
\@tempa=\box122
\@tempa=\box123
\@tempa=\box124
\@tempa=\box125
\@tempa=\box126
\@tempa=\box127
\@tempa=\box128
\@tempa=\box129
\@tempa=\box130
\@tempa=\box131
\@tempa=\box132
\@tempa=\box133
\c@minrows=\count351
\c@columnbadness=\count352
\c@finalcolumnbadness=\count353
\last@try=\dimen302
\multicolovershoot=\dimen303
\multicolundershoot=\dimen304
\mult@nat@firstbox=\box134
\colbreak@box=\box135
\mc@col@check@num=\count354
))
(C:\Users\inves\AppData\Local\Programs\MiKTeX\tex/latex/scalerel\scalerel.sty
Package: scalerel 2016/12/29 v1.8 Routines for constrained scaling and stretchi
ng of objects, relative to a reference object or in absolute terms
\thesrwidth=\skip137
\thesrheight=\skip138
\srblobheight=\skip139
\srblobdepth=\skip140
\mnxsrwidth=\skip141
\LMex=\skip142
\LMpt=\skip143
)
(C:\Users\inves\AppData\Local\Programs\MiKTeX\tex/latex/geometry\geometry.sty
Package: geometry 2020/01/02 v5.9 Page Geometry

(C:\Users\inves\AppData\Local\Programs\MiKTeX\tex/generic/iftex\ifvtex.sty
Package: ifvtex 2019/10/25 v1.7 ifvtex legacy package. Use iftex instead.
)
\Gm@cnth=\count355
\Gm@cntv=\count356
\c@Gm@tempcnt=\count357
\Gm@bindingoffset=\dimen305
\Gm@wd@mp=\dimen306
\Gm@odd@mp=\dimen307
\Gm@even@mp=\dimen308
\Gm@layoutwidth=\dimen309
\Gm@layoutheight=\dimen310
\Gm@layouthoffset=\dimen311
\Gm@layoutvoffset=\dimen312
\Gm@dimlist=\toks61

(C:\Users\inves\AppData\Local\Programs\MiKTeX\tex/latex/geometry\geometry.cfg))

(C:\Users\inves\AppData\Local\Programs\MiKTeX\tex/latex/sidenotes\sidenotes.sty

(C:\Users\inves\AppData\Local\Programs\MiKTeX\tex/latex/l3packages/l3keys2e\l3k
eys2e.sty
Package: l3keys2e 2022-06-22 LaTeX2e option processing using LaTeX3 keys
)
Package: sidenotes 2016/04/21 v1.00 rich text in the margin for LaTeX

(C:\Users\inves\AppData\Local\Programs\MiKTeX\tex/latex/changepage\changepage.s
ty
Package: changepage 2009/10/20 v1.0c check page and change page layout
\c@cp@cntr=\count358
\cp@tempcnt=\count359
)
\c@sidenote=\count360
\@sidenotes@marginfigurebox=\box136
\@sidenotes@margintablebox=\box137
)
(C:\Users\inves\AppData\Local\Programs\MiKTeX\tex/latex/morefloats\morefloats.s
ty
Package: morefloats 2015/07/22 v1.0h Raise limit of unprocessed floats (HMM)
Package morefloats Info: Maximum number of possible floats asked for: 36
(morefloats)             (i.e. 18 more floats).
(morefloats)             LaTeX might run out of memory before this
(morefloats)             (in which case it will notify you).
)
(C:\Users\inves\AppData\Local\Programs\MiKTeX\tex/latex/marginfix\marginfix.sty
Package: marginfix 2020/05/06 v1.2 Fix Margin Paragraphs
\Mfx@inject@insert=\insert252
\Mfx@marginbox=\box138
\Mfx@marginpos@min=\dimen313
\Mfx@marginpos@max=\dimen314
\Mfx@marginspace=\dimen315
\Mfx@marginheight=\dimen316
\Mfx@piece@content=\box139
\Mfx@piece@count=\count361
\Mfx@mparshift=\dimen317
\marginheightadjustment=\dimen318
\marginposadjustment=\dimen319
\Mfx@strutheight=\dimen320
) (C:\Users\inves\AppData\Local\Programs\MiKTeX\tex/latex/hyperref\hyperref.sty
Package: hyperref 2022-09-22 v7.00t Hypertext links for LaTeX
(C:\Users\inves\AppData\Local\Programs\MiKTeX\tex/latex/hycolor\hycolor.sty
Package: hycolor 2020-01-27 v1.10 Color options for hyperref/bookmark (HO)
)
(C:\Users\inves\AppData\Local\Programs\MiKTeX\tex/latex/letltxmacro\letltxmacro
.sty
Package: letltxmacro 2019/12/03 v1.6 Let assignment for LaTeX macros (HO)
)
(C:\Users\inves\AppData\Local\Programs\MiKTeX\tex/latex/hyperref\nameref.sty
Package: nameref 2022-05-17 v2.50 Cross-referencing by name of section

(C:\Users\inves\AppData\Local\Programs\MiKTeX\tex/latex/refcount\refcount.sty
Package: refcount 2019/12/15 v3.6 Data extraction from label references (HO)
)
(C:\Users\inves\AppData\Local\Programs\MiKTeX\tex/generic/gettitlestring\gettit
lestring.sty
Package: gettitlestring 2019/12/15 v1.6 Cleanup title references (HO)
)
\c@section@level=\count362
)
\@linkdim=\dimen321
\Hy@linkcounter=\count363
\Hy@pagecounter=\count364

(C:\Users\inves\AppData\Local\Programs\MiKTeX\tex/latex/hyperref\pd1enc.def
File: pd1enc.def 2022-09-22 v7.00t Hyperref: PDFDocEncoding definition (HO)
Now handling font encoding PD1 ...
... no UTF-8 mapping file for font encoding PD1
)
(C:\Users\inves\AppData\Local\Programs\MiKTeX\tex/generic/intcalc\intcalc.sty
Package: intcalc 2019/12/15 v1.3 Expandable calculations with integers (HO)
)
\Hy@SavedSpaceFactor=\count365

(C:\Users\inves\AppData\Local\Programs\MiKTeX\tex/latex/hyperref\puenc.def
File: puenc.def 2022-09-22 v7.00t Hyperref: PDF Unicode definition (HO)
Now handling font encoding PU ...
... no UTF-8 mapping file for font encoding PU
)
Package hyperref Info: Hyper figures OFF on input line 4162.
Package hyperref Info: Link nesting OFF on input line 4167.
Package hyperref Info: Hyper index ON on input line 4170.
Package hyperref Info: Plain pages OFF on input line 4177.
Package hyperref Info: Backreferencing OFF on input line 4182.
Package hyperref Info: Implicit mode ON; LaTeX internals redefined.
Package hyperref Info: Bookmarks ON on input line 4410.
\c@Hy@tempcnt=\count366

(C:\Users\inves\AppData\Local\Programs\MiKTeX\tex/latex/url\url.sty
\Urlmuskip=\muskip17
Package: url 2013/09/16  ver 3.4  Verb mode for urls, etc.
)
LaTeX Info: Redefining \url on input line 4748.
\XeTeXLinkMargin=\dimen322

(C:\Users\inves\AppData\Local\Programs\MiKTeX\tex/generic/bitset\bitset.sty
Package: bitset 2019/12/09 v1.3 Handle bit-vector datatype (HO)

(C:\Users\inves\AppData\Local\Programs\MiKTeX\tex/generic/bigintcalc\bigintcalc
.sty
Package: bigintcalc 2019/12/15 v1.5 Expandable calculations on big integers (HO
)
))
\Fld@menulength=\count367
\Field@Width=\dimen323
\Fld@charsize=\dimen324
Package hyperref Info: Hyper figures OFF on input line 6027.
Package hyperref Info: Link nesting OFF on input line 6032.
Package hyperref Info: Hyper index ON on input line 6035.
Package hyperref Info: backreferencing OFF on input line 6042.
Package hyperref Info: Link coloring OFF on input line 6047.
Package hyperref Info: Link coloring with OCG OFF on input line 6052.
Package hyperref Info: PDF/A mode OFF on input line 6057.
\Hy@abspage=\count368
\c@Item=\count369
\c@Hfootnote=\count370
)
Package hyperref Info: Driver (autodetected): hpdftex.

(C:\Users\inves\AppData\Local\Programs\MiKTeX\tex/latex/hyperref\hpdftex.def
File: hpdftex.def 2022-09-22 v7.00t Hyperref driver for pdfTeX

(C:\Users\inves\AppData\Local\Programs\MiKTeX\tex/latex/base\atveryend-ltx.sty
Package: atveryend-ltx 2020/08/19 v1.0a Emulation of the original atveryend pac
kage
with kernel methods
)
\HyAnn@Count=\count371
\Fld@listcount=\count372
\c@bookmark@seq@number=\count373

(C:\Users\inves\AppData\Local\Programs\MiKTeX\tex/latex/rerunfilecheck\rerunfil
echeck.sty
Package: rerunfilecheck 2022-07-10 v1.10 Rerun checks for auxiliary files (HO)

(C:\Users\inves\AppData\Local\Programs\MiKTeX\tex/generic/uniquecounter\uniquec
ounter.sty
Package: uniquecounter 2019/12/15 v1.4 Provide unlimited unique counter (HO)
)
Package uniquecounter Info: New unique counter `rerunfilecheck' on input line 2
85.
)
\Hy@SectionHShift=\skip144
)
(C:\Users\inves\AppData\Local\Programs\MiKTeX\tex/latex/subfiles\subfiles.sty
Package: subfiles 2020/11/14 v2.2 Multi-file projects (package)

(C:\Users\inves\AppData\Local\Programs\MiKTeX\tex/latex/import\import.sty
Package: import 2020/04/01  v 6.2
))
(C:\Users\inves\AppData\Local\Programs\MiKTeX\tex/latex/thmbox\thmbox.sty
Package: thmbox 2005/04/24 v2.0 fancy theorem outlining
\thmbox@leftmargin=\dimen325
\thmbox@rightmargin=\dimen326
\thmbox@hskip=\dimen327
\thmbox@vskip=\dimen328
\thmbox@thickness=\dimen329
\thmbox@box=\box140
\thmbox@box@=\box141
\thmbox@dim=\dimen330
)
\c@ejemplo=\count374
\c@teo=\count375
)
(estilo.tex
\overhang=\skip145
)
\TesisAmelie@idxfile=\write5
\openout5 = `TesisAmelie.idx'.


Writing index file TesisAmelie.idx
(TesisAmelie.aux
LaTeX Info: Redefining \. on input line 23.
LaTeX Info: Redefining \% on input line 23.


LaTeX Warning: Label `fig: graficas elementos L2' multiply defined.


LaTeX Warning: Label `fig: simetrias entradas Legendre' multiply defined.


LaTeX Warning: Label `eq0: 5Dic' multiply defined.


LaTeX Warning: Label `eq3: 19En' multiply defined.


LaTeX Warning: Label `eq3: 19En' multiply defined.


LaTeX Warning: Label `Teo:proyOrt' multiply defined.


LaTeX Warning: Label `eq3: 19Marzo' multiply defined.

)
\openout1 = `TesisAmelie.aux'.

LaTeX Font Info:    Checking defaults for OML/cmm/m/it on input line 8.
LaTeX Font Info:    ... okay on input line 8.
LaTeX Font Info:    Checking defaults for OMS/cmsy/m/n on input line 8.
LaTeX Font Info:    ... okay on input line 8.
LaTeX Font Info:    Checking defaults for OT1/cmr/m/n on input line 8.
LaTeX Font Info:    ... okay on input line 8.
LaTeX Font Info:    Checking defaults for T1/cmr/m/n on input line 8.
LaTeX Font Info:    ... okay on input line 8.
LaTeX Font Info:    Checking defaults for TS1/cmr/m/n on input line 8.
LaTeX Font Info:    ... okay on input line 8.
LaTeX Font Info:    Checking defaults for OMX/cmex/m/n on input line 8.
LaTeX Font Info:    ... okay on input line 8.
LaTeX Font Info:    Checking defaults for U/cmr/m/n on input line 8.
LaTeX Font Info:    ... okay on input line 8.
LaTeX Font Info:    Checking defaults for PD1/pdf/m/n on input line 8.
LaTeX Font Info:    ... okay on input line 8.
LaTeX Font Info:    Checking defaults for PU/pdf/m/n on input line 8.
LaTeX Font Info:    ... okay on input line 8.

(C:\Users\inves\AppData\Local\Programs\MiKTeX\tex/context/base/mkii\supp-pdf.mk
ii
[Loading MPS to PDF converter (version 2006.09.02).]
\scratchcounter=\count376
\scratchdimen=\dimen331
\scratchbox=\box142
\nofMPsegments=\count377
\nofMParguments=\count378
\everyMPshowfont=\toks62
\MPscratchCnt=\count379
\MPscratchDim=\dimen332
\MPnumerator=\count380
\makeMPintoPDFobject=\count381
\everyMPtoPDFconversion=\toks63
)
\c@lstlisting=\count382
LaTeX Info: Redefining \. on input line 8.
LaTeX Info: Redefining \% on input line 8.
Package caption Info: Begin \AtBeginDocument code.
Package caption Info: changepage package is loaded.
\caption@adjustwidth@hsize=\dimen333
\caption@adjustwidth@linewidth=\dimen334
Package caption Info: float package is loaded.
Package caption Info: hyperref package is loaded.
Package caption Info: rotating package is loaded.
Package caption Info: threeparttable package is loaded.
Package caption Info: wrapfig package is loaded.
Package caption Info: End \AtBeginDocument code.

*geometry* driver: auto-detecting
*geometry* detected driver: pdftex
*geometry* verbose mode - [ preamble ] result:
* driver: pdftex
* paper: custom
* layout: <same size as paper>
* layoutoffset:(h,v)=(0.0pt,0.0pt)
* modes: 
* h-part:(L,W,R)=(72.0pt, 360.0pt, 165.50787pt)
* v-part:(T,H,B)=(42.0pt, 650.0pt, 153.04684pt)
* \paperwidth=597.50787pt
* \paperheight=845.04684pt
* \textwidth=360.0pt
* \textheight=650.0pt
* \oddsidemargin=-0.26999pt
* \evensidemargin=-0.26999pt
* \topmargin=-67.26999pt
* \headheight=12.0pt
* \headsep=25.0pt
* \topskip=11.0pt
* \footskip=40.0pt
* \marginparwidth=110.0pt
* \marginparsep=20.0pt
* \columnsep=10.0pt
* \skip\footins=10.0pt plus 4.0pt minus 2.0pt
* \hoffset=0.0pt
* \voffset=0.0pt
* \mag=1000
* \@twocolumnfalse
* \@twosidefalse
* \@mparswitchfalse
* \@reversemarginfalse
* (1in=72.27pt=25.4mm, 1cm=28.453pt)

\@sidenotes@extrawidth=\skip146
Package hyperref Info: Link coloring OFF on input line 8.
(TesisAmelie.out) (TesisAmelie.out)
\@outlinefile=\write6
\openout6 = `TesisAmelie.out'.

 (portada.tex
<./imagenes/logo_buap.png, id=198, 427.8384pt x 427.8384pt>
File: ./imagenes/logo_buap.png Graphic file (type png)
<use ./imagenes/logo_buap.png>
Package pdftex.def Info: ./imagenes/logo_buap.png  used on input line 17.
(pdftex.def)             Requested size: 149.74567pt x 149.74567pt.
<./imagenes/portada_tesis2.png, id=200, 105.7551pt x 467.8278pt>
File: ./imagenes/portada_tesis2.png Graphic file (type png)
<use ./imagenes/portada_tesis2.png>
Package pdftex.def Info: ./imagenes/portada_tesis2.png  used on input line 33.
(pdftex.def)             Requested size: 137.4816pt x 608.17607pt.

Overfull \hbox (27.4816pt too wide) in paragraph at lines 33--34
[][] 
 []

LaTeX Font Info:    Trying to load font information for U+msa on input line 34.

(C:\Users\inves\AppData\Local\Programs\MiKTeX\tex/latex/amsfonts\umsa.fd
File: umsa.fd 2013/01/14 v3.01 AMS symbols A
)
LaTeX Font Info:    Trying to load font information for U+msb on input line 34.


(C:\Users\inves\AppData\Local\Programs\MiKTeX\tex/latex/amsfonts\umsb.fd
File: umsb.fd 2013/01/14 v3.01 AMS symbols B
)
[1

{C:/Users/inves/AppData/Local/MiKTeX/fonts/map/pdftex/pdftex.map} <./imagenes/p
ortada_tesis2.png> <./imagenes/logo_buap.png>]) (agradecimientos.tex [2])
(pendientes_tesis.tex
Overfull \hbox (1.18205pt too wide) in paragraph at lines 34--35
[]\OT1/cmr/m/n/10 Deber^^S^^Pas ver es-te vi-deo: []$\OT1/cmtt/m/n/10 https : /
 / www . youtube . com / watch ? v = q5Nsc4LyhdE &
 []

[3]) [4] (TesisAmelie.toc
LaTeX Info: Redefining \. on input line 1.
LaTeX Info: Redefining \% on input line 1.
 [5

])
\tf@toc=\write7
\openout7 = `TesisAmelie.toc'.

 [6] (ConstruccionBases.tex (introduccion.tex
Cap\'{\i }tulo 1.
Package marginnote Info: Margin note 7.1 is on absolute page 8 on input line 61
.
Package marginnote Info: right page because not two side mode on input line 61.

Package marginnote Info: xpos seems to be 72.0pt on input line 61.

Underfull \hbox (badness 2293) in paragraph at lines 61--61
\OT1/cmr/m/n/8 pin-tan las gr^^Safi-cas de dos
 []

<./imagenes/ejemplo_intro.png, id=294, 576.7146pt x 293.4162pt>
File: ./imagenes/ejemplo_intro.png Graphic file (type png)
<use ./imagenes/ejemplo_intro.png>
Package pdftex.def Info: ./imagenes/ejemplo_intro.png  used on input line 61.
(pdftex.def)             Requested size: 346.03142pt x 176.05107pt.
[7

]
Package marginnote Info: Margin note 8.1 is on absolute page 9 on input line 15
4.
Package marginnote Info: right page because not two side mode on input line 154
.
Package marginnote Info: xpos seems to be 271.46884pt on input line 154.
Package marginnote Info: Margin note 8.2 is on absolute page 9 on input line 19
1.
Package marginnote Info: right page because not two side mode on input line 191
.
Package marginnote Info: xpos seems to be 158.19543pt on input line 191.
 [8 <./imagenes/ejemplo_intro.png>] [9]
Overfull \hbox (11.64423pt too wide) detected at line 279
[][] []\OML/cmm/m/it/10 dt \OT1/cmr/m/n/10 = []\OML/cmm/m/it/10 :
 []


Underfull \hbox (badness 10000) in paragraph at lines 304--304
\OT1/cmr/m/n/10 dien-tes re-fe-ren-cias al
 []


Package caption Warning: \label without proper reference on input line 369.
See the caption package documentation for explanation.


LaTeX Warning: Reference `fig: ortogonalizacion, discretizacion' on page 10 und
efined on input line 329.


LaTeX Warning: Reference `subsec: ejemplos' on page 10 undefined on input line 
360.

[10] [11]
<./imagenes/discr_ortog.png, id=352, 361.35pt x 481.8pt>
File: ./imagenes/discr_ortog.png Graphic file (type png)
<use ./imagenes/discr_ortog.png>
Package pdftex.def Info: ./imagenes/discr_ortog.png  used on input line 370.
(pdftex.def)             Requested size: 469.75496pt x 626.33992pt.

Overfull \hbox (113.08829pt too wide) in paragraph at lines 369--374
 [] 
 []

) (construccion_canonica.tex [12 <./imagenes/discr_ortog.png>]
<./imagenes/1En_1.png, id=361, 142.6128pt x 177.7842pt>
File: ./imagenes/1En_1.png Graphic file (type png)
<use ./imagenes/1En_1.png>
Package pdftex.def Info: ./imagenes/1En_1.png  used on input line 9.
(pdftex.def)             Requested size: 128.35031pt x 160.00427pt.

Overfull \hbox (18.35031pt too wide) in paragraph at lines 9--10
[][] 
 []


Underfull \vbox (badness 10000) detected at line 139
 []

[13 <./imagenes/1En_1.png>] [14]
Underfull \hbox (badness 10000) in paragraph at lines 291--298

 []

Package marginnote Info: Margin note 15.1 is on absolute page 16 on input line 
310.
Package marginnote Info: right page because not two side mode on input line 310
.
Package marginnote Info: xpos seems to be 72.0pt on input line 310.
<./imagenes/mall.png, id=404, 1114.4034pt x 614.295pt>
File: ./imagenes/mall.png Graphic file (type png)
<use ./imagenes/mall.png>
Package pdftex.def Info: ./imagenes/mall.png  used on input line 310.
(pdftex.def)             Requested size: 334.3236pt x 184.28992pt.
[15]
Underfull \hbox (badness 2435) in paragraph at lines 330--330
[]$[]$  \OT1/cmr/m/n/10 Una con-ten-ci^^Son se
 []

[16 <./imagenes/mall.png>]
<./imagenes/nuevas_lupas.png, id=435, 346.4142pt x 171.7617pt>
File: ./imagenes/nuevas_lupas.png Graphic file (type png)
<use ./imagenes/nuevas_lupas.png>
Package pdftex.def Info: ./imagenes/nuevas_lupas.png  used on input line 476.
(pdftex.def)             Requested size: 346.41335pt x 171.76128pt.
 [17] [18 <./imagenes/nuevas_lupas.png>]
Package marginnote Info: Margin note 19.1 is on absolute page 19 on input line 
597.
Package marginnote Info: right page because not two side mode on input line 597
.
Package marginnote Info: xpos seems to be 72.0pt on input line 597.
<./imagenes/25Nov_1.png, id=468, 688.0104pt x 346.1733pt>
File: ./imagenes/25Nov_1.png Graphic file (type png)
<use ./imagenes/25Nov_1.png>
Package pdftex.def Info: ./imagenes/25Nov_1.png  used on input line 598.
(pdftex.def)             Requested size: 357.76747pt x 180.01114pt.
 [19 <./imagenes/25Nov_1.png>] [20]) (propiedades_Legendre.tex [21]

LaTeX Warning: Reference `subsec: ejemplos' on page 22 undefined on input line 
23.


Underfull \hbox (badness 1348) in paragraph at lines 47--47
[]$[]$ \OT1/cmr/m/n/10 Los pro-duc-tos pun-to
 []


LaTeX Warning: Reference `subsec: ejemplos' on page 22 undefined on input line 
94.

[22] [23]
Package marginnote Info: Margin note 24.1 is on absolute page 24 on input line 
228.
Package marginnote Info: right page because not two side mode on input line 228
.
Package marginnote Info: xpos seems to be 72.0pt on input line 228.
<./imagenes/2Dic_1.png, id=544, 688.0104pt x 346.1733pt>
File: ./imagenes/2Dic_1.png Graphic file (type png)
<use ./imagenes/2Dic_1.png>
Package pdftex.def Info: ./imagenes/2Dic_1.png  used on input line 229.
(pdftex.def)             Requested size: 344.00436pt x 173.08621pt.
Package marginnote Info: Margin note 24.2 is on absolute page 24 on input line 
265.
Package marginnote Info: right page because not two side mode on input line 265
.
Package marginnote Info: xpos seems to be 72.0pt on input line 265.

Underfull \hbox (badness 2781) in paragraph at lines 265--265
[]\OT1/cmr/m/n/8 Figura 1.8: |El vec-tor for-
 []


Underfull \hbox (badness 10000) in paragraph at lines 265--265
\OML/cmm/m/it/8 G$ \OT1/cmr/m/n/8 de la fi-gu-ra []1.7[] es
 []


Underfull \hbox (badness 10000) in paragraph at lines 265--265
\OML/cmm/m/it/8 x \OT1/cmr/m/n/8 = (5\OML/cmm/m/it/8 ; \OT1/cmr/m/n/8 3\OML/cmm
/m/it/8 :\OT1/cmr/m/n/8 2\OML/cmm/m/it/8 ; \OT1/cmr/m/n/8 4\OML/cmm/m/it/8 :\OT
1/cmr/m/n/8 6\OML/cmm/m/it/8 ; \OT1/cmr/m/n/8 0\OML/cmm/m/it/8 ; \OMS/cmsy/m/n/
8 ^^@\OT1/cmr/m/n/8 0\OML/cmm/m/it/8 :\OT1/cmr/m/n/8 3)$.
 []


Underfull \hbox (badness 10000) in paragraph at lines 265--265
\OT1/cmr/m/n/8 Su pro-yec-ci^^Son al es-pa-
 []


Underfull \hbox (badness 3735) in paragraph at lines 265--265
\OT1/cmr/m/n/8 cio $\OML/cmm/m/it/8 W[]$ \OT1/cmr/m/n/8 es $^^E[](\OML/cmm/m/it
/8 x\OT1/cmr/m/n/8 ) =
 []


Underfull \hbox (badness 1062) in paragraph at lines 265--265
\OT1/cmr/m/n/8 la rec-ta cu-ya dis-cre-ti-za-ci^^Son
 []

<./imagenes/2Dic_2.png, id=549, 688.0104pt x 346.1733pt>
File: ./imagenes/2Dic_2.png Graphic file (type png)
<use ./imagenes/2Dic_2.png>
Package pdftex.def Info: ./imagenes/2Dic_2.png  used on input line 266.
(pdftex.def)             Requested size: 344.00436pt x 173.08621pt.
[24 <./imagenes/2Dic_1.png> <./imagenes/2Dic_2.png>]) (ejemplos.tex
Package marginnote Info: Margin note 25.1 is on absolute page 26 on input line 
34.
Package marginnote Info: right page because not two side mode on input line 34.

Package marginnote Info: xpos seems to be 72.0pt on input line 34.
<./imagenes/graficasLegendre2.png, id=571, 596.2275pt x 331.7193pt>
File: ./imagenes/graficasLegendre2.png Graphic file (type png)
<use ./imagenes/graficasLegendre2.png>
Package pdftex.def Info: ./imagenes/graficasLegendre2.png  used on input line 3
5.
(pdftex.def)             Requested size: 298.11302pt x 165.85924pt.
 [25]
Package marginnote Info: Margin note 26.1 is on absolute page 26 on input line 
45.
Package marginnote Info: right page because not two side mode on input line 45.

Package marginnote Info: xpos seems to be 72.0pt on input line 45.
<./imagenes/graficasLegendre3.png, id=579, 1381.8024pt x 346.1733pt>
File: ./imagenes/graficasLegendre3.png Graphic file (type png)
<use ./imagenes/graficasLegendre3.png>
Package pdftex.def Info: ./imagenes/graficasLegendre3.png  used on input line 4
6.
(pdftex.def)             Requested size: 359.26015pt x 90.00293pt.
Package marginnote Info: Margin note 26.2 is on absolute page 27 on input line 
106.
Package marginnote Info: right page because not two side mode on input line 106
.
Package marginnote Info: xpos seems to be 72.0pt on input line 106.

Underfull \hbox (badness 10000) in paragraph at lines 106--106
[]\OT1/cmr/m/n/8 Figura 1.11: |Gr^^Safi-cas de
 []


Underfull \hbox (badness 10000) in paragraph at lines 106--106
\OT1/cmr/m/n/8 que son, res-pec-ti-va-men-te,
 []


Underfull \hbox (badness 1292) in paragraph at lines 106--106
\OT1/cmr/m/n/8 de po-li-no-mios dis-cre-tos co-
 []


Underfull \hbox (badness 6348) in paragraph at lines 106--106
\OT1/cmr/m/n/8 a los res-pec-ti-vos es-pa-cios
 []


Underfull \hbox (badness 2310) in paragraph at lines 106--106
\OT1/cmr/m/n/8 am-bien-te. La de-fi-ni-ci^^Son de
 []

<./imagenes/legendre2y3.png, id=582, 361.35pt x 217.2918pt>
File: ./imagenes/legendre2y3.png Graphic file (type png)
<use ./imagenes/legendre2y3.png>
Package pdftex.def Info: ./imagenes/legendre2y3.png  used on input line 107.
(pdftex.def)             Requested size: 361.34912pt x 217.29124pt.

Overfull \hbox (1.34912pt too wide) in paragraph at lines 107--108
 [][] 
 []

[26 <./imagenes/graficasLegendre2.png> <./imagenes/graficasLegendre3.png>]
Package marginnote Info: Margin note 27.1 is on absolute page 27 on input line 
155.
Package marginnote Info: right page because not two side mode on input line 155
.
Package marginnote Info: xpos seems to be 72.0pt on input line 155.

Underfull \hbox (badness 1721) in paragraph at lines 155--155
[]\OT1/cmr/m/n/8 Figura 1.12: |Gr^^Safi-ca de la
 []

<./imagenes/graficaX_31Oct.png, id=596, 688.0104pt x 346.1733pt>
File: ./imagenes/graficaX_31Oct.png Graphic file (type png)
<use ./imagenes/graficaX_31Oct.png>
Package pdftex.def Info: ./imagenes/graficaX_31Oct.png  used on input line 156.

(pdftex.def)             Requested size: 275.19928pt x 138.46686pt.
[27 <./imagenes/legendre2y3.png> <./imagenes/graficaX_31Oct.png>]
Package marginnote Info: Margin note 28.1 is on absolute page 29 on input line 
244.
Package marginnote Info: right page because not two side mode on input line 244
.
Package marginnote Info: xpos seems to be 72.0pt on input line 244.

Underfull \hbox (badness 10000) in paragraph at lines 244--244
[]\OT1/cmr/m/n/8 Figura 1.13: |Gr^^Safi-cas de
 []


Underfull \hbox (badness 7540) in paragraph at lines 244--244
\OML/cmm/m/it/8 x$\OT1/cmr/m/n/8 , $^^E[](\OML/cmm/m/it/8 x\OT1/cmr/m/n/8 )$, $
^^E[](\OML/cmm/m/it/8 x\OT1/cmr/m/n/8 )$ y
 []

<./imagenes/parteAfinCuadr.png, id=613, 603.4545pt x 453.1329pt>
File: ./imagenes/parteAfinCuadr.png Graphic file (type png)
<use ./imagenes/parteAfinCuadr.png>
Package pdftex.def Info: ./imagenes/parteAfinCuadr.png  used on input line 245.

(pdftex.def)             Requested size: 362.07549pt x 271.88184pt.

Overfull \hbox (2.07549pt too wide) in paragraph at lines 245--246
 [][] 
 []

[28]
Package marginnote Info: Margin note 29.1 is on absolute page 30 on input line 
312.
Package marginnote Info: right page because not two side mode on input line 312
.
Package marginnote Info: xpos seems to be 72.0pt on input line 312.
<./imagenes/18Sept_1.png, id=620, 285.7074pt x 157.7895pt>
File: ./imagenes/18Sept_1.png Graphic file (type png)
<use ./imagenes/18Sept_1.png>
Package pdftex.def Info: ./imagenes/18Sept_1.png  used on input line 313.
(pdftex.def)             Requested size: 285.70668pt x 157.78911pt.
 [29 <./imagenes/parteAfinCuadr.png>]
<./imagenes/2Dic_4.png, id=630, 452.892pt x 171.7617pt>
File: ./imagenes/2Dic_4.png Graphic file (type png)
<use ./imagenes/2Dic_4.png>
Package pdftex.def Info: ./imagenes/2Dic_4.png  used on input line 378.
(pdftex.def)             Requested size: 384.96pt x 145.99812pt.

Overfull \hbox (24.96pt too wide) in paragraph at lines 378--391
 [] 
 []

[30 <./imagenes/18Sept_1.png>]
<./imagenes/2Dic_3.png, id=641, 312.6882pt x 170.0754pt>
File: ./imagenes/2Dic_3.png Graphic file (type png)
<use ./imagenes/2Dic_3.png>
Package pdftex.def Info: ./imagenes/2Dic_3.png  used on input line 399.
(pdftex.def)             Requested size: 218.88023pt x 119.05196pt.

Underfull \hbox (badness 10000) in paragraph at lines 445--445
[]$[]$  \OT1/cmr/m/n/10 En ge-ne-ral, si
 []


Underfull \hbox (badness 10000) in paragraph at lines 445--445
\OML/cmm/m/it/10 C \OT1/cmr/m/n/10 := \OMS/cmsy/m/n/10 jj\OT1/cmr/m/n/10 ^^E[](
\OML/cmm/m/it/10 x\OT1/cmr/m/n/10 )\OMS/cmsy/m/n/10 jj[]$\OT1/cmr/m/n/10 ,
 []

[31 <./imagenes/2Dic_4.png> <./imagenes/2Dic_3.png>]
<./imagenes/6Dic_0.png, id=661, 1387.584pt x 732.0951pt>
File: ./imagenes/6Dic_0.png Graphic file (type png)
<use ./imagenes/6Dic_0.png>
Package pdftex.def Info: ./imagenes/6Dic_0.png  used on input line 471.
(pdftex.def)             Requested size: 457.90413pt x 241.59212pt.

Overfull \hbox (97.90413pt too wide) in paragraph at lines 471--477
 [] 
 []

<./imagenes/6Dic_1.png, id=662, 1387.584pt x 732.0951pt>
File: ./imagenes/6Dic_1.png Graphic file (type png)
<use ./imagenes/6Dic_1.png>
Package pdftex.def Info: ./imagenes/6Dic_1.png  used on input line 483.
(pdftex.def)             Requested size: 457.90413pt x 241.59212pt.

Overfull \hbox (97.90413pt too wide) in paragraph at lines 483--488
 [] 
 []

[32 <./imagenes/6Dic_0.png>]
<./imagenes/6Dic_2.png, id=672, 1387.584pt x 732.0951pt>
File: ./imagenes/6Dic_2.png Graphic file (type png)
<use ./imagenes/6Dic_2.png>
Package pdftex.def Info: ./imagenes/6Dic_2.png  used on input line 494.
(pdftex.def)             Requested size: 457.90413pt x 241.59212pt.

Overfull \hbox (97.90413pt too wide) in paragraph at lines 494--499
 [] 
 []

<./imagenes/6Dic_3.png, id=673, 1387.584pt x 732.0951pt>
File: ./imagenes/6Dic_3.png Graphic file (type png)
<use ./imagenes/6Dic_3.png>
Package pdftex.def Info: ./imagenes/6Dic_3.png  used on input line 504.
(pdftex.def)             Requested size: 457.90413pt x 241.59212pt.

Overfull \hbox (97.90413pt too wide) in paragraph at lines 504--509
 [] 
 []

[33 <./imagenes/6Dic_1.png> <./imagenes/6Dic_2.png>]
<./imagenes/6Dic_4.png, id=684, 1387.584pt x 732.0951pt>
File: ./imagenes/6Dic_4.png Graphic file (type png)
<use ./imagenes/6Dic_4.png>
Package pdftex.def Info: ./imagenes/6Dic_4.png  used on input line 515.
(pdftex.def)             Requested size: 457.90413pt x 241.59212pt.

Overfull \hbox (97.90413pt too wide) in paragraph at lines 515--520
 [] 
 []

[34 <./imagenes/6Dic_3.png> <./imagenes/6Dic_4.png>]) (definiciones_altern.tex

Package hyperref Warning: Token not allowed in a PDF string (Unicode):
(hyperref)                removing `math shift' on input line 1.


Package hyperref Warning: Token not allowed in a PDF string (Unicode):
(hyperref)                removing `superscript' on input line 1.


Package hyperref Warning: Token not allowed in a PDF string (Unicode):
(hyperref)                removing `math shift' on input line 1.


Package hyperref Warning: Token not allowed in a PDF string (Unicode):
(hyperref)                removing `math shift' on input line 20.


Package hyperref Warning: Token not allowed in a PDF string (Unicode):
(hyperref)                removing `\Omega' on input line 20.


Package hyperref Warning: Token not allowed in a PDF string (Unicode):
(hyperref)                removing `subscript' on input line 20.


Package hyperref Warning: Token not allowed in a PDF string (Unicode):
(hyperref)                removing `math shift' on input line 20.

Package marginnote Info: Margin note 35.1 is on absolute page 36 on input line 
97.
Package marginnote Info: right page because not two side mode on input line 97.

Package marginnote Info: xpos seems to be 72.0pt on input line 97.
<./imagenes/EsquemaGral.png, id=706, 600.74437pt x 307.1475pt>
File: ./imagenes/EsquemaGral.png Graphic file (type png)
<use ./imagenes/EsquemaGral.png>
Package pdftex.def Info: ./imagenes/EsquemaGral.png  used on input line 98.
(pdftex.def)             Requested size: 360.4494pt x 184.28992pt.
[35]
Overfull \hbox (27.37506pt too wide) in paragraph at lines 237--237
[] 
 []

[36 <./imagenes/EsquemaGral.png>]
Overfull \hbox (27.37506pt too wide) in paragraph at lines 317--317
[] 
 []


Overfull \hbox (27.37506pt too wide) in paragraph at lines 336--336
[] 
 []

[37]
Overfull \hbox (27.37506pt too wide) in paragraph at lines 440--440
[] 
 []


Overfull \hbox (27.37506pt too wide) in paragraph at lines 465--465
[] 
 []

[38]
Overfull \hbox (27.37506pt too wide) in paragraph at lines 544--544
[] 
 []

[39]
Underfull \hbox (badness 10000) in paragraph at lines 583--588

 []

[40]

Package hyperref Warning: Token not allowed in a PDF string (Unicode):
(hyperref)                removing `math shift' on input line 705.


Package hyperref Warning: Token not allowed in a PDF string (Unicode):
(hyperref)                removing `superscript' on input line 705.


Package hyperref Warning: Token not allowed in a PDF string (Unicode):
(hyperref)                removing `math shift' on input line 705.

[41]
<./imagenes/1En_2.png, id=847, 138.2766pt x 160.9212pt>
File: ./imagenes/1En_2.png Graphic file (type png)
<use ./imagenes/1En_2.png>
Package pdftex.def Info: ./imagenes/1En_2.png  used on input line 718.
(pdftex.def)             Requested size: 138.27625pt x 160.9208pt.

Overfull \hbox (28.27625pt too wide) in paragraph at lines 718--720
[][] 
 []

[42 <./imagenes/1En_2.png>]
Underfull \hbox (badness 10000) in paragraph at lines 844--854

 []


Underfull \hbox (badness 10000) in paragraph at lines 861--863

 []


Underfull \vbox (badness 10000) detected at line 903
 []

[43]
Overfull \hbox (6.36263pt too wide) detected at line 952
[][][][][] [][] \OMS/cmsy/m/n/10 ^^@ [][]\OML/cmm/m/it/10 t[] \OT1/cmr/m/n/10 =
 [][]\OML/cmm/m/it/10 t[] \OMS/cmsy/m/n/10 ^^@ [][]\OML/cmm/m/it/10 t[] \OT1/cm
r/m/n/10 + (\OMS/cmsy/m/n/10 ^^C\OT1/cmr/m/n/10 ) = (\OMS/cmsy/m/n/10 ^^C\OT1/c
mr/m/n/10 )\OML/cmm/m/it/10 ;
 []

[44]
Package marginnote Info: Margin note 45.1 is on absolute page 45 on input line 
1031.
Package marginnote Info: right page because not two side mode on input line 103
1.
Package marginnote Info: xpos seems to be 72.0pt on input line 1031.
<./imagenes/5Dic_1.png, id=903, 609.02531pt x 645.16031pt>
File: ./imagenes/5Dic_1.png Graphic file (type png)
<use ./imagenes/5Dic_1.png>
Package pdftex.def Info: ./imagenes/5Dic_1.png  used on input line 1032.
(pdftex.def)             Requested size: 365.418pt x 387.09917pt.

Overfull \hbox (5.418pt too wide) in paragraph at lines 1032--1033
 [][] 
 []

Package marginnote Info: Margin note 45.2 is on absolute page 46 on input line 
1059.
Package marginnote Info: right page because not two side mode on input line 105
9.
Package marginnote Info: xpos seems to be 72.0pt on input line 1059.

Underfull \hbox (badness 1320) in paragraph at lines 1059--1059
\OT1/cmr/m/n/8 de-sa-rro-lla-da, fi-ja-da una di-
 []

<./imagenes/5Dic_2.png, id=904, 595.47469pt x 636.87938pt>
File: ./imagenes/5Dic_2.png Graphic file (type png)
<use ./imagenes/5Dic_2.png>
Package pdftex.def Info: ./imagenes/5Dic_2.png  used on input line 1060.
(pdftex.def)             Requested size: 297.7366pt x 318.4389pt.
) (comentarios_finales.tex [45 <./imagenes/5Dic_1.png>]
Underfull \hbox (badness 10000) in paragraph at lines 3--20

 []


Underfull \hbox (badness 10000) in paragraph at lines 21--25

 []


Package natbib Warning: Citation `Neuman' on page 46 undefined on input line 27
.

)) (expresiones_legendre.tex (revision_literatura.tex [46 <./imagenes/5Dic_2.pn
g>]

Package natbib Warning: Citation `Neuman' on page 47 undefined on input line 15
.


Underfull \hbox (badness 10000) in paragraph at lines 60--71

 []


Underfull \hbox (badness 10000) in paragraph at lines 85--90

 []

[47
pdfTeX warning (ext4): destination with the same identifier (name{equation.1.6.
69}) has been already used, duplicate ignored
<argument> ...shipout:D \box_use:N \l_shipout_box 
                                                  \__shipout_drop_firstpage_...
l.95 \]
       
pdfTeX warning (ext4): destination with the same identifier (name{equation.1.6.
69}) has been already used, duplicate ignored
<argument> ...shipout:D \box_use:N \l_shipout_box 
                                                  \__shipout_drop_firstpage_...
l.95 \]
       
pdfTeX warning (ext4): destination with the same identifier (name{equation.1.6.
70}) has been already used, duplicate ignored
<argument> ...shipout:D \box_use:N \l_shipout_box 
                                                  \__shipout_drop_firstpage_...
l.95 \]
       ]
Overfull \hbox (7.91951pt too wide) in paragraph at lines 114--125
\OT1/cmr/m/n/10 La ob-ten-ci^^Son de po-li-no-mios or-to-go-na-les en un con-ju
n-to de pun-tos $\OML/cmm/m/it/10 x\OT1/cmr/m/n/10 (1)\OML/cmm/m/it/10 ; [] ; x
\OT1/cmr/m/n/10 (\OML/cmm/m/it/10 n\OT1/cmr/m/n/10 )$
 []

) (deduccion_expresion.tex [48]
Cap\'{\i }tulo 2.

Package hyperref Warning: Token not allowed in a PDF string (Unicode):
(hyperref)                removing `math shift' on input line 1.


Package hyperref Warning: Token not allowed in a PDF string (Unicode):
(hyperref)                removing `superscript' on input line 1.


Package hyperref Warning: Token not allowed in a PDF string (Unicode):
(hyperref)                removing `math shift' on input line 1.


Package natbib Warning: Citation `Neuman' on page 49 undefined on input line 12
.


Package natbib Warning: Citation `Neuman' on page 49 undefined on input line 13
.


Package natbib Warning: Citation `Neuman' on page 49 undefined on input line 67
.


Package natbib Warning: Citation `Neuman' on page 49 undefined on input line 79
.

[49

]
Underfull \hbox (badness 10000) in paragraph at lines 142--144

 []

[50]

Package natbib Warning: Citation `Neuman' on page 51 undefined on input line 22
5.


Package natbib Warning: Citation `Neuman' on page 51 undefined on input line 23
0.


Package natbib Warning: Citation `Neuman' on page 51 undefined on input line 23
9.


Package natbib Warning: Citation `Neuman' on page 51 undefined on input line 27
3.

[51]
Overfull \hbox (30.59445pt too wide) detected at line 310
\OT1/cmr/m/n/10 (\OMS/cmsy/m/n/10 L[]\OT1/cmr/m/n/10 )[] = \OMS/cmsy/m/n/10 L[]
 \OT1/cmr/m/n/10 = (\OMS/cmsy/m/n/10 ^^@\OT1/cmr/m/n/10 1)[] \OMS/cmsy/m/n/10 ^
^A [] [][] \OML/cmm/m/it/10 :
 []

) (formulas_graficas.tex

Package hyperref Warning: Difference (2) between bookmark levels is greater 
(hyperref)                than one, level fixed on input line 1.


Package hyperref Warning: Token not allowed in a PDF string (Unicode):
(hyperref)                removing `math shift' on input line 1.


Package hyperref Warning: Token not allowed in a PDF string (Unicode):
(hyperref)                removing `superscript' on input line 1.


Package hyperref Warning: Token not allowed in a PDF string (Unicode):
(hyperref)                removing `math shift' on input line 1.


Overfull \hbox (166.83844pt too wide) detected at line 24
\OMS/cmsy/m/n/10 L[] \OT1/cmr/m/n/10 = \OMS/cmsy/m/n/10 ^^@[] [] \OML/cmm/m/it/
10 :
 []


Package hyperref Warning: Token not allowed in a PDF string (Unicode):
(hyperref)                removing `math shift' on input line 43.


Package hyperref Warning: Token not allowed in a PDF string (Unicode):
(hyperref)                removing `superscript' on input line 43.


Package hyperref Warning: Token not allowed in a PDF string (Unicode):
(hyperref)                removing `math shift' on input line 43.


Package hyperref Warning: Token not allowed in a PDF string (Unicode):
(hyperref)                removing `math shift' on input line 43.


Package hyperref Warning: Token not allowed in a PDF string (Unicode):
(hyperref)                removing `\leq' on input line 43.


Package hyperref Warning: Token not allowed in a PDF string (Unicode):
(hyperref)                removing `\leq' on input line 43.


Package hyperref Warning: Token not allowed in a PDF string (Unicode):
(hyperref)                removing `math shift' on input line 43.

[52]
Overfull \hbox (17.47008pt too wide) in paragraph at lines 73--105
 [] 
 []


Package hyperref Warning: Token not allowed in a PDF string (Unicode):
(hyperref)                removing `math shift' on input line 161.


Package hyperref Warning: Token not allowed in a PDF string (Unicode):
(hyperref)                removing `superscript' on input line 161.


Package hyperref Warning: Token not allowed in a PDF string (Unicode):
(hyperref)                removing `math shift' on input line 161.


Package hyperref Warning: Token not allowed in a PDF string (Unicode):
(hyperref)                removing `math shift' on input line 161.


Package hyperref Warning: Token not allowed in a PDF string (Unicode):
(hyperref)                removing `\leq' on input line 161.


Package hyperref Warning: Token not allowed in a PDF string (Unicode):
(hyperref)                removing `\leq' on input line 161.


Package hyperref Warning: Token not allowed in a PDF string (Unicode):
(hyperref)                removing `math shift' on input line 161.

<./imagenes/bases/BLD_dimensin 2 (figura 0).png, id=992, 462.528pt x 346.896p
t>
File: ./imagenes/bases/BLD_dimensin 2 (figura 0).png Graphic file (type png)
<use ./imagenes/bases/BLD_dimensin 2 (figura 0).png>
Package pdftex.def Info: ./imagenes/bases/BLD_dimensin 2 (figura 0).png  used
 on input line 169.
(pdftex.def)             Requested size: 370.02289pt x 277.51717pt.

Overfull \hbox (10.02289pt too wide) in paragraph at lines 169--170
 [][] 
 []

<./imagenes/bases/BLD_dimensin 3 (figura 0).png, id=993, 462.528pt x 346.896p
t>
File: ./imagenes/bases/BLD_dimensin 3 (figura 0).png Graphic file (type png)
<use ./imagenes/bases/BLD_dimensin 3 (figura 0).png>
Package pdftex.def Info: ./imagenes/bases/BLD_dimensin 3 (figura 0).png  used
 on input line 174.
(pdftex.def)             Requested size: 185.0079pt x 138.75594pt.
[53 <./imagenes/bases/BLD_dimensin 2 (figura 0).png>]
<./imagenes/bases/BLD_dimensin 4 (figura 0).png, id=1000, 462.528pt x 346.896
pt>
File: ./imagenes/bases/BLD_dimensin 4 (figura 0).png Graphic file (type png)
<use ./imagenes/bases/BLD_dimensin 4 (figura 0).png>
Package pdftex.def Info: ./imagenes/bases/BLD_dimensin 4 (figura 0).png  used
 on input line 179.
(pdftex.def)             Requested size: 185.0079pt x 138.75594pt.
<./imagenes/bases/BLD_dimensin 5 (figura 0).png, id=1001, 462.528pt x 346.896
pt>
File: ./imagenes/bases/BLD_dimensin 5 (figura 0).png Graphic file (type png)
<use ./imagenes/bases/BLD_dimensin 5 (figura 0).png>
Package pdftex.def Info: ./imagenes/bases/BLD_dimensin 5 (figura 0).png  used
 on input line 184.
(pdftex.def)             Requested size: 185.0079pt x 138.75594pt.
<./imagenes/bases/BLD_dimensin 5 (figura 1).png, id=1002, 462.528pt x 346.896
pt>
File: ./imagenes/bases/BLD_dimensin 5 (figura 1).png Graphic file (type png)
<use ./imagenes/bases/BLD_dimensin 5 (figura 1).png>
Package pdftex.def Info: ./imagenes/bases/BLD_dimensin 5 (figura 1).png  used
 on input line 190.
(pdftex.def)             Requested size: 185.0079pt x 138.75594pt.
<./imagenes/bases/BLD_dimensin 6 (figura 0).png, id=1003, 462.528pt x 346.896
pt>
File: ./imagenes/bases/BLD_dimensin 6 (figura 0).png Graphic file (type png)
<use ./imagenes/bases/BLD_dimensin 6 (figura 0).png>
Package pdftex.def Info: ./imagenes/bases/BLD_dimensin 6 (figura 0).png  used
 on input line 195.
(pdftex.def)             Requested size: 185.0079pt x 138.75594pt.
 [54 <./imagenes/bases/BLD_dimensin 3 (figura 0).png> <./imagenes/bases/BLD_d
imensin 4 (figura 0).png> <./imagenes/bases/BLD_dimensin 5 (figura 0).png> 
<./imagenes/bases/BLD_dimensin 5 (figura 1).png>]
<./imagenes/bases/BLD_dimensin 6 (figura 1).png, id=1016, 462.528pt x 346.896
pt>
File: ./imagenes/bases/BLD_dimensin 6 (figura 1).png Graphic file (type png)
<use ./imagenes/bases/BLD_dimensin 6 (figura 1).png>
Package pdftex.def Info: ./imagenes/bases/BLD_dimensin 6 (figura 1).png  used
 on input line 200.
(pdftex.def)             Requested size: 185.0079pt x 138.75594pt.
<./imagenes/bases/BLD_dimensin 7 (figura 0).png, id=1017, 462.528pt x 346.896
pt>
File: ./imagenes/bases/BLD_dimensin 7 (figura 0).png Graphic file (type png)
<use ./imagenes/bases/BLD_dimensin 7 (figura 0).png>
Package pdftex.def Info: ./imagenes/bases/BLD_dimensin 7 (figura 0).png  used
 on input line 205.
(pdftex.def)             Requested size: 185.0079pt x 138.75594pt.
<./imagenes/bases/BLD_dimensin 7 (figura 1).png, id=1018, 462.528pt x 346.896
pt>
File: ./imagenes/bases/BLD_dimensin 7 (figura 1).png Graphic file (type png)
<use ./imagenes/bases/BLD_dimensin 7 (figura 1).png>
Package pdftex.def Info: ./imagenes/bases/BLD_dimensin 7 (figura 1).png  used
 on input line 210.
(pdftex.def)             Requested size: 185.0079pt x 138.75594pt.
<./imagenes/bases/BLD_dimensin 8 (figura 0).png, id=1019, 462.528pt x 346.896
pt>
File: ./imagenes/bases/BLD_dimensin 8 (figura 0).png Graphic file (type png)
<use ./imagenes/bases/BLD_dimensin 8 (figura 0).png>
Package pdftex.def Info: ./imagenes/bases/BLD_dimensin 8 (figura 0).png  used
 on input line 216.
(pdftex.def)             Requested size: 185.0079pt x 138.75594pt.
 [55 <./imagenes/bases/BLD_dimensin 6 (figura 0).png> <./imagenes/bases/BLD_d
imensin 6 (figura 1).png> <./imagenes/bases/BLD_dimensin 7 (figura 0).png> 
<./imagenes/bases/BLD_dimensin 7 (figura 1).png>]
<./imagenes/bases/BLD_dimensin 8 (figura 1).png, id=1033, 462.528pt x 346.896
pt>
File: ./imagenes/bases/BLD_dimensin 8 (figura 1).png Graphic file (type png)
<use ./imagenes/bases/BLD_dimensin 8 (figura 1).png>
Package pdftex.def Info: ./imagenes/bases/BLD_dimensin 8 (figura 1).png  used
 on input line 222.
(pdftex.def)             Requested size: 185.0079pt x 138.75594pt.
)) (simetrias_codigos.tex (simetrias.tex [56 <./imagenes/bases/BLD_dimensin 8
 (figura 0).png> <./imagenes/bases/BLD_dimensin 8 (figura 1).png>]
Cap\'{\i }tulo 3.
<./imagenes/simetrias_Legendre.png, id=1044, 222.5916pt x 152.9715pt>
File: ./imagenes/simetrias_Legendre.png Graphic file (type png)
<use ./imagenes/simetrias_Legendre.png>
Package pdftex.def Info: ./imagenes/simetrias_Legendre.png  used on input line 
22.
(pdftex.def)             Requested size: 378.4041pt x 260.0504pt.

Overfull \hbox (18.4041pt too wide) in paragraph at lines 22--34
 [] 
 []


Package caption Warning: \label without proper reference on input line 32.
See the caption package documentation for explanation.


LaTeX Warning: Reference `fig: simetrias entradas Legendre' on page 57 undefine
d on input line 42.

[57

 <./imagenes/simetrias_Legendre.png>]
Overfull \hbox (17.47008pt too wide) in paragraph at lines 74--106
 [] 
 []

Package marginnote Info: Margin note 58.1 is on absolute page 58 on input line 
118.
Package marginnote Info: right page because not two side mode on input line 118
.
Package marginnote Info: xpos seems to be 72.0pt on input line 118.

Package caption Warning: \label without proper reference on input line 32.
See the caption package documentation for explanation.


LaTeX Warning: Reference `fig: simetrias entradas Legendre' on page 58 undefine
d on input line 118.


Package caption Warning: \label without proper reference on input line 32.
See the caption package documentation for explanation.


LaTeX Warning: Reference `fig: simetrias entradas Legendre' on page 58 undefine
d on input line 118.

<./imagenes/10Dic_1.png, id=1057, 385.1991pt x 205.4877pt>
File: ./imagenes/10Dic_1.png Graphic file (type png)
<use ./imagenes/10Dic_1.png>
Package pdftex.def Info: ./imagenes/10Dic_1.png  used on input line 119.
(pdftex.def)             Requested size: 308.15968pt x 164.39037pt.

Package hyperref Warning: Difference (2) between bookmark levels is greater 
(hyperref)                than one, level fixed on input line 123.

[58 <./imagenes/10Dic_1.png>] (codigo_imagenes.tex) [59]
<./imagenes/simetria1.png, id=1088, 554.82281pt x 118.94438pt>
File: ./imagenes/simetria1.png Graphic file (type png)
<use ./imagenes/simetria1.png>
Package pdftex.def Info: ./imagenes/simetria1.png  used on input line 262.
(pdftex.def)             Requested size: 388.37332pt x 83.26048pt.

Overfull \hbox (28.37332pt too wide) in paragraph at lines 262--270
 [] 
 []

[60 <./imagenes/simetria1.png>] [61]
<./imagenes/simetria2.png, id=1122, 289.8027pt x 85.7604pt>
File: ./imagenes/simetria2.png Graphic file (type png)
<use ./imagenes/simetria2.png>
Package pdftex.def Info: ./imagenes/simetria2.png  used on input line 445.
(pdftex.def)             Requested size: 376.74345pt x 111.48848pt.

Overfull \hbox (16.74345pt too wide) in paragraph at lines 445--453
 [] 
 []

<./imagenes/10Dic_3.png, id=1123, 226.6869pt x 113.4639pt>
File: ./imagenes/10Dic_3.png Graphic file (type png)
<use ./imagenes/10Dic_3.png>
Package pdftex.def Info: ./imagenes/10Dic_3.png  used on input line 466.
(pdftex.def)             Requested size: 226.68634pt x 113.46361pt.
) (codigo.tex [62 <./imagenes/simetria2.png> <./imagenes/10Dic_3.png>]
Cap\'{\i }tulo 4.
Package marginnote Info: Margin note 63.1 is on absolute page 63 on input line 
33.
Package marginnote Info: right page because not two side mode on input line 33.

Package marginnote Info: xpos seems to be 72.0pt on input line 33.
<./imagenes/7En_1.png, id=1137, 444.15938pt x 181.42781pt>
File: ./imagenes/7En_1.png Graphic file (type png)
<use ./imagenes/7En_1.png>
Package pdftex.def Info: ./imagenes/7En_1.png  used on input line 34.
(pdftex.def)             Requested size: 310.90944pt x 126.9986pt.
[63

 <./imagenes/7En_1.png>]
<./imagenes/matriz_lim_suc.png, id=1154, 271.0125pt x 137.0721pt>
File: ./imagenes/matriz_lim_suc.png Graphic file (type png)
<use ./imagenes/matriz_lim_suc.png>
Package pdftex.def Info: ./imagenes/matriz_lim_suc.png  used on input line 190.

(pdftex.def)             Requested size: 352.3162pt x 178.19368pt.
 [64]

Package hyperref Warning: Difference (2) between bookmark levels is greater 
(hyperref)                than one, level fixed on input line 213.

Package hyperref Info: bookmark level for unknown algorithm defaults to 0 on in
put line 265.
LaTeX Font Info:    Trying to load font information for OMS+cmr on input line 3
06.
(C:\Users\inves\AppData\Local\Programs\MiKTeX\tex/latex/base\omscmr.fd
File: omscmr.fd 2019/12/16 v2.5j Standard LaTeX font definitions
)
LaTeX Font Info:    Font shape `OMS/cmr/m/n' in size <10> not available
(Font)              Font shape `OMS/cmsy/m/n' tried instead on input line 306.
)
(espectral.tex [65 <./imagenes/matriz_lim_suc.png>] [66] [67] [68]
Cap\'{\i }tulo 5.
<./imagenes/oscil1.png, id=1243, 688.0104pt x 726.3135pt>
File: ./imagenes/oscil1.png Graphic file (type png)
<use ./imagenes/oscil1.png>
Package pdftex.def Info: ./imagenes/oscil1.png  used on input line 15.
(pdftex.def)             Requested size: 206.40471pt x 217.89574pt.

Overfull \hbox (26.40471pt too wide) in paragraph at lines 15--16
[][] 
 []


Overfull \hbox (1.22112pt too wide) in paragraph at lines 13--27
[]$[]$  $[]$ 
 []

<./imagenes/oscil2.png, id=1244, 688.0104pt x 726.3135pt>
File: ./imagenes/oscil2.png Graphic file (type png)
<use ./imagenes/oscil2.png>
Package pdftex.def Info: ./imagenes/oscil2.png  used on input line 48.
(pdftex.def)             Requested size: 206.40471pt x 217.89574pt.

Overfull \hbox (44.4058pt too wide) in paragraph at lines 48--49
[][] 
 []


Overfull \hbox (1.22112pt too wide) in paragraph at lines 29--51
[]$[]$  $[]$ 
 []

[69

 <./imagenes/oscil1.png>]
<./imagenes/oscil3.png, id=1251, 1387.584pt x 732.0951pt>
File: ./imagenes/oscil3.png Graphic file (type png)
<use ./imagenes/oscil3.png>
Package pdftex.def Info: ./imagenes/oscil3.png  used on input line 70.
(pdftex.def)             Requested size: 416.27841pt x 219.63022pt.

Overfull \hbox (56.27841pt too wide) in paragraph at lines 70--71
[][] 
 []

<./imagenes/oscil4.png, id=1252, 1387.584pt x 732.0951pt>
File: ./imagenes/oscil4.png Graphic file (type png)
<use ./imagenes/oscil4.png>
Package pdftex.def Info: ./imagenes/oscil4.png  used on input line 75.
(pdftex.def)             Requested size: 416.27841pt x 219.63022pt.

Overfull \hbox (56.27841pt too wide) in paragraph at lines 75--76
[][] 
 []

[70 <./imagenes/oscil2.png> <./imagenes/oscil3.png>]

Package hyperref Warning: Difference (2) between bookmark levels is greater 
(hyperref)                than one, level fixed on input line 80.

[71 <./imagenes/oscil4.png>] [72]
Package marginnote Info: Margin note 73.1 is on absolute page 73 on input line 
337.
Package marginnote Info: right page because not two side mode on input line 337
.
Package marginnote Info: xpos seems to be 72.0pt on input line 337.
<./imagenes/20Mar23_1.png, id=1299, 319.1925pt x 153.4533pt>
File: ./imagenes/20Mar23_1.png Graphic file (type png)
<use ./imagenes/20Mar23_1.png>
Package pdftex.def Info: ./imagenes/20Mar23_1.png  used on input line 338.
(pdftex.def)             Requested size: 319.19171pt x 153.4529pt.
 [73 <./imagenes/20Mar23_1.png>]
Overfull \hbox (2.56145pt too wide) detected at line 467
[]
 []

[74]
Overfull \hbox (0.42325pt too wide) detected at line 492
\OT1/cmr/m/n/10 ^^E[](\OML/cmm/m/it/10 x\OT1/cmr/m/n/10 ) = []\OML/cmm/m/it/10 
f[] \OT1/cmr/m/n/10 + []\OML/cmm/m/it/10 g[];
 []


Underfull \vbox (badness 10000) detected at line 528
 []

[75]

Package hyperref Warning: Token not allowed in a PDF string (Unicode):
(hyperref)                removing `math shift' on input line 545.


Package hyperref Warning: Token not allowed in a PDF string (Unicode):
(hyperref)                removing `math shift' on input line 545.

[76])) (Teoria.tex [77]
Ap\'{e}ndice A.
(apendice_pol.tex [78

] [79]) (apendice_def.tex
Underfull \hbox (badness 10000) in paragraph at lines 7--8

 []


Underfull \hbox (badness 10000) in paragraph at lines 11--22

 []


Overfull \vbox (9.14738pt too high) detected at line 47
 []

[80] [81]) (apendice_hiperpl.tex [82]) (apendice_proyOrt.tex

Package natbib Warning: Citation `Nimark' on page 83 undefined on input line 5.



Underfull \hbox (badness 1406) in paragraph at lines 35--35
\OT1/cmr/m/n/10 es un es-pa-cio vec-to-rial
 []


Underfull \hbox (badness 2368) in paragraph at lines 35--35
\OT1/cmr/m/n/10 subes-pa-cio vec-to-rial de
 []


Underfull \hbox (badness 1215) in paragraph at lines 35--35
\OT1/cmr/m/n/10 (pen-sa-do co-mo sub-con-
 []


Underfull \hbox (badness 10000) in paragraph at lines 22--37

 []

[83]

Package natbib Warning: Citation `Kreyszig' on page 84 undefined on input line 
44.

[84]

Package natbib Warning: Citation `Lang' on page 85 undefined on input line 161.



Underfull \hbox (badness 10000) in paragraph at lines 198--201

 []


Underfull \hbox (badness 10000) in paragraph at lines 218--221

 []

[85]) (apendice_gramSchm.tex
Underfull \hbox (badness 10000) in paragraph at lines 25--33

 []

[86] [87]) (apendice_anguloPuntoPlano.tex
<./imagenes/coseno.png, id=1454, 688.0104pt x 346.1733pt>
File: ./imagenes/coseno.png Graphic file (type png)
<use ./imagenes/coseno.png>
Package pdftex.def Info: ./imagenes/coseno.png  used on input line 27.
(pdftex.def)             Requested size: 68.80507pt x 34.61935pt.
 [88 <./imagenes/coseno.png>] [89])
(apendice_BONhilbert.tex [90] [91]
Overfull \vbox (7.02567pt too high) detected at line 149
 []

[92]
Underfull \hbox (badness 10000) in paragraph at lines 219--222

 []


Overfull \hbox (94.52574pt too wide) detected at line 241
[]
 []

[93]
Overfull \hbox (63.91286pt too wide) detected at line 282
[]
 []

[94]
Underfull \vbox (badness 10000) detected at line 374
 []

[95]
Underfull \vbox (badness 10000) detected at line 434
 []

[96]
Underfull \hbox (badness 10000) in paragraph at lines 451--455

 []

) (apendice_sumOrt.tex
Underfull \hbox (badness 10000) in paragraph at lines 33--36

 []

[97] [98] [99]
Package marginnote Info: Margin note 100.1 is on absolute page 100 on input lin
e 241.
Package marginnote Info: right page because not two side mode on input line 241
.
Package marginnote Info: xpos seems to be 72.0pt on input line 241.
<./imagenes/31Julio_1.png, id=1584, 109.6095pt x 102.6234pt>
File: ./imagenes/31Julio_1.png Graphic file (type png)
<use ./imagenes/31Julio_1.png>
Package pdftex.def Info: ./imagenes/31Julio_1.png  used on input line 242.
(pdftex.def)             Requested size: 186.33531pt x 174.45901pt.
 [100 <./imagenes/31Julio_1.png>]
Underfull \hbox (badness 10000) in paragraph at lines 300--303

 []

[101] [102]
Underfull \hbox (badness 10000) in paragraph at lines 431--433

 []

[103])) (Notacion.tex
Ap\'{e}ndice B.

Overfull \hbox (340.46333pt too wide) in paragraph at lines 17--43
[][]
 []


Package natbib Warning: Citation `Neuman' on page 104 undefined on input line 5
4.


Overfull \hbox (55.48686pt too wide) in paragraph at lines 50--58
[][] 
 []

[104

] [105])
No file TesisAmelie.bbl.

Package natbib Warning: There were undefined citations.

(TesisAmelie.aux
LaTeX Info: Redefining \. on input line 23.
LaTeX Info: Redefining \% on input line 23.
)

LaTeX Warning: There were undefined references.


LaTeX Warning: There were multiply-defined labels.

Package rerunfilecheck Info: File `TesisAmelie.out' has not changed.
(rerunfilecheck)             Checksum: FB009E9E862762DAE3CE702903C56E63;14034.
 )
(\end occurred inside a group at level 1)

### simple group (level 1) entered at line 333 ({)
### bottom level 
Here is how much of TeX's memory you used:
 36990 strings out of 475385
 736692 string characters out of 2776908
 1121853 words of memory out of 3000000
 57023 multiletter control sequences out of 15000+600000
 496911 words of font info for 126 fonts, out of 8000000 for 9000
 1141 hyphenation exceptions out of 8191
 104i,19n,107p,1119b,996s stack positions out of 10000i,1000n,20000p,200000b,80000s

pdfTeX warning (dest): name{Hfootnote.6} has been referenced but does not exist
, replaced by a fixed one


pdfTeX warning (dest): name{Hfootnote.5} has been referenced but does not exist
, replaced by a fixed one


pdfTeX warning (dest): name{Hfootnote.4} has been referenced but does not exist
, replaced by a fixed one


pdfTeX warning (dest): name{Hfootnote.3} has been referenced but does not exist
, replaced by a fixed one


pdfTeX warning (dest): name{Hfootnote.1} has been referenced but does not exist
, replaced by a fixed one

{C:/Users/inves/AppData/Local/Programs/MiKTeX/fonts/enc/dvips/cm-super/cm-super
-ts1.enc}<C:/Users/inves/AppData/Local/Programs/MiKTeX/fonts/type1/public/amsfo
nts/cm/cmbx10.pfb><C:/Users/inves/AppData/Local/Programs/MiKTeX/fonts/type1/pub
lic/amsfonts/cm/cmbx12.pfb><C:/Users/inves/AppData/Local/Programs/MiKTeX/fonts/
type1/public/amsfonts/cm/cmbx8.pfb><C:/Users/inves/AppData/Local/Programs/MiKTe
X/fonts/type1/public/amsfonts/cm/cmbxsl10.pfb><C:/Users/inves/AppData/Local/Pro
grams/MiKTeX/fonts/type1/public/amsfonts/cm/cmbxti10.pfb><C:/Users/inves/AppDat
a/Local/Programs/MiKTeX/fonts/type1/public/amsfonts/cm/cmcsc10.pfb><C:/Users/in
ves/AppData/Local/Programs/MiKTeX/fonts/type1/public/amsfonts/cm/cmex10.pfb><C:
/Users/inves/AppData/Local/Programs/MiKTeX/fonts/type1/public/amsfonts/cmextra/
cmex8.pfb><C:/Users/inves/AppData/Local/Programs/MiKTeX/fonts/type1/public/amsf
onts/cm/cmmi10.pfb><C:/Users/inves/AppData/Local/Programs/MiKTeX/fonts/type1/pu
blic/amsfonts/cm/cmmi12.pfb><C:/Users/inves/AppData/Local/Programs/MiKTeX/fonts
/type1/public/amsfonts/cm/cmmi5.pfb><C:/Users/inves/AppData/Local/Programs/MiKT
eX/fonts/type1/public/amsfonts/cm/cmmi6.pfb><C:/Users/inves/AppData/Local/Progr
ams/MiKTeX/fonts/type1/public/amsfonts/cm/cmmi7.pfb><C:/Users/inves/AppData/Loc
al/Programs/MiKTeX/fonts/type1/public/amsfonts/cm/cmmi8.pfb><C:/Users/inves/App
Data/Local/Programs/MiKTeX/fonts/type1/public/amsfonts/cm/cmr10.pfb><C:/Users/i
nves/AppData/Local/Programs/MiKTeX/fonts/type1/public/amsfonts/cm/cmr12.pfb><C:
/Users/inves/AppData/Local/Programs/MiKTeX/fonts/type1/public/amsfonts/cm/cmr17
.pfb><C:/Users/inves/AppData/Local/Programs/MiKTeX/fonts/type1/public/amsfonts/
cm/cmr5.pfb><C:/Users/inves/AppData/Local/Programs/MiKTeX/fonts/type1/public/am
sfonts/cm/cmr6.pfb><C:/Users/inves/AppData/Local/Programs/MiKTeX/fonts/type1/pu
blic/amsfonts/cm/cmr7.pfb><C:/Users/inves/AppData/Local/Programs/MiKTeX/fonts/t
ype1/public/amsfonts/cm/cmr8.pfb><C:/Users/inves/AppData/Local/Programs/MiKTeX/
fonts/type1/public/amsfonts/cm/cmsl10.pfb><C:/Users/inves/AppData/Local/Program
s/MiKTeX/fonts/type1/public/amsfonts/cm/cmssbx10.pfb><C:/Users/inves/AppData/Lo
cal/Programs/MiKTeX/fonts/type1/public/amsfonts/cm/cmsy10.pfb><C:/Users/inves/A
ppData/Local/Programs/MiKTeX/fonts/type1/public/amsfonts/cm/cmsy5.pfb><C:/Users
/inves/AppData/Local/Programs/MiKTeX/fonts/type1/public/amsfonts/cm/cmsy6.pfb><
C:/Users/inves/AppData/Local/Programs/MiKTeX/fonts/type1/public/amsfonts/cm/cms
y7.pfb><C:/Users/inves/AppData/Local/Programs/MiKTeX/fonts/type1/public/amsfont
s/cm/cmsy8.pfb><C:/Users/inves/AppData/Local/Programs/MiKTeX/fonts/type1/public
/amsfonts/cm/cmti10.pfb><C:/Users/inves/AppData/Local/Programs/MiKTeX/fonts/typ
e1/public/amsfonts/cm/cmti8.pfb><C:/Users/inves/AppData/Local/Programs/MiKTeX/f
onts/type1/public/amsfonts/cm/cmtt10.pfb><C:/Users/inves/AppData/Local/Programs
/MiKTeX/fonts/type1/public/amsfonts/symbols/msam10.pfb><C:/Users/inves/AppData/
Local/Programs/MiKTeX/fonts/type1/public/amsfonts/symbols/msam7.pfb><C:/Users/i
nves/AppData/Local/Programs/MiKTeX/fonts/type1/public/amsfonts/symbols/msbm10.p
fb><C:/Users/inves/AppData/Local/Programs/MiKTeX/fonts/type1/public/amsfonts/sy
mbols/msbm7.pfb><C:/Users/inves/AppData/Local/Programs/MiKTeX/fonts/type1/publi
c/cm-super/sfrm1000.pfb><C:/Users/inves/AppData/Local/Programs/MiKTeX/fonts/typ
e1/public/cm-super/sfti1000.pfb>
Output written on TesisAmelie.pdf (105 pages, 5118195 bytes).
PDF statistics:
 1898 PDF objects out of 2073 (max. 8388607)
 525 named destinations out of 1000 (max. 500000)
 729 words of extra memory for PDF output out of 10000 (max. 10000000)

